TN:
SF:src/polyfills.ts
FNF:0
FNH:0
DA:68,1
LF:1
LH:1
BRF:0
BRH:0
end_of_record
TN:
SF:src/app/app.component.ts
FN:16,(anonymous_2)
FNF:1
FNH:1
FNDA:1,(anonymous_2)
DA:15,1
DA:16,1
DA:17,1
LF:3
LH:3
BRDA:16,0,0,1
BRDA:16,0,1,0
BRDA:16,1,0,1
BRDA:16,1,1,1
BRDA:16,2,0,1
BRDA:16,2,1,0
BRDA:16,3,0,1
BRDA:16,3,1,1
BRF:8
BRH:6
end_of_record
TN:
SF:src/app/app.guard.ts
FN:13,(anonymous_2)
FN:15,(anonymous_3)
FN:24,(anonymous_4)
FN:25,(anonymous_5)
FN:31,(anonymous_6)
FN:47,(anonymous_8)
FN:49,(anonymous_9)
FN:63,(anonymous_11)
FN:65,(anonymous_12)
FN:78,(anonymous_14)
FN:80,(anonymous_15)
FNF:11
FNH:11
FNDA:7,(anonymous_2)
FNDA:2,(anonymous_3)
FNDA:1,(anonymous_4)
FNDA:1,(anonymous_5)
FNDA:7,(anonymous_6)
FNDA:5,(anonymous_8)
FNDA:4,(anonymous_9)
FNDA:5,(anonymous_11)
FNDA:4,(anonymous_12)
FNDA:5,(anonymous_14)
FNDA:4,(anonymous_15)
DA:12,1
DA:13,7
DA:16,2
DA:17,1
DA:19,1
DA:20,1
DA:25,1
DA:32,7
DA:33,7
DA:34,7
DA:35,6
DA:36,6
DA:38,5
DA:41,7
DA:46,1
DA:47,5
DA:50,4
DA:51,4
DA:52,4
DA:53,1
DA:55,3
DA:56,3
DA:62,1
DA:63,5
DA:66,4
DA:67,4
DA:68,1
DA:70,3
DA:71,3
DA:77,1
DA:78,5
DA:81,4
DA:82,4
LF:33
LH:33
BRDA:16,0,0,1
BRDA:16,0,1,1
BRDA:24,1,0,0
BRDA:34,2,0,6
BRDA:13,3,0,1
BRDA:13,3,1,0
BRDA:13,4,0,1
BRDA:13,4,1,1
BRDA:13,5,0,1
BRDA:13,5,1,0
BRDA:13,6,0,1
BRDA:13,6,1,1
BRDA:52,7,0,1
BRDA:52,7,1,3
BRDA:52,8,0,4
BRDA:52,8,1,4
BRDA:52,9,0,0
BRDA:52,9,1,4
BRDA:52,10,0,4
BRDA:52,10,1,4
BRDA:47,11,0,1
BRDA:47,11,1,0
BRDA:47,12,0,1
BRDA:47,12,1,1
BRDA:67,13,0,1
BRDA:67,13,1,3
BRDA:67,14,0,4
BRDA:67,14,1,4
BRDA:67,15,0,0
BRDA:67,15,1,4
BRDA:67,16,0,4
BRDA:67,16,1,4
BRDA:63,17,0,1
BRDA:63,17,1,0
BRDA:63,18,0,1
BRDA:63,18,1,1
BRDA:82,19,0,4
BRDA:82,19,1,4
BRDA:82,20,0,0
BRDA:82,20,1,4
BRDA:82,21,0,4
BRDA:82,21,1,4
BRDA:78,22,0,1
BRDA:78,22,1,0
BRDA:78,23,0,1
BRDA:78,23,1,1
BRF:46
BRH:37
end_of_record
TN:
SF:src/app/roles.ts
FNF:0
FNH:0
DA:6,1
LF:1
LH:1
BRF:0
BRH:0
end_of_record
TN:
SF:src/app/Services/address.service.ts
FN:18,(anonymous_2)
FN:20,(anonymous_3)
FN:21,(anonymous_4)
FN:21,(anonymous_5)
FN:24,(anonymous_6)
FN:26,(anonymous_7)
FN:26,(anonymous_8)
FN:29,(anonymous_9)
FN:30,(anonymous_10)
FN:30,(anonymous_11)
FN:33,(anonymous_12)
FN:35,(anonymous_13)
FN:35,(anonymous_14)
FN:38,(anonymous_15)
FN:39,(anonymous_16)
FN:39,(anonymous_17)
FNF:16
FNH:11
FNDA:23,(anonymous_2)
FNDA:18,(anonymous_3)
FNDA:1,(anonymous_4)
FNDA:0,(anonymous_5)
FNDA:1,(anonymous_6)
FNDA:1,(anonymous_7)
FNDA:0,(anonymous_8)
FNDA:1,(anonymous_9)
FNDA:1,(anonymous_10)
FNDA:0,(anonymous_11)
FNDA:1,(anonymous_12)
FNDA:1,(anonymous_13)
FNDA:0,(anonymous_14)
FNDA:1,(anonymous_15)
FNDA:1,(anonymous_16)
FNDA:0,(anonymous_17)
DA:14,1
DA:15,23
DA:16,23
DA:18,23
DA:21,18
DA:26,1
DA:30,1
DA:35,1
DA:39,1
LF:9
LH:9
BRDA:18,0,0,1
BRDA:18,0,1,0
BRDA:18,1,0,1
BRDA:18,1,1,1
BRF:4
BRH:3
end_of_record
TN:
SF:src/app/Services/administration.service.ts
FN:18,(anonymous_2)
FN:20,(anonymous_3)
FN:22,(anonymous_4)
FN:23,(anonymous_5)
FNF:4
FNH:3
FNDA:3,(anonymous_2)
FNDA:3,(anonymous_3)
FNDA:1,(anonymous_4)
FNDA:0,(anonymous_5)
DA:14,1
DA:15,3
DA:16,3
DA:18,3
DA:21,3
DA:22,1
DA:23,0
LF:7
LH:6
BRDA:18,0,0,1
BRDA:18,0,1,0
BRDA:18,1,0,1
BRDA:18,1,1,1
BRF:4
BRH:3
end_of_record
TN:
SF:src/app/Services/basket.service.ts
FN:26,(anonymous_2)
FN:28,(anonymous_3)
FN:29,(anonymous_4)
FN:29,(anonymous_5)
FN:32,(anonymous_6)
FN:33,(anonymous_7)
FN:33,(anonymous_8)
FN:36,(anonymous_9)
FN:37,(anonymous_10)
FN:37,(anonymous_11)
FN:40,(anonymous_12)
FN:41,(anonymous_13)
FN:41,(anonymous_14)
FN:44,(anonymous_15)
FN:45,(anonymous_16)
FN:45,(anonymous_17)
FN:48,(anonymous_18)
FN:49,(anonymous_19)
FN:49,(anonymous_20)
FN:52,(anonymous_21)
FN:53,(anonymous_22)
FN:53,(anonymous_23)
FN:56,(anonymous_24)
FN:57,(anonymous_25)
FN:59,(anonymous_26)
FN:60,(anonymous_27)
FN:63,(anonymous_28)
FNF:27
FNH:17
FNDA:58,(anonymous_2)
FNDA:9,(anonymous_3)
FNDA:1,(anonymous_4)
FNDA:0,(anonymous_5)
FNDA:1,(anonymous_6)
FNDA:1,(anonymous_7)
FNDA:0,(anonymous_8)
FNDA:1,(anonymous_9)
FNDA:1,(anonymous_10)
FNDA:0,(anonymous_11)
FNDA:1,(anonymous_12)
FNDA:1,(anonymous_13)
FNDA:0,(anonymous_14)
FNDA:1,(anonymous_15)
FNDA:1,(anonymous_16)
FNDA:0,(anonymous_17)
FNDA:1,(anonymous_18)
FNDA:1,(anonymous_19)
FNDA:0,(anonymous_20)
FNDA:1,(anonymous_21)
FNDA:1,(anonymous_22)
FNDA:0,(anonymous_23)
FNDA:4,(anonymous_24)
FNDA:0,(anonymous_25)
FNDA:0,(anonymous_26)
FNDA:0,(anonymous_27)
FNDA:40,(anonymous_28)
DA:21,1
DA:22,58
DA:23,58
DA:24,58
DA:26,58
DA:29,9
DA:33,1
DA:37,1
DA:41,1
DA:45,1
DA:49,1
DA:53,1
DA:57,4
DA:59,0
DA:60,0
DA:64,40
LF:16
LH:14
BRDA:26,0,0,1
BRDA:26,0,1,0
BRDA:26,1,0,1
BRDA:26,1,1,1
BRF:4
BRH:3
end_of_record
TN:
SF:src/app/Services/captcha.service.ts
FN:18,(anonymous_2)
FN:20,(anonymous_3)
FN:21,(anonymous_4)
FNF:3
FNH:2
FNDA:2,(anonymous_2)
FNDA:1,(anonymous_3)
FNDA:0,(anonymous_4)
DA:14,1
DA:15,2
DA:16,2
DA:18,2
DA:21,1
LF:5
LH:5
BRDA:18,0,0,1
BRDA:18,0,1,0
BRDA:18,1,0,1
BRDA:18,1,1,1
BRF:4
BRH:3
end_of_record
TN:
SF:src/app/Services/challenge.service.ts
FN:17,(anonymous_2)
FN:19,(anonymous_3)
FN:20,(anonymous_4)
FN:20,(anonymous_5)
FN:23,(anonymous_6)
FN:24,(anonymous_7)
FN:27,(anonymous_8)
FN:28,(anonymous_9)
FN:28,(anonymous_10)
FN:31,(anonymous_11)
FN:32,(anonymous_12)
FN:32,(anonymous_13)
FN:35,(anonymous_14)
FN:36,(anonymous_15)
FN:36,(anonymous_16)
FN:39,(anonymous_17)
FN:40,(anonymous_18)
FN:40,(anonymous_19)
FN:43,(anonymous_20)
FN:44,(anonymous_21)
FN:44,(anonymous_22)
FN:47,(anonymous_23)
FN:48,(anonymous_24)
FN:48,(anonymous_25)
FNF:24
FNH:16
FNDA:10,(anonymous_2)
FNDA:3,(anonymous_3)
FNDA:1,(anonymous_4)
FNDA:0,(anonymous_5)
FNDA:1,(anonymous_6)
FNDA:0,(anonymous_7)
FNDA:1,(anonymous_8)
FNDA:1,(anonymous_9)
FNDA:0,(anonymous_10)
FNDA:1,(anonymous_11)
FNDA:1,(anonymous_12)
FNDA:0,(anonymous_13)
FNDA:1,(anonymous_14)
FNDA:1,(anonymous_15)
FNDA:0,(anonymous_16)
FNDA:1,(anonymous_17)
FNDA:1,(anonymous_18)
FNDA:0,(anonymous_19)
FNDA:1,(anonymous_20)
FNDA:1,(anonymous_21)
FNDA:0,(anonymous_22)
FNDA:1,(anonymous_23)
FNDA:1,(anonymous_24)
FNDA:0,(anonymous_25)
DA:14,1
DA:15,10
DA:16,10
DA:17,10
DA:20,3
DA:24,1
DA:28,1
DA:32,1
DA:36,1
DA:40,1
DA:44,1
DA:48,1
LF:12
LH:12
BRDA:17,0,0,1
BRDA:17,0,1,0
BRDA:17,1,0,1
BRDA:17,1,1,1
BRF:4
BRH:3
end_of_record
TN:
SF:src/app/Services/chatbot.service.ts
FN:18,(anonymous_2)
FN:20,(anonymous_3)
FN:21,(anonymous_4)
FN:21,(anonymous_5)
FN:24,(anonymous_6)
FN:25,(anonymous_7)
FN:25,(anonymous_8)
FNF:7
FNH:5
FNDA:3,(anonymous_2)
FNDA:1,(anonymous_3)
FNDA:1,(anonymous_4)
FNDA:0,(anonymous_5)
FNDA:1,(anonymous_6)
FNDA:1,(anonymous_7)
FNDA:0,(anonymous_8)
DA:14,1
DA:15,3
DA:16,3
DA:18,3
DA:21,1
DA:25,1
LF:6
LH:6
BRDA:18,0,0,1
BRDA:18,0,1,0
BRDA:18,1,0,1
BRDA:18,1,1,1
BRF:4
BRH:3
end_of_record
TN:
SF:src/app/Services/code-fixes.service.ts
FN:25,(anonymous_2)
FN:27,(anonymous_3)
FN:28,(anonymous_4)
FN:28,(anonymous_5)
FN:31,(anonymous_6)
FN:35,(anonymous_7)
FN:35,(anonymous_8)
FNF:7
FNH:5
FNDA:3,(anonymous_2)
FNDA:1,(anonymous_3)
FNDA:1,(anonymous_4)
FNDA:0,(anonymous_5)
FNDA:1,(anonymous_6)
FNDA:1,(anonymous_7)
FNDA:0,(anonymous_8)
DA:21,1
DA:22,3
DA:23,3
DA:25,3
DA:28,1
DA:32,1
DA:35,1
LF:7
LH:7
BRDA:25,0,0,1
BRDA:25,0,1,0
BRDA:25,1,0,1
BRDA:25,1,1,1
BRF:4
BRH:3
end_of_record
TN:
SF:src/app/Services/code-snippet.service.ts
FN:28,(anonymous_2)
FN:30,(anonymous_3)
FN:31,(anonymous_4)
FN:31,(anonymous_5)
FN:34,(anonymous_6)
FN:35,(anonymous_7)
FN:35,(anonymous_8)
FNF:7
FNH:5
FNDA:3,(anonymous_2)
FNDA:1,(anonymous_3)
FNDA:1,(anonymous_4)
FNDA:0,(anonymous_5)
FNDA:1,(anonymous_6)
FNDA:1,(anonymous_7)
FNDA:0,(anonymous_8)
DA:24,1
DA:25,3
DA:26,3
DA:28,3
DA:31,1
DA:35,1
LF:6
LH:6
BRDA:28,0,0,1
BRDA:28,0,1,0
BRDA:28,1,0,1
BRDA:28,1,1,1
BRF:4
BRH:3
end_of_record
TN:
SF:src/app/Services/complaint.service.ts
FN:17,(anonymous_2)
FN:19,(anonymous_3)
FN:20,(anonymous_4)
FN:20,(anonymous_5)
FNF:4
FNH:3
FNDA:2,(anonymous_2)
FNDA:1,(anonymous_3)
FNDA:1,(anonymous_4)
FNDA:0,(anonymous_5)
DA:14,1
DA:15,2
DA:16,2
DA:17,2
DA:20,1
LF:5
LH:5
BRDA:17,0,0,1
BRDA:17,0,1,0
BRDA:17,1,0,1
BRDA:17,1,1,1
BRF:4
BRH:3
end_of_record
TN:
SF:src/app/Services/configuration.service.ts
FN:106,(anonymous_2)
FN:108,(anonymous_3)
FN:112,(anonymous_4)
FN:112,(anonymous_5)
FNF:4
FNH:3
FNDA:18,(anonymous_2)
FNDA:23,(anonymous_3)
FNDA:1,(anonymous_4)
FNDA:0,(anonymous_5)
DA:102,1
DA:103,18
DA:104,18
DA:106,18
DA:109,23
DA:110,5
DA:112,17
DA:113,17
LF:8
LH:8
BRDA:109,0,0,5
BRDA:109,0,1,17
BRDA:106,1,0,1
BRDA:106,1,1,0
BRDA:106,2,0,1
BRDA:106,2,1,1
BRF:6
BRH:5
end_of_record
TN:
SF:src/app/Services/country-mapping.service.ts
FN:16,(anonymous_2)
FN:18,(anonymous_3)
FN:19,(anonymous_4)
FNF:3
FNH:2
FNDA:15,(anonymous_2)
FNDA:1,(anonymous_3)
FNDA:0,(anonymous_4)
DA:14,1
DA:15,15
DA:16,15
DA:19,1
LF:4
LH:4
BRDA:16,0,0,1
BRDA:16,0,1,0
BRDA:16,1,0,1
BRDA:16,1,1,1
BRF:4
BRH:3
end_of_record
TN:
SF:src/app/Services/data-subject.service.ts
FN:19,(anonymous_2)
FN:21,(anonymous_3)
FN:22,(anonymous_4)
FN:26,(anonymous_5)
FN:27,(anonymous_6)
FNF:5
FNH:3
FNDA:3,(anonymous_2)
FNDA:1,(anonymous_3)
FNDA:0,(anonymous_4)
FNDA:1,(anonymous_5)
FNDA:0,(anonymous_6)
DA:15,1
DA:16,3
DA:17,3
DA:19,3
DA:22,1
DA:27,1
LF:6
LH:6
BRDA:19,0,0,1
BRDA:19,0,1,0
BRDA:19,1,0,1
BRDA:19,1,1,1
BRF:4
BRH:3
end_of_record
TN:
SF:src/app/Services/delivery.service.ts
FN:29,(anonymous_2)
FN:31,(anonymous_3)
FN:32,(anonymous_4)
FN:32,(anonymous_5)
FN:35,(anonymous_6)
FN:37,(anonymous_7)
FN:37,(anonymous_8)
FNF:7
FNH:5
FNDA:3,(anonymous_2)
FNDA:1,(anonymous_3)
FNDA:1,(anonymous_4)
FNDA:0,(anonymous_5)
FNDA:1,(anonymous_6)
FNDA:1,(anonymous_7)
FNDA:0,(anonymous_8)
DA:25,1
DA:26,3
DA:27,3
DA:29,3
DA:32,1
DA:37,1
LF:6
LH:6
BRDA:29,0,0,1
BRDA:29,0,1,0
BRDA:29,1,0,1
BRDA:29,1,1,1
BRF:4
BRH:3
end_of_record
TN:
SF:src/app/Services/feedback.service.ts
FN:18,(anonymous_2)
FN:20,(anonymous_3)
FN:23,(anonymous_4)
FN:23,(anonymous_5)
FN:26,(anonymous_6)
FN:27,(anonymous_7)
FN:27,(anonymous_8)
FN:30,(anonymous_9)
FN:31,(anonymous_10)
FN:31,(anonymous_11)
FNF:10
FNH:7
FNDA:10,(anonymous_2)
FNDA:12,(anonymous_3)
FNDA:1,(anonymous_4)
FNDA:0,(anonymous_5)
FNDA:1,(anonymous_6)
FNDA:1,(anonymous_7)
FNDA:0,(anonymous_8)
FNDA:1,(anonymous_9)
FNDA:1,(anonymous_10)
FNDA:0,(anonymous_11)
DA:14,1
DA:15,10
DA:16,10
DA:18,10
DA:21,12
DA:23,1
DA:27,1
DA:31,1
LF:8
LH:8
BRDA:18,0,0,1
BRDA:18,0,1,0
BRDA:18,1,0,1
BRDA:18,1,1,1
BRF:4
BRH:3
end_of_record
TN:
SF:src/app/Services/form-submit.service.ts
FN:13,(anonymous_2)
FN:15,(anonymous_3)
FN:19,(anonymous_4)
FNF:3
FNH:2
FNDA:98,(anonymous_2)
FNDA:118,(anonymous_3)
FNDA:0,(anonymous_4)
DA:12,1
DA:13,98
DA:16,118
DA:17,118
DA:19,118
DA:20,0
DA:22,0
DA:23,0
LF:8
LH:5
BRDA:22,0,0,0
BRDA:22,1,0,0
BRDA:22,1,1,0
BRDA:13,2,0,1
BRDA:13,2,1,0
BRDA:13,3,0,1
BRDA:13,3,1,1
BRF:7
BRH:3
end_of_record
TN:
SF:src/app/Services/image-captcha.service.ts
FN:17,(anonymous_2)
FN:19,(anonymous_3)
FN:20,(anonymous_4)
FNF:3
FNH:2
FNDA:2,(anonymous_2)
FNDA:1,(anonymous_3)
FNDA:0,(anonymous_4)
DA:14,1
DA:15,2
DA:17,2
DA:20,1
LF:4
LH:4
BRDA:17,0,0,1
BRDA:17,0,1,0
BRDA:17,1,0,1
BRDA:17,1,1,1
BRF:4
BRH:3
end_of_record
TN:
SF:src/app/Services/languages.service.ts
FN:16,(anonymous_2)
FN:18,(anonymous_3)
FN:19,(anonymous_4)
FNF:3
FNH:2
FNDA:28,(anonymous_2)
FNDA:41,(anonymous_3)
FNDA:0,(anonymous_4)
DA:14,1
DA:15,28
DA:16,28
DA:19,41
LF:4
LH:4
BRDA:16,0,0,1
BRDA:16,0,1,0
BRDA:16,1,0,1
BRDA:16,1,1,1
BRF:4
BRH:3
end_of_record
TN:
SF:src/app/Services/local-backup.service.ts
FN:21,(anonymous_2)
FN:23,(anonymous_3)
FN:46,(anonymous_4)
FN:47,(anonymous_5)
FN:66,(anonymous_6)
FN:70,(anonymous_7)
FN:72,(anonymous_8)
FN:77,(anonymous_9)
FN:82,(anonymous_10)
FN:92,(anonymous_11)
FNF:10
FNH:7
FNDA:4,(anonymous_2)
FNDA:1,(anonymous_3)
FNDA:2,(anonymous_4)
FNDA:2,(anonymous_5)
FNDA:0,(anonymous_6)
FNDA:0,(anonymous_7)
FNDA:0,(anonymous_8)
FNDA:1,(anonymous_9)
FNDA:6,(anonymous_10)
FNDA:5,(anonymous_11)
DA:18,1
DA:19,4
DA:21,4
DA:24,1
DA:26,1
DA:33,1
DA:37,1
DA:38,1
DA:39,1
DA:40,1
DA:42,1
DA:43,1
DA:47,2
DA:48,2
DA:50,2
DA:51,1
DA:52,1
DA:53,1
DA:54,1
DA:55,1
DA:56,1
DA:57,1
DA:58,1
DA:59,1
DA:60,1
DA:61,1
DA:63,1
DA:66,1
DA:67,0
DA:68,0
DA:69,0
DA:70,0
DA:71,0
DA:72,0
DA:75,1
DA:78,1
DA:83,6
DA:84,1
DA:85,1
DA:86,1
DA:88,5
DA:93,5
DA:94,0
DA:96,5
LF:44
LH:37
BRDA:23,0,0,1
BRDA:27,1,0,0
BRDA:27,1,1,1
BRDA:28,2,0,0
BRDA:28,2,1,1
BRDA:29,3,0,0
BRDA:29,3,1,1
BRDA:30,4,0,0
BRDA:30,4,1,1
BRDA:31,5,0,0
BRDA:31,5,1,1
BRDA:34,6,0,0
BRDA:34,6,1,1
BRDA:35,7,0,0
BRDA:35,7,1,1
BRDA:37,8,0,1
BRDA:37,8,1,0
BRDA:38,9,0,0
BRDA:38,9,1,1
BRDA:39,10,0,0
BRDA:39,10,1,1
BRDA:40,11,0,0
BRDA:40,11,1,1
BRDA:50,12,0,1
BRDA:50,12,1,1
BRDA:51,13,0,1
BRDA:51,13,1,0
BRDA:51,14,0,1
BRDA:51,14,1,1
BRDA:52,15,0,1
BRDA:52,15,1,0
BRDA:52,16,0,1
BRDA:52,16,1,1
BRDA:53,17,0,1
BRDA:53,17,1,0
BRDA:53,18,0,1
BRDA:53,18,1,1
BRDA:54,19,0,1
BRDA:54,19,1,0
BRDA:54,20,0,1
BRDA:54,20,1,1
BRDA:55,21,0,1
BRDA:55,21,1,0
BRDA:55,22,0,1
BRDA:55,22,1,1
BRDA:56,23,0,1
BRDA:56,23,1,0
BRDA:56,24,0,1
BRDA:56,24,1,1
BRDA:57,25,0,1
BRDA:57,25,1,0
BRDA:57,26,0,1
BRDA:57,26,1,1
BRDA:67,27,0,0
BRDA:67,27,1,0
BRDA:68,28,0,0
BRDA:68,28,1,0
BRDA:69,29,0,0
BRDA:69,29,1,0
BRDA:83,30,0,1
BRDA:83,30,1,5
BRDA:93,31,0,0
BRDA:93,31,1,5
BRDA:21,32,0,1
BRDA:21,32,1,0
BRDA:21,33,0,1
BRDA:21,33,1,1
BRDA:21,34,0,1
BRDA:21,34,1,0
BRDA:21,35,0,1
BRDA:21,35,1,1
BRDA:21,36,0,1
BRDA:21,36,1,0
BRDA:21,37,0,1
BRDA:21,37,1,1
BRDA:21,38,0,1
BRDA:21,38,1,0
BRDA:21,39,0,1
BRDA:21,39,1,1
BRF:79
BRH:50
end_of_record
TN:
SF:src/app/Services/order-history.service.ts
FN:18,(anonymous_2)
FN:20,(anonymous_3)
FN:21,(anonymous_4)
FN:21,(anonymous_5)
FN:24,(anonymous_6)
FN:25,(anonymous_7)
FN:25,(anonymous_8)
FN:28,(anonymous_9)
FN:29,(anonymous_10)
FN:29,(anonymous_11)
FNF:10
FNH:7
FNDA:4,(anonymous_2)
FNDA:1,(anonymous_3)
FNDA:1,(anonymous_4)
FNDA:0,(anonymous_5)
FNDA:1,(anonymous_6)
FNDA:1,(anonymous_7)
FNDA:0,(anonymous_8)
FNDA:1,(anonymous_9)
FNDA:1,(anonymous_10)
FNDA:0,(anonymous_11)
DA:14,1
DA:15,4
DA:16,4
DA:18,4
DA:21,1
DA:25,1
DA:29,1
LF:7
LH:7
BRDA:18,0,0,1
BRDA:18,0,1,0
BRDA:18,1,0,1
BRDA:18,1,1,1
BRF:4
BRH:3
end_of_record
TN:
SF:src/app/Services/payment.service.ts
FN:18,(anonymous_2)
FN:20,(anonymous_3)
FN:21,(anonymous_4)
FN:21,(anonymous_5)
FN:24,(anonymous_6)
FN:26,(anonymous_7)
FN:26,(anonymous_8)
FN:29,(anonymous_9)
FN:30,(anonymous_10)
FN:30,(anonymous_11)
FN:33,(anonymous_12)
FN:34,(anonymous_13)
FN:34,(anonymous_14)
FNF:13
FNH:9
FNDA:29,(anonymous_2)
FNDA:25,(anonymous_3)
FNDA:1,(anonymous_4)
FNDA:0,(anonymous_5)
FNDA:1,(anonymous_6)
FNDA:1,(anonymous_7)
FNDA:0,(anonymous_8)
FNDA:1,(anonymous_9)
FNDA:1,(anonymous_10)
FNDA:0,(anonymous_11)
FNDA:1,(anonymous_12)
FNDA:1,(anonymous_13)
FNDA:0,(anonymous_14)
DA:14,1
DA:15,29
DA:16,29
DA:18,29
DA:21,25
DA:26,1
DA:30,1
DA:34,1
LF:8
LH:8
BRDA:18,0,0,1
BRDA:18,0,1,0
BRDA:18,1,0,1
BRDA:18,1,1,1
BRF:4
BRH:3
end_of_record
TN:
SF:src/app/Services/photo-wall.service.ts
FN:18,(anonymous_2)
FN:20,(anonymous_3)
FN:24,(anonymous_4)
FN:24,(anonymous_5)
FN:27,(anonymous_6)
FN:28,(anonymous_7)
FN:28,(anonymous_8)
FNF:7
FNH:5
FNDA:3,(anonymous_2)
FNDA:1,(anonymous_3)
FNDA:1,(anonymous_4)
FNDA:0,(anonymous_5)
FNDA:1,(anonymous_6)
FNDA:1,(anonymous_7)
FNDA:0,(anonymous_8)
DA:14,1
DA:15,3
DA:16,3
DA:18,3
DA:21,1
DA:22,1
DA:23,1
DA:24,1
DA:28,1
LF:9
LH:9
BRDA:18,0,0,1
BRDA:18,0,1,0
BRDA:18,1,0,1
BRDA:18,1,1,1
BRF:4
BRH:3
end_of_record
TN:
SF:src/app/Services/product-review.service.ts
FN:18,(anonymous_2)
FN:20,(anonymous_3)
FN:22,(anonymous_4)
FN:22,(anonymous_5)
FN:28,(anonymous_6)
FN:29,(anonymous_7)
FN:30,(anonymous_8)
FN:34,(anonymous_9)
FN:35,(anonymous_10)
FN:35,(anonymous_11)
FN:38,(anonymous_12)
FN:39,(anonymous_13)
FN:39,(anonymous_14)
FNF:13
FNH:7
FNDA:4,(anonymous_2)
FNDA:1,(anonymous_3)
FNDA:1,(anonymous_4)
FNDA:0,(anonymous_5)
FNDA:1,(anonymous_6)
FNDA:1,(anonymous_7)
FNDA:0,(anonymous_8)
FNDA:1,(anonymous_9)
FNDA:1,(anonymous_10)
FNDA:0,(anonymous_11)
FNDA:0,(anonymous_12)
FNDA:0,(anonymous_13)
FNDA:0,(anonymous_14)
DA:14,1
DA:15,4
DA:16,4
DA:18,4
DA:21,1
DA:22,1
DA:23,0
DA:29,1
DA:30,0
DA:35,1
DA:39,0
LF:11
LH:8
BRDA:18,0,0,1
BRDA:18,0,1,0
BRDA:18,1,0,1
BRDA:18,1,1,1
BRF:4
BRH:3
end_of_record
TN:
SF:src/app/Services/product.service.ts
FN:18,(anonymous_2)
FN:20,(anonymous_3)
FN:21,(anonymous_4)
FN:21,(anonymous_5)
FN:24,(anonymous_6)
FN:25,(anonymous_7)
FN:25,(anonymous_8)
FN:28,(anonymous_9)
FN:29,(anonymous_10)
FN:30,(anonymous_11)
FN:33,(anonymous_12)
FN:34,(anonymous_13)
FN:34,(anonymous_14)
FNF:13
FNH:7
FNDA:4,(anonymous_2)
FNDA:1,(anonymous_3)
FNDA:1,(anonymous_4)
FNDA:0,(anonymous_5)
FNDA:1,(anonymous_6)
FNDA:1,(anonymous_7)
FNDA:0,(anonymous_8)
FNDA:1,(anonymous_9)
FNDA:1,(anonymous_10)
FNDA:0,(anonymous_11)
FNDA:0,(anonymous_12)
FNDA:0,(anonymous_13)
FNDA:0,(anonymous_14)
DA:14,1
DA:15,4
DA:16,4
DA:18,4
DA:21,1
DA:25,1
DA:29,1
DA:30,1
DA:34,0
LF:9
LH:8
BRDA:18,0,0,1
BRDA:18,0,1,0
BRDA:18,1,0,1
BRDA:18,1,1,1
BRF:4
BRH:3
end_of_record
TN:
SF:src/app/Services/quantity.service.ts
FN:18,(anonymous_2)
FN:20,(anonymous_3)
FN:21,(anonymous_4)
FN:21,(anonymous_5)
FN:24,(anonymous_6)
FN:25,(anonymous_7)
FN:25,(anonymous_8)
FNF:7
FNH:5
FNDA:3,(anonymous_2)
FNDA:1,(anonymous_3)
FNDA:1,(anonymous_4)
FNDA:0,(anonymous_5)
FNDA:1,(anonymous_6)
FNDA:1,(anonymous_7)
FNDA:0,(anonymous_8)
DA:14,1
DA:15,3
DA:16,3
DA:18,3
DA:21,1
DA:25,1
LF:6
LH:6
BRDA:18,0,0,1
BRDA:18,0,1,0
BRDA:18,1,0,1
BRDA:18,1,1,1
BRF:4
BRH:3
end_of_record
TN:
SF:src/app/Services/recycle.service.ts
FN:18,(anonymous_2)
FN:20,(anonymous_3)
FN:23,(anonymous_4)
FN:23,(anonymous_5)
FN:26,(anonymous_6)
FN:27,(anonymous_7)
FN:27,(anonymous_8)
FNF:7
FNH:5
FNDA:3,(anonymous_2)
FNDA:1,(anonymous_3)
FNDA:1,(anonymous_4)
FNDA:0,(anonymous_5)
FNDA:1,(anonymous_6)
FNDA:1,(anonymous_7)
FNDA:0,(anonymous_8)
DA:14,1
DA:15,3
DA:16,3
DA:18,3
DA:21,1
DA:23,1
DA:27,1
LF:7
LH:7
BRDA:18,0,0,1
BRDA:18,0,1,0
BRDA:18,1,0,1
BRDA:18,1,1,1
BRF:4
BRH:3
end_of_record
TN:
SF:src/app/Services/security-answer.service.ts
FN:18,(anonymous_2)
FN:20,(anonymous_3)
FN:22,(anonymous_4)
FN:23,(anonymous_5)
FNF:4
FNH:3
FNDA:2,(anonymous_2)
FNDA:1,(anonymous_3)
FNDA:1,(anonymous_4)
FNDA:0,(anonymous_5)
DA:14,1
DA:15,2
DA:16,2
DA:18,2
DA:21,1
DA:22,1
DA:23,0
LF:7
LH:6
BRDA:18,0,0,1
BRDA:18,0,1,0
BRDA:18,1,0,1
BRDA:18,1,1,1
BRF:4
BRH:3
end_of_record
TN:
SF:src/app/Services/security-question.service.ts
FN:18,(anonymous_2)
FN:20,(anonymous_3)
FN:21,(anonymous_4)
FN:21,(anonymous_5)
FN:24,(anonymous_6)
FN:26,(anonymous_7)
FN:27,(anonymous_8)
FNF:7
FNH:5
FNDA:3,(anonymous_2)
FNDA:1,(anonymous_3)
FNDA:1,(anonymous_4)
FNDA:0,(anonymous_5)
FNDA:1,(anonymous_6)
FNDA:1,(anonymous_7)
FNDA:0,(anonymous_8)
DA:14,1
DA:15,3
DA:16,3
DA:18,3
DA:21,1
DA:25,1
DA:26,1
DA:27,0
LF:8
LH:7
BRDA:18,0,0,1
BRDA:18,0,1,0
BRDA:18,1,0,1
BRDA:18,1,1,1
BRF:4
BRH:3
end_of_record
TN:
SF:src/app/Services/snack-bar-helper.service.ts
FN:14,(anonymous_2)
FN:17,(anonymous_3)
FN:18,(anonymous_4)
FN:23,(anonymous_5)
FNF:4
FNH:3
FNDA:219,(anonymous_2)
FNDA:48,(anonymous_3)
FNDA:48,(anonymous_4)
FNDA:0,(anonymous_5)
DA:13,1
DA:14,219
DA:15,219
DA:18,48
DA:19,48
DA:24,0
LF:6
LH:5
BRDA:14,0,0,1
BRDA:14,0,1,0
BRDA:14,1,0,1
BRDA:14,1,1,1
BRDA:14,2,0,1
BRDA:14,2,1,0
BRDA:14,3,0,1
BRDA:14,3,1,1
BRF:8
BRH:6
end_of_record
TN:
SF:src/app/Services/socket-io.service.ts
FN:16,(anonymous_2)
FN:17,(anonymous_3)
FN:28,(anonymous_4)
FNF:3
FNH:3
FNDA:7,(anonymous_2)
FNDA:7,(anonymous_3)
FNDA:4,(anonymous_4)
DA:13,1
DA:16,7
DA:17,7
DA:18,7
DA:19,0
DA:23,7
DA:29,4
LF:7
LH:6
BRDA:18,0,0,0
BRDA:18,0,1,7
BRDA:20,1,0,0
BRDA:20,1,1,0
BRDA:16,2,0,1
BRDA:16,2,1,0
BRDA:16,3,0,1
BRDA:16,3,1,1
BRF:8
BRH:4
end_of_record
TN:
SF:src/app/Services/track-order.service.ts
FN:18,(anonymous_2)
FN:20,(anonymous_3)
FN:22,(anonymous_4)
FN:22,(anonymous_5)
FNF:4
FNH:3
FNDA:2,(anonymous_2)
FNDA:1,(anonymous_3)
FNDA:1,(anonymous_4)
FNDA:0,(anonymous_5)
DA:14,1
DA:15,2
DA:16,2
DA:18,2
DA:21,1
DA:22,1
LF:6
LH:6
BRDA:18,0,0,1
BRDA:18,0,1,0
BRDA:18,1,0,1
BRDA:18,1,1,1
BRF:4
BRH:3
end_of_record
TN:
SF:src/app/Services/two-factor-auth-service.ts
FN:33,(anonymous_2)
FN:35,(anonymous_3)
FN:39,(anonymous_4)
FN:39,(anonymous_5)
FN:42,(anonymous_6)
FN:44,(anonymous_7)
FN:44,(anonymous_8)
FN:47,(anonymous_9)
FN:52,(anonymous_10)
FN:52,(anonymous_11)
FN:55,(anonymous_12)
FN:57,(anonymous_13)
FN:57,(anonymous_14)
FNF:13
FNH:9
FNDA:5,(anonymous_2)
FNDA:1,(anonymous_3)
FNDA:1,(anonymous_4)
FNDA:0,(anonymous_5)
FNDA:1,(anonymous_6)
FNDA:1,(anonymous_7)
FNDA:0,(anonymous_8)
FNDA:1,(anonymous_9)
FNDA:1,(anonymous_10)
FNDA:0,(anonymous_11)
FNDA:1,(anonymous_12)
FNDA:1,(anonymous_13)
FNDA:0,(anonymous_14)
DA:32,1
DA:33,5
DA:36,1
DA:39,1
DA:43,1
DA:44,1
DA:48,1
DA:52,1
DA:56,1
DA:57,1
LF:10
LH:10
BRDA:33,0,0,1
BRDA:33,0,1,0
BRDA:33,1,0,1
BRDA:33,1,1,1
BRF:4
BRH:3
end_of_record
TN:
SF:src/app/Services/user.service.ts
FN:26,(anonymous_2)
FN:28,(anonymous_3)
FN:29,(anonymous_4)
FN:30,(anonymous_5)
FN:33,(anonymous_6)
FN:34,(anonymous_7)
FN:34,(anonymous_8)
FN:37,(anonymous_9)
FN:39,(anonymous_10)
FN:40,(anonymous_11)
FN:44,(anonymous_12)
FN:46,(anonymous_13)
FN:46,(anonymous_14)
FN:49,(anonymous_15)
FN:53,(anonymous_16)
FN:55,(anonymous_17)
FN:55,(anonymous_18)
FN:58,(anonymous_19)
FN:59,(anonymous_20)
FN:59,(anonymous_21)
FN:62,(anonymous_22)
FN:63,(anonymous_23)
FN:63,(anonymous_24)
FN:66,(anonymous_25)
FN:70,(anonymous_26)
FN:71,(anonymous_27)
FN:71,(anonymous_28)
FN:74,(anonymous_29)
FN:75,(anonymous_30)
FN:75,(anonymous_31)
FN:78,(anonymous_32)
FN:79,(anonymous_33)
FN:79,(anonymous_34)
FNF:33
FNH:20
FNDA:28,(anonymous_2)
FNDA:1,(anonymous_3)
FNDA:1,(anonymous_4)
FNDA:0,(anonymous_5)
FNDA:1,(anonymous_6)
FNDA:1,(anonymous_7)
FNDA:0,(anonymous_8)
FNDA:1,(anonymous_9)
FNDA:1,(anonymous_10)
FNDA:0,(anonymous_11)
FNDA:1,(anonymous_12)
FNDA:1,(anonymous_13)
FNDA:0,(anonymous_14)
FNDA:2,(anonymous_15)
FNDA:1,(anonymous_16)
FNDA:1,(anonymous_17)
FNDA:0,(anonymous_18)
FNDA:1,(anonymous_19)
FNDA:1,(anonymous_20)
FNDA:0,(anonymous_21)
FNDA:20,(anonymous_22)
FNDA:1,(anonymous_23)
FNDA:0,(anonymous_24)
FNDA:0,(anonymous_25)
FNDA:0,(anonymous_26)
FNDA:0,(anonymous_27)
FNDA:0,(anonymous_28)
FNDA:1,(anonymous_29)
FNDA:1,(anonymous_30)
FNDA:0,(anonymous_31)
FNDA:1,(anonymous_32)
FNDA:1,(anonymous_33)
FNDA:0,(anonymous_34)
DA:21,1
DA:22,28
DA:23,28
DA:24,28
DA:26,28
DA:29,1
DA:30,1
DA:34,1
DA:38,1
DA:39,1
DA:40,0
DA:45,1
DA:46,1
DA:50,2
DA:54,1
DA:55,1
DA:59,1
DA:63,20
DA:67,0
DA:71,0
DA:75,1
DA:79,1
LF:22
LH:19
BRDA:26,0,0,1
BRDA:26,0,1,0
BRDA:26,1,0,1
BRDA:26,1,1,1
BRF:4
BRH:3
end_of_record
TN:
SF:src/app/Services/vuln-lines.service.ts
FN:18,(anonymous_2)
FN:20,(anonymous_3)
FN:24,(anonymous_4)
FN:24,(anonymous_5)
FNF:4
FNH:3
FNDA:2,(anonymous_2)
FNDA:1,(anonymous_3)
FNDA:1,(anonymous_4)
FNDA:0,(anonymous_5)
DA:14,1
DA:15,2
DA:16,2
DA:18,2
DA:21,1
DA:24,1
LF:6
LH:6
BRDA:18,0,0,1
BRDA:18,0,1,0
BRDA:18,1,0,1
BRDA:18,1,1,1
BRF:4
BRH:3
end_of_record
TN:
SF:src/app/Services/wallet.service.ts
FN:18,(anonymous_2)
FN:20,(anonymous_3)
FN:21,(anonymous_4)
FN:21,(anonymous_5)
FN:24,(anonymous_6)
FN:25,(anonymous_7)
FN:25,(anonymous_8)
FNF:7
FNH:5
FNDA:3,(anonymous_2)
FNDA:1,(anonymous_3)
FNDA:1,(anonymous_4)
FNDA:0,(anonymous_5)
FNDA:1,(anonymous_6)
FNDA:1,(anonymous_7)
FNDA:0,(anonymous_8)
DA:14,1
DA:15,3
DA:16,3
DA:18,3
DA:21,1
DA:25,1
LF:6
LH:6
BRDA:18,0,0,1
BRDA:18,0,1,0
BRDA:18,1,0,1
BRDA:18,1,1,1
BRF:4
BRH:3
end_of_record
TN:
SF:src/app/Services/window-ref.service.ts
FN:12,(anonymous_1)
FN:17,getWindow
FNF:2
FNH:2
FNDA:43,(anonymous_1)
FNDA:43,getWindow
DA:11,1
DA:13,43
DA:18,43
LF:3
LH:3
BRF:0
BRH:0
end_of_record
TN:
SF:src/app/about/about.component.ts
FN:51,(anonymous_2)
FN:53,(anonymous_3)
FN:55,(anonymous_4)
FN:73,(anonymous_5)
FN:76,(anonymous_6)
FN:77,(anonymous_7)
FN:84,(anonymous_8)
FNF:7
FNH:4
FNDA:6,(anonymous_2)
FNDA:11,(anonymous_3)
FNDA:11,(anonymous_4)
FNDA:0,(anonymous_5)
FNDA:11,(anonymous_6)
FNDA:0,(anonymous_7)
FNDA:0,(anonymous_8)
DA:16,1
DA:17,1
DA:24,1
DA:30,6
DA:32,6
DA:42,6
DA:51,6
DA:54,11
DA:55,11
DA:56,11
DA:57,5
DA:58,1
DA:60,5
DA:61,1
DA:63,5
DA:64,1
DA:66,5
DA:67,1
DA:69,5
DA:70,1
DA:73,0
DA:77,11
DA:78,0
DA:80,0
DA:81,0
DA:82,0
DA:85,0
LF:27
LH:21
BRDA:56,0,0,5
BRDA:56,1,0,0
BRDA:56,1,1,11
BRDA:56,2,0,11
BRDA:56,2,1,11
BRDA:56,3,0,0
BRDA:56,3,1,11
BRDA:56,4,0,11
BRDA:56,4,1,11
BRDA:57,5,0,1
BRDA:60,6,0,1
BRDA:63,7,0,1
BRDA:66,8,0,1
BRDA:69,9,0,1
BRDA:51,10,0,1
BRDA:51,10,1,0
BRDA:51,11,0,1
BRDA:51,11,1,1
BRDA:51,12,0,1
BRDA:51,12,1,0
BRDA:51,13,0,1
BRDA:51,13,1,1
BRDA:51,14,0,1
BRDA:51,14,1,0
BRDA:51,15,0,1
BRDA:51,15,1,1
BRF:26
BRH:21
end_of_record
TN:
SF:src/app/accounting/accounting.component.ts
FN:44,(anonymous_2)
FN:46,(anonymous_3)
FN:52,(anonymous_4)
FN:53,(anonymous_5)
FN:55,(anonymous_6)
FN:61,(anonymous_7)
FN:64,(anonymous_8)
FN:65,(anonymous_9)
FN:69,(anonymous_10)
FN:72,(anonymous_11)
FN:73,(anonymous_12)
FN:85,(anonymous_13)
FN:88,(anonymous_14)
FN:97,(anonymous_15)
FN:98,(anonymous_16)
FN:99,(anonymous_17)
FN:105,(anonymous_18)
FN:111,(anonymous_19)
FN:112,(anonymous_20)
FN:116,(anonymous_21)
FN:122,(anonymous_22)
FN:123,(anonymous_23)
FN:125,(anonymous_24)
FNF:23
FNH:22
FNDA:16,(anonymous_2)
FNDA:33,(anonymous_3)
FNDA:37,(anonymous_4)
FNDA:35,(anonymous_5)
FNDA:0,(anonymous_6)
FNDA:2,(anonymous_7)
FNDA:37,(anonymous_8)
FNDA:35,(anonymous_9)
FNDA:2,(anonymous_10)
FNDA:36,(anonymous_11)
FNDA:33,(anonymous_12)
FNDA:3,(anonymous_13)
FNDA:16,(anonymous_14)
FNDA:3,(anonymous_15)
FNDA:2,(anonymous_16)
FNDA:2,(anonymous_17)
FNDA:1,(anonymous_18)
FNDA:3,(anonymous_19)
FNDA:2,(anonymous_20)
FNDA:1,(anonymous_21)
FNDA:2,(anonymous_22)
FNDA:1,(anonymous_23)
FNDA:1,(anonymous_24)
DA:17,1
DA:18,1
DA:32,1
DA:33,16
DA:37,16
DA:44,16
DA:47,33
DA:48,33
DA:49,33
DA:53,37
DA:54,35
DA:55,35
DA:56,0
DA:61,2
DA:65,37
DA:66,35
DA:67,35
DA:68,35
DA:69,2
DA:73,36
DA:74,33
DA:75,33
DA:76,0
DA:83,33
DA:84,33
DA:85,3
DA:89,16
DA:90,16
DA:92,16
DA:93,16
DA:98,3
DA:99,2
DA:100,2
DA:103,2
DA:104,2
DA:106,1
DA:107,1
DA:112,3
DA:114,2
DA:115,2
DA:117,1
DA:118,1
DA:123,2
DA:124,1
DA:126,1
DA:127,1
LF:46
LH:44
BRDA:89,0,0,16
BRDA:92,1,0,16
BRDA:98,2,0,0
BRDA:98,2,1,3
BRDA:112,3,0,0
BRDA:112,3,1,3
BRDA:44,4,0,1
BRDA:44,4,1,0
BRDA:44,5,0,1
BRDA:44,5,1,1
BRDA:44,6,0,1
BRDA:44,6,1,0
BRDA:44,7,0,1
BRDA:44,7,1,1
BRDA:44,8,0,1
BRDA:44,8,1,0
BRDA:44,9,0,1
BRDA:44,9,1,1
BRDA:44,10,0,1
BRDA:44,10,1,0
BRDA:44,11,0,1
BRDA:44,11,1,1
BRF:22
BRH:16
end_of_record
TN:
SF:src/app/address/address.component.ts
FN:38,(anonymous_2)
FN:41,(anonymous_3)
FN:50,(anonymous_4)
FN:51,(anonymous_5)
FN:55,(anonymous_6)
FN:61,(anonymous_7)
FN:71,(anonymous_8)
FN:73,(anonymous_9)
FN:76,(anonymous_10)
FN:77,(anonymous_11)
FN:79,(anonymous_12)
FN:81,(anonymous_13)
FN:85,(anonymous_14)
FNF:13
FNH:11
FNDA:23,(anonymous_2)
FNDA:25,(anonymous_3)
FNDA:26,(anonymous_4)
FNDA:7,(anonymous_5)
FNDA:2,(anonymous_6)
FNDA:0,(anonymous_7)
FNDA:1,(anonymous_8)
FNDA:1,(anonymous_9)
FNDA:2,(anonymous_10)
FNDA:1,(anonymous_11)
FNDA:1,(anonymous_12)
FNDA:0,(anonymous_13)
FNDA:1,(anonymous_14)
DA:16,1
DA:17,1
DA:24,1
DA:25,23
DA:26,23
DA:27,23
DA:28,23
DA:29,23
DA:30,23
DA:31,23
DA:36,23
DA:38,23
DA:39,23
DA:42,25
DA:43,1
DA:45,24
DA:47,25
DA:51,26
DA:52,7
DA:53,7
DA:54,7
DA:56,2
DA:57,2
DA:62,0
DA:63,0
DA:64,0
DA:66,0
DA:67,0
DA:72,1
DA:73,1
DA:77,2
DA:78,1
DA:79,1
DA:80,1
DA:82,0
DA:84,1
DA:86,1
DA:87,1
LF:38
LH:32
BRDA:42,0,0,1
BRDA:42,0,1,24
BRDA:56,1,0,2
BRDA:56,1,1,0
BRDA:56,2,0,2
BRDA:56,2,1,2
BRDA:62,3,0,0
BRDA:62,3,1,0
BRDA:86,4,0,1
BRDA:86,4,1,0
BRDA:86,5,0,1
BRDA:86,5,1,1
BRDA:38,6,0,1
BRDA:38,6,1,0
BRDA:38,7,0,1
BRDA:38,7,1,1
BRDA:38,8,0,1
BRDA:38,8,1,0
BRDA:38,9,0,1
BRDA:38,9,1,1
BRDA:38,10,0,1
BRDA:38,10,1,0
BRDA:38,11,0,1
BRDA:38,11,1,1
BRDA:39,12,0,1
BRDA:39,12,1,0
BRDA:39,13,0,1
BRDA:39,13,1,1
BRDA:39,14,0,1
BRDA:39,14,1,0
BRDA:39,15,0,1
BRDA:39,15,1,1
BRF:32
BRH:23
end_of_record
TN:
SF:src/app/address-create/address-create.component.ts
FN:32,(anonymous_2)
FN:36,(anonymous_3)
FN:38,(anonymous_4)
FN:42,(anonymous_5)
FN:50,(anonymous_6)
FN:53,(anonymous_7)
FN:62,(anonymous_8)
FN:67,(anonymous_9)
FN:69,(anonymous_10)
FN:72,(anonymous_11)
FN:78,(anonymous_12)
FN:83,(anonymous_13)
FN:85,(anonymous_14)
FN:88,(anonymous_15)
FN:96,(anonymous_16)
FN:106,(anonymous_17)
FN:110,(anonymous_18)
FNF:17
FNH:13
FNDA:17,(anonymous_2)
FNDA:17,(anonymous_3)
FNDA:17,(anonymous_4)
FNDA:0,(anonymous_5)
FNDA:0,(anonymous_6)
FNDA:4,(anonymous_7)
FNDA:1,(anonymous_8)
FNDA:1,(anonymous_9)
FNDA:0,(anonymous_10)
FNDA:1,(anonymous_11)
FNDA:1,(anonymous_12)
FNDA:1,(anonymous_13)
FNDA:0,(anonymous_14)
FNDA:1,(anonymous_15)
FNDA:1,(anonymous_16)
FNDA:2,(anonymous_17)
FNDA:1,(anonymous_18)
DA:20,1
DA:21,17
DA:22,17
DA:23,17
DA:24,17
DA:25,17
DA:26,17
DA:27,17
DA:28,17
DA:29,17
DA:30,17
DA:32,17
DA:33,17
DA:34,17
DA:37,17
DA:38,17
DA:39,17
DA:40,0
DA:41,0
DA:42,0
DA:43,0
DA:46,17
DA:47,17
DA:50,17
DA:54,4
DA:55,4
DA:56,4
DA:57,4
DA:58,4
DA:59,4
DA:60,4
DA:61,4
DA:62,2
DA:63,1
DA:64,1
DA:65,1
DA:66,1
DA:67,1
DA:68,1
DA:70,0
DA:73,1
DA:74,1
DA:75,1
DA:78,2
DA:79,1
DA:80,1
DA:81,1
DA:82,1
DA:83,1
DA:84,1
DA:86,0
DA:89,1
DA:90,1
DA:91,1
DA:97,1
DA:98,1
DA:99,1
DA:100,1
DA:101,1
DA:102,1
DA:103,1
DA:107,2
DA:111,1
DA:112,1
DA:113,1
DA:114,1
DA:115,1
DA:116,1
DA:117,1
DA:118,1
DA:119,1
DA:120,1
DA:121,1
DA:122,1
DA:123,1
DA:124,1
DA:125,1
DA:126,1
DA:127,1
DA:128,1
DA:129,1
DA:130,1
DA:131,1
LF:83
LH:77
BRDA:39,0,0,0
BRDA:39,0,1,17
BRDA:61,1,0,2
BRDA:61,1,1,2
BRDA:73,2,0,0
BRDA:73,2,1,1
BRDA:73,3,0,1
BRDA:73,3,1,1
BRDA:89,4,0,0
BRDA:89,4,1,1
BRDA:89,5,0,1
BRDA:89,5,1,1
BRDA:32,6,0,1
BRDA:32,6,1,0
BRDA:32,7,0,1
BRDA:32,7,1,1
BRDA:32,8,0,1
BRDA:32,8,1,0
BRDA:32,9,0,1
BRDA:32,9,1,1
BRDA:32,10,0,1
BRDA:32,10,1,0
BRDA:32,11,0,1
BRDA:32,11,1,1
BRDA:33,12,0,1
BRDA:33,12,1,0
BRDA:33,13,0,1
BRDA:33,13,1,1
BRDA:33,14,0,1
BRDA:33,14,1,0
BRDA:33,15,0,1
BRDA:33,15,1,1
BRDA:33,16,0,1
BRDA:33,16,1,0
BRDA:33,17,0,1
BRDA:33,17,1,1
BRDA:34,18,0,1
BRDA:34,18,1,0
BRDA:34,19,0,1
BRDA:34,19,1,1
BRF:40
BRH:30
end_of_record
TN:
SF:src/app/address-select/address-select.component.ts
FN:18,(anonymous_2)
FN:20,(anonymous_3)
FNF:2
FNH:2
FNDA:2,(anonymous_2)
FNDA:1,(anonymous_3)
DA:14,1
DA:15,2
DA:16,2
DA:18,2
DA:21,1
LF:5
LH:5
BRDA:18,0,0,1
BRDA:18,0,1,0
BRDA:18,1,0,1
BRDA:18,1,1,1
BRDA:18,2,0,1
BRDA:18,2,1,0
BRDA:18,3,0,1
BRDA:18,3,1,1
BRF:8
BRH:6
end_of_record
TN:
SF:src/app/administration/administration.component.ts
FN:37,(anonymous_2)
FN:40,(anonymous_3)
FN:45,(anonymous_4)
FN:46,(anonymous_5)
FN:56,(anonymous_6)
FN:62,(anonymous_7)
FN:63,(anonymous_8)
FN:71,(anonymous_9)
FN:77,(anonymous_10)
FN:78,(anonymous_11)
FN:80,(anonymous_12)
FN:86,(anonymous_13)
FN:94,(anonymous_14)
FN:103,(anonymous_15)
FNF:14
FNH:14
FNDA:11,(anonymous_2)
FNDA:11,(anonymous_3)
FNDA:13,(anonymous_4)
FNDA:12,(anonymous_5)
FNDA:1,(anonymous_6)
FNDA:13,(anonymous_7)
FNDA:12,(anonymous_8)
FNDA:1,(anonymous_9)
FNDA:2,(anonymous_10)
FNDA:1,(anonymous_11)
FNDA:1,(anonymous_12)
FNDA:1,(anonymous_13)
FNDA:1,(anonymous_14)
FNDA:44,(anonymous_15)
DA:18,1
DA:19,1
DA:26,1
DA:29,11
DA:31,11
DA:33,11
DA:34,11
DA:37,11
DA:38,11
DA:41,11
DA:42,11
DA:46,13
DA:47,12
DA:48,12
DA:49,12
DA:51,24
DA:53,12
DA:54,12
DA:55,12
DA:57,1
DA:58,1
DA:63,13
DA:64,12
DA:65,12
DA:66,24
DA:68,12
DA:69,12
DA:70,12
DA:72,1
DA:73,1
DA:78,2
DA:79,1
DA:81,1
DA:82,1
DA:87,1
DA:95,1
DA:104,44
LF:37
LH:37
BRDA:51,0,0,0
BRDA:51,0,1,24
BRDA:37,1,0,1
BRDA:37,1,1,0
BRDA:37,2,0,1
BRDA:37,2,1,1
BRDA:37,3,0,1
BRDA:37,3,1,0
BRDA:37,4,0,1
BRDA:37,4,1,1
BRDA:37,5,0,1
BRDA:37,5,1,0
BRDA:37,6,0,1
BRDA:37,6,1,1
BRDA:37,7,0,1
BRDA:37,7,1,0
BRDA:37,8,0,1
BRDA:37,8,1,1
BRF:18
BRH:13
end_of_record
TN:
SF:src/app/basket/basket.component.ts
FN:23,(anonymous_2)
FN:25,(anonymous_3)
FN:26,(anonymous_4)
FN:29,(anonymous_5)
FN:33,(anonymous_6)
FNF:5
FNH:3
FNDA:4,(anonymous_2)
FNDA:0,(anonymous_3)
FNDA:0,(anonymous_4)
FNDA:1,(anonymous_5)
FNDA:2,(anonymous_6)
DA:11,1
DA:12,1
DA:19,1
DA:20,4
DA:21,4
DA:23,4
DA:26,0
DA:30,1
DA:34,2
DA:35,2
LF:10
LH:9
BRDA:23,0,0,1
BRDA:23,0,1,0
BRDA:23,1,0,1
BRDA:23,1,1,1
BRDA:23,2,0,1
BRDA:23,2,1,0
BRDA:23,3,0,1
BRDA:23,3,1,1
BRF:8
BRH:6
end_of_record
TN:
SF:src/app/challenge-solved-notification/challenge-solved-notification.component.ts
FN:40,(anonymous_2)
FN:43,(anonymous_3)
FN:44,(anonymous_4)
FN:45,(anonymous_5)
FN:52,(anonymous_6)
FN:61,(anonymous_7)
FN:73,(anonymous_8)
FN:75,(anonymous_9)
FN:84,(anonymous_10)
FN:93,(anonymous_11)
FN:94,(anonymous_12)
FN:95,(anonymous_13)
FN:95,(anonymous_14)
FN:110,(anonymous_15)
FN:111,(anonymous_16)
FN:118,(anonymous_17)
FNF:16
FNH:12
FNDA:13,(anonymous_2)
FNDA:18,(anonymous_3)
FNDA:18,(anonymous_4)
FNDA:17,(anonymous_5)
FNDA:0,(anonymous_6)
FNDA:17,(anonymous_7)
FNDA:0,(anonymous_8)
FNDA:0,(anonymous_9)
FNDA:2,(anonymous_10)
FNDA:1,(anonymous_11)
FNDA:1,(anonymous_12)
FNDA:0,(anonymous_13)
FNDA:1,(anonymous_14)
FNDA:3,(anonymous_15)
FNDA:1,(anonymous_16)
FNDA:1,(anonymous_17)
DA:34,1
DA:35,13
DA:36,13
DA:37,13
DA:40,13
DA:44,18
DA:45,18
DA:46,17
DA:47,0
DA:48,0
DA:50,0
DA:51,0
DA:52,0
DA:53,0
DA:56,0
DA:61,18
DA:62,17
DA:63,5
DA:64,1
DA:66,4
DA:69,5
DA:70,1
DA:72,1
DA:73,0
DA:74,0
DA:75,0
DA:78,4
DA:85,2
DA:86,1
DA:88,1
DA:90,2
DA:94,1
DA:95,0
DA:97,1
DA:98,0
DA:100,1
DA:106,1
DA:111,3
DA:112,1
DA:113,0
DA:115,1
DA:116,1
DA:117,1
DA:118,1
LF:44
LH:31
BRDA:46,0,0,0
BRDA:46,1,0,17
BRDA:46,1,1,0
BRDA:46,2,0,17
BRDA:46,2,1,17
BRDA:47,3,0,0
BRDA:50,4,0,0
BRDA:62,5,0,5
BRDA:62,6,0,0
BRDA:62,6,1,17
BRDA:62,7,0,17
BRDA:62,7,1,17
BRDA:63,8,0,1
BRDA:63,8,1,4
BRDA:69,9,0,1
BRDA:69,9,1,4
BRDA:72,10,0,0
BRDA:84,11,0,1
BRDA:85,12,0,1
BRDA:85,12,1,1
BRDA:97,13,0,0
BRDA:97,14,0,1
BRDA:97,14,1,1
BRDA:112,15,0,0
BRDA:40,16,0,1
BRDA:40,16,1,0
BRDA:40,17,0,1
BRDA:40,17,1,1
BRDA:40,18,0,1
BRDA:40,18,1,0
BRDA:40,19,0,1
BRDA:40,19,1,1
BRDA:40,20,0,1
BRDA:40,20,1,0
BRDA:40,21,0,1
BRDA:40,21,1,1
BRDA:40,22,0,1
BRDA:40,22,1,0
BRDA:40,23,0,1
BRDA:40,23,1,1
BRDA:40,24,0,1
BRDA:40,24,1,0
BRDA:40,25,0,1
BRDA:40,25,1,1
BRDA:40,26,0,1
BRDA:40,26,1,0
BRDA:40,27,0,1
BRDA:40,27,1,1
BRDA:40,28,0,1
BRDA:40,28,1,0
BRDA:40,29,0,1
BRDA:40,29,1,1
BRDA:40,30,0,1
BRDA:40,30,1,0
BRDA:40,31,0,1
BRDA:40,31,1,1
BRF:56
BRH:40
end_of_record
TN:
SF:src/app/challenge-status-badge/challenge-status-badge.component.ts
FN:27,(anonymous_2)
FN:29,(anonymous_3)
FN:31,(anonymous_4)
FN:33,(anonymous_5)
FN:37,(anonymous_6)
FNF:5
FNH:5
FNDA:7,(anonymous_2)
FNDA:3,(anonymous_3)
FNDA:2,(anonymous_4)
FNDA:1,(anonymous_5)
FNDA:3,(anonymous_6)
DA:14,1
DA:15,1
DA:22,1
DA:23,7
DA:24,7
DA:25,7
DA:27,7
DA:30,3
DA:31,3
DA:32,2
DA:33,1
DA:38,3
DA:39,1
LF:13
LH:13
BRDA:30,0,0,3
BRDA:38,1,0,1
BRDA:38,2,0,3
BRDA:38,2,1,2
BRDA:27,3,0,1
BRDA:27,3,1,0
BRDA:27,4,0,1
BRDA:27,4,1,1
BRDA:27,5,0,1
BRDA:27,5,1,0
BRDA:27,6,0,1
BRDA:27,6,1,1
BRF:12
BRH:10
end_of_record
TN:
SF:src/app/change-password/change-password.component.ts
FN:30,(anonymous_2)
FN:32,(anonymous_3)
FN:33,(anonymous_4)
FN:36,(anonymous_5)
FN:44,(anonymous_6)
FN:46,(anonymous_7)
FN:48,(anonymous_8)
FN:52,(anonymous_9)
FN:60,(anonymous_10)
FN:65,(anonymous_11)
FN:77,matchValidator
FN:78,matchOtherValidate
FNF:12
FNH:10
FNDA:7,(anonymous_2)
FNDA:7,(anonymous_3)
FNDA:0,(anonymous_4)
FNDA:2,(anonymous_5)
FNDA:1,(anonymous_6)
FNDA:1,(anonymous_7)
FNDA:0,(anonymous_8)
FNDA:1,(anonymous_9)
FNDA:1,(anonymous_10)
FNDA:1,(anonymous_11)
FNDA:7,matchValidator
FNDA:20,matchOtherValidate
DA:15,1
DA:16,1
DA:23,1
DA:24,7
DA:25,7
DA:26,7
DA:30,7
DA:33,7
DA:37,2
DA:38,0
DA:40,2
DA:45,1
DA:46,1
DA:47,1
DA:49,0
DA:51,1
DA:53,1
DA:54,1
DA:55,1
DA:56,1
DA:61,1
DA:62,1
DA:66,1
DA:67,1
DA:68,1
DA:69,1
DA:70,1
DA:71,1
DA:72,1
DA:73,1
DA:78,7
DA:79,20
DA:80,20
DA:81,20
DA:82,1
DA:84,19
LF:36
LH:34
BRDA:37,0,0,0
BRDA:37,1,0,2
BRDA:37,1,1,0
BRDA:37,2,0,0
BRDA:37,2,1,2
BRDA:37,3,0,2
BRDA:37,3,1,2
BRDA:30,4,0,1
BRDA:30,4,1,0
BRDA:30,5,0,1
BRDA:30,5,1,1
BRDA:30,6,0,1
BRDA:30,6,1,0
BRDA:30,7,0,1
BRDA:30,7,1,1
BRDA:30,8,0,1
BRDA:30,8,1,0
BRDA:30,9,0,1
BRDA:30,9,1,1
BRDA:81,10,0,1
BRF:20
BRH:14
end_of_record
TN:
SF:src/app/chatbot/chatbot.component.ts
FN:19,(anonymous_2)
FN:51,(anonymous_3)
FN:53,(anonymous_4)
FN:54,(anonymous_5)
FN:64,(anonymous_6)
FN:66,(anonymous_7)
FN:71,(anonymous_8)
FN:85,(anonymous_9)
FN:93,(anonymous_10)
FN:100,(anonymous_11)
FNF:10
FNH:8
FNDA:1,(anonymous_2)
FNDA:4,(anonymous_3)
FNDA:4,(anonymous_4)
FNDA:4,(anonymous_5)
FNDA:0,(anonymous_6)
FNDA:0,(anonymous_7)
FNDA:2,(anonymous_8)
FNDA:2,(anonymous_9)
FNDA:2,(anonymous_10)
FNDA:2,(anonymous_11)
DA:16,1
DA:17,1
DA:19,1
DA:20,1
DA:21,1
DA:39,1
DA:40,4
DA:41,4
DA:42,4
DA:43,4
DA:44,4
DA:49,4
DA:51,4
DA:54,4
DA:55,4
DA:59,4
DA:60,0
DA:64,4
DA:65,0
DA:67,0
DA:72,2
DA:76,2
DA:77,2
DA:78,0
DA:79,0
DA:80,0
DA:81,0
DA:86,2
DA:87,2
DA:88,2
DA:92,2
DA:93,2
DA:94,2
DA:95,0
DA:100,2
DA:101,2
DA:104,2
DA:105,2
LF:38
LH:30
BRDA:19,0,0,1
BRDA:19,0,1,1
BRDA:59,1,0,0
BRDA:77,2,0,0
BRDA:87,3,0,2
BRDA:94,4,0,0
BRDA:94,4,1,2
BRDA:94,5,0,2
BRDA:94,5,1,0
BRDA:51,6,0,1
BRDA:51,6,1,0
BRDA:51,7,0,1
BRDA:51,7,1,1
BRDA:51,8,0,1
BRDA:51,8,1,0
BRDA:51,9,0,1
BRDA:51,9,1,1
BRDA:51,10,0,1
BRDA:51,10,1,0
BRDA:51,11,0,1
BRDA:51,11,1,1
BRDA:51,12,0,1
BRDA:51,12,1,0
BRDA:51,13,0,1
BRDA:51,13,1,1
BRDA:51,14,0,1
BRDA:51,14,1,0
BRDA:51,15,0,1
BRDA:51,15,1,1
BRF:29
BRH:20
end_of_record
TN:
SF:src/app/code-area/code-area.component.ts
FN:33,(anonymous_2)
FN:34,(anonymous_3)
FN:42,(anonymous_4)
FNF:3
FNH:3
FNDA:6,(anonymous_2)
FNDA:8,(anonymous_3)
FNDA:3,(anonymous_4)
DA:19,1
DA:21,5
DA:29,5
DA:31,5
DA:34,6
DA:35,8
DA:44,3
DA:45,3
DA:48,3
DA:49,3
DA:50,9
DA:51,5
DA:54,3
LF:13
LH:13
BRDA:50,0,0,5
BRF:1
BRH:1
end_of_record
TN:
SF:src/app/code-fixes/code-fixes.component.ts
FN:25,(anonymous_2)
FN:45,(anonymous_3)
FN:50,(anonymous_4)
FN:54,(anonymous_5)
FNF:4
FNH:3
FNDA:3,(anonymous_2)
FNDA:2,(anonymous_3)
FNDA:2,(anonymous_4)
FNDA:0,(anonymous_5)
DA:12,1
DA:14,2
DA:17,2
DA:20,2
DA:22,2
DA:23,2
DA:26,3
DA:27,3
DA:28,3
DA:32,3
DA:34,3
DA:35,3
DA:36,211
DA:37,211
DA:38,126
DA:40,211
DA:41,211
DA:46,2
DA:47,2
DA:51,2
DA:55,0
DA:56,0
LF:22
LH:20
BRDA:51,0,0,0
BRF:1
BRH:0
end_of_record
TN:
SF:src/app/code-snippet/code-snippet.component.ts
FN:18,(anonymous_2)
FN:47,(anonymous_3)
FN:73,(anonymous_4)
FN:77,(anonymous_5)
FN:82,(anonymous_6)
FN:93,(anonymous_7)
FN:94,(anonymous_8)
FN:100,(anonymous_9)
FN:101,(anonymous_10)
FN:130,(anonymous_11)
FN:135,(anonymous_12)
FN:142,(anonymous_13)
FN:145,(anonymous_14)
FN:152,(anonymous_15)
FN:156,(anonymous_16)
FN:159,(anonymous_17)
FN:49,(anonymous_18)
FN:50,(anonymous_19)
FN:52,(anonymous_20)
FN:54,(anonymous_21)
FN:62,(anonymous_22)
FN:65,(anonymous_23)
FN:68,(anonymous_24)
FN:107,(anonymous_25)
FN:121,(anonymous_26)
FN:167,(anonymous_27)
FN:178,(anonymous_28)
FNF:27
FNH:25
FNDA:1,(anonymous_2)
FNDA:19,(anonymous_3)
FNDA:1,(anonymous_4)
FNDA:2,(anonymous_5)
FNDA:1,(anonymous_6)
FNDA:1,(anonymous_7)
FNDA:1,(anonymous_8)
FNDA:1,(anonymous_9)
FNDA:1,(anonymous_10)
FNDA:2,(anonymous_11)
FNDA:1,(anonymous_12)
FNDA:0,(anonymous_13)
FNDA:1,(anonymous_14)
FNDA:0,(anonymous_15)
FNDA:2,(anonymous_16)
FNDA:2,(anonymous_17)
FNDA:25,(anonymous_18)
FNDA:24,(anonymous_19)
FNDA:1,(anonymous_20)
FNDA:24,(anonymous_21)
FNDA:1,(anonymous_22)
FNDA:24,(anonymous_23)
FNDA:1,(anonymous_24)
FNDA:46,(anonymous_25)
FNDA:4,(anonymous_26)
FNDA:157,(anonymous_27)
FNDA:78,(anonymous_28)
DA:18,1
DA:19,1
DA:20,1
DA:21,1
DA:34,1
DA:35,19
DA:36,19
DA:39,19
DA:40,19
DA:41,19
DA:42,19
DA:43,19
DA:44,19
DA:45,19
DA:47,19
DA:50,25
DA:51,24
DA:52,1
DA:54,25
DA:55,24
DA:56,24
DA:57,24
DA:58,1
DA:59,1
DA:60,1
DA:63,1
DA:65,25
DA:66,24
DA:67,24
DA:69,1
DA:73,19
DA:74,1
DA:77,19
DA:78,2
DA:79,2
DA:82,19
DA:83,1
DA:84,1
DA:85,1
DA:86,0
DA:88,1
DA:89,1
DA:93,19
DA:94,1
DA:95,1
DA:96,1
DA:100,19
DA:101,1
DA:102,1
DA:103,1
DA:108,46
DA:109,2
DA:111,44
DA:113,2
DA:115,2
DA:117,40
DA:122,4
DA:124,1
DA:126,3
DA:130,19
DA:131,2
DA:132,2
DA:133,2
DA:134,1
DA:135,1
DA:136,1
DA:137,0
DA:139,1
DA:140,1
DA:141,1
DA:142,0
DA:144,1
DA:145,1
DA:146,1
DA:147,0
DA:149,1
DA:150,1
DA:151,1
DA:152,0
DA:154,2
DA:155,2
DA:156,2
DA:157,2
DA:160,2
DA:163,0
DA:168,157
DA:170,2
DA:172,2
DA:174,153
DA:179,78
DA:181,1
DA:183,1
LF:92
LH:86
BRDA:18,0,0,1
BRDA:18,0,1,1
BRDA:85,1,0,0
BRDA:86,2,0,0
BRDA:88,3,0,1
BRDA:89,4,0,0
BRDA:131,5,0,0
BRDA:132,6,0,2
BRDA:132,6,1,0
BRDA:133,7,0,1
BRDA:133,7,1,1
BRDA:136,8,0,0
BRDA:146,9,0,0
BRDA:160,10,0,1
BRDA:160,11,0,2
BRDA:160,11,1,1
BRDA:57,12,0,1
BRDA:108,13,0,2
BRDA:111,14,0,2
BRDA:111,14,1,2
BRDA:111,14,2,40
BRDA:122,15,0,1
BRDA:122,15,1,3
BRDA:168,16,0,2
BRDA:168,16,1,2
BRDA:168,16,2,153
BRDA:179,17,0,1
BRDA:179,17,1,1
BRDA:47,18,0,1
BRDA:47,18,1,0
BRDA:47,19,0,1
BRDA:47,19,1,1
BRDA:47,20,0,1
BRDA:47,20,1,0
BRDA:47,21,0,1
BRDA:47,21,1,1
BRDA:47,22,0,1
BRDA:47,22,1,0
BRDA:47,23,0,1
BRDA:47,23,1,1
BRDA:47,24,0,1
BRDA:47,24,1,0
BRDA:47,25,0,1
BRDA:47,25,1,1
BRDA:47,26,0,1
BRDA:47,26,1,0
BRDA:47,27,0,1
BRDA:47,27,1,1
BRDA:47,28,0,1
BRDA:47,28,1,0
BRDA:47,29,0,1
BRDA:47,29,1,1
BRF:52
BRH:39
end_of_record
TN:
SF:src/app/complaint/complaint.component.ts
FN:41,(anonymous_2)
FN:43,(anonymous_3)
FN:45,(anonymous_4)
FN:50,(anonymous_5)
FN:53,(anonymous_6)
FN:57,(anonymous_7)
FN:60,(anonymous_8)
FN:61,(anonymous_9)
FN:66,(anonymous_10)
FN:72,(anonymous_11)
FN:81,(anonymous_12)
FN:83,(anonymous_13)
FN:84,(anonymous_14)
FN:86,(anonymous_15)
FN:92,(anonymous_16)
FN:95,(anonymous_17)
FNF:16
FNH:10
FNDA:10,(anonymous_2)
FNDA:13,(anonymous_3)
FNDA:0,(anonymous_4)
FNDA:0,(anonymous_5)
FNDA:0,(anonymous_6)
FNDA:0,(anonymous_7)
FNDA:14,(anonymous_8)
FNDA:13,(anonymous_9)
FNDA:1,(anonymous_10)
FNDA:2,(anonymous_11)
FNDA:1,(anonymous_12)
FNDA:1,(anonymous_13)
FNDA:1,(anonymous_14)
FNDA:0,(anonymous_15)
FNDA:0,(anonymous_16)
FNDA:2,(anonymous_17)
DA:17,1
DA:18,1
DA:25,1
DA:26,10
DA:27,10
DA:29,10
DA:30,10
DA:37,10
DA:38,10
DA:41,10
DA:44,13
DA:45,13
DA:46,0
DA:48,0
DA:50,13
DA:51,0
DA:53,13
DA:54,0
DA:55,0
DA:57,13
DA:61,14
DA:62,13
DA:63,13
DA:64,13
DA:65,13
DA:67,1
DA:68,1
DA:73,2
DA:74,1
DA:75,1
DA:77,1
DA:82,1
DA:83,1
DA:84,1
DA:85,1
DA:87,0
DA:89,1
DA:90,1
DA:91,1
DA:92,0
DA:96,2
DA:97,2
DA:98,2
DA:99,2
LF:44
LH:37
BRDA:73,0,0,1
BRDA:73,0,1,1
BRDA:41,1,0,1
BRDA:41,1,1,0
BRDA:41,2,0,1
BRDA:41,2,1,1
BRDA:41,3,0,1
BRDA:41,3,1,0
BRDA:41,4,0,1
BRDA:41,4,1,1
BRDA:41,5,0,1
BRDA:41,5,1,0
BRDA:41,6,0,1
BRDA:41,6,1,1
BRDA:41,7,0,1
BRDA:41,7,1,0
BRDA:41,8,0,1
BRDA:41,8,1,1
BRF:18
BRH:14
end_of_record
TN:
SF:src/app/contact/contact.component.ts
FN:37,(anonymous_2)
FN:40,(anonymous_3)
FN:41,(anonymous_4)
FN:47,(anonymous_5)
FN:53,(anonymous_6)
FN:56,(anonymous_7)
FN:57,(anonymous_8)
FN:60,(anonymous_9)
FN:63,(anonymous_10)
FN:70,(anonymous_11)
FN:72,(anonymous_12)
FN:74,(anonymous_13)
FN:78,(anonymous_14)
FN:80,(anonymous_15)
FN:87,(anonymous_16)
FN:95,(anonymous_17)
FN:108,(anonymous_18)
FN:114,(anonymous_19)
FNF:18
FNH:14
FNDA:18,(anonymous_2)
FNDA:25,(anonymous_3)
FNDA:22,(anonymous_4)
FNDA:3,(anonymous_5)
FNDA:0,(anonymous_6)
FNDA:26,(anonymous_7)
FNDA:26,(anonymous_8)
FNDA:0,(anonymous_9)
FNDA:5,(anonymous_10)
FNDA:3,(anonymous_11)
FNDA:1,(anonymous_12)
FNDA:0,(anonymous_13)
FNDA:2,(anonymous_14)
FNDA:0,(anonymous_15)
FNDA:2,(anonymous_16)
FNDA:2,(anonymous_17)
FNDA:1,(anonymous_18)
FNDA:54,(anonymous_19)
DA:17,1
DA:18,1
DA:25,1
DA:26,18
DA:27,18
DA:28,18
DA:29,18
DA:30,18
DA:31,18
DA:37,18
DA:38,18
DA:41,25
DA:42,22
DA:43,22
DA:44,22
DA:46,22
DA:48,3
DA:49,3
DA:51,25
DA:53,25
DA:57,26
DA:58,26
DA:59,26
DA:60,0
DA:64,5
DA:65,5
DA:67,5
DA:68,5
DA:69,5
DA:70,5
DA:71,3
DA:72,1
DA:73,1
DA:75,0
DA:78,2
DA:79,2
DA:81,0
DA:84,3
DA:85,3
DA:86,3
DA:88,2
DA:89,2
DA:90,2
DA:91,2
DA:96,2
DA:97,2
DA:98,2
DA:99,2
DA:100,2
DA:101,2
DA:102,2
DA:103,2
DA:104,2
DA:105,2
DA:109,1
DA:110,1
DA:111,1
DA:115,54
LF:58
LH:55
BRDA:46,0,0,1
BRDA:46,0,1,21
BRDA:71,1,0,1
BRDA:71,1,1,2
BRDA:37,2,0,1
BRDA:37,2,1,0
BRDA:37,3,0,1
BRDA:37,3,1,1
BRDA:37,4,0,1
BRDA:37,4,1,0
BRDA:37,5,0,1
BRDA:37,5,1,1
BRDA:37,6,0,1
BRDA:37,6,1,0
BRDA:37,7,0,1
BRDA:37,7,1,1
BRDA:37,8,0,1
BRDA:37,8,1,0
BRDA:37,9,0,1
BRDA:37,9,1,1
BRDA:38,10,0,1
BRDA:38,10,1,0
BRDA:38,11,0,1
BRDA:38,11,1,1
BRDA:38,12,0,1
BRDA:38,12,1,0
BRDA:38,13,0,1
BRDA:38,13,1,1
BRF:28
BRH:22
end_of_record
TN:
SF:src/app/data-export/data-export.component.ts
FN:28,(anonymous_2)
FN:29,(anonymous_3)
FN:34,(anonymous_4)
FN:43,(anonymous_5)
FN:44,(anonymous_6)
FN:49,(anonymous_7)
FN:54,(anonymous_8)
FN:63,(anonymous_9)
FN:70,(anonymous_10)
FN:79,(anonymous_11)
FNF:10
FNH:9
FNDA:7,(anonymous_2)
FNDA:7,(anonymous_3)
FNDA:7,(anonymous_4)
FNDA:6,(anonymous_5)
FNDA:6,(anonymous_6)
FNDA:2,(anonymous_7)
FNDA:1,(anonymous_8)
FNDA:1,(anonymous_9)
FNDA:1,(anonymous_10)
FNDA:0,(anonymous_11)
DA:17,1
DA:18,7
DA:19,7
DA:21,7
DA:25,7
DA:28,7
DA:30,7
DA:31,7
DA:35,7
DA:36,7
DA:37,7
DA:38,5
DA:39,5
DA:44,6
DA:45,6
DA:50,2
DA:51,0
DA:53,2
DA:54,2
DA:55,1
DA:56,1
DA:57,1
DA:58,1
DA:59,1
DA:60,1
DA:61,1
DA:62,1
DA:64,1
DA:65,1
DA:66,1
DA:71,1
DA:72,1
DA:73,1
DA:74,1
DA:75,1
DA:76,1
DA:80,0
DA:81,0
DA:82,0
LF:39
LH:35
BRDA:36,0,0,5
BRDA:36,0,1,2
BRDA:37,1,0,5
BRDA:50,2,0,0
BRDA:58,3,0,0
BRDA:58,3,1,1
BRDA:58,4,0,1
BRDA:58,4,1,1
BRDA:28,5,0,1
BRDA:28,5,1,0
BRDA:28,6,0,1
BRDA:28,6,1,1
BRDA:28,7,0,1
BRDA:28,7,1,0
BRDA:28,8,0,1
BRDA:28,8,1,1
BRDA:28,9,0,1
BRDA:28,9,1,0
BRDA:28,10,0,1
BRDA:28,10,1,1
BRF:20
BRH:15
end_of_record
TN:
SF:src/app/delivery-method/delivery-method.component.ts
FN:33,(anonymous_2)
FN:36,(anonymous_3)
FN:37,(anonymous_4)
FN:39,(anonymous_5)
FN:41,(anonymous_6)
FN:45,(anonymous_7)
FN:48,(anonymous_8)
FN:56,(anonymous_9)
FN:60,(anonymous_10)
FN:62,(anonymous_11)
FNF:10
FNH:9
FNDA:7,(anonymous_2)
FNDA:11,(anonymous_3)
FNDA:10,(anonymous_4)
FNDA:1,(anonymous_5)
FNDA:10,(anonymous_6)
FNDA:1,(anonymous_7)
FNDA:1,(anonymous_8)
FNDA:0,(anonymous_9)
FNDA:1,(anonymous_10)
FNDA:1,(anonymous_11)
DA:17,1
DA:18,1
DA:25,1
DA:26,7
DA:30,7
DA:31,7
DA:33,7
DA:34,7
DA:37,11
DA:38,10
DA:39,1
DA:41,11
DA:42,10
DA:43,10
DA:44,10
DA:45,1
DA:49,1
DA:50,1
DA:52,0
DA:57,0
DA:61,1
DA:62,1
LF:22
LH:20
BRDA:49,0,0,1
BRDA:49,0,1,0
BRDA:49,1,0,1
BRDA:49,1,1,1
BRDA:33,2,0,1
BRDA:33,2,1,0
BRDA:33,3,0,1
BRDA:33,3,1,1
BRDA:33,4,0,1
BRDA:33,4,1,0
BRDA:33,5,0,1
BRDA:33,5,1,1
BRDA:33,6,0,1
BRDA:33,6,1,0
BRDA:33,7,0,1
BRDA:33,7,1,1
BRDA:34,8,0,1
BRDA:34,8,1,0
BRDA:34,9,0,1
BRDA:34,9,1,1
BRDA:34,10,0,1
BRDA:34,10,1,0
BRDA:34,11,0,1
BRDA:34,11,1,1
BRF:24
BRH:18
end_of_record
TN:
SF:src/app/deluxe-user/deluxe-user.component.ts
FN:25,(anonymous_2)
FN:28,(anonymous_3)
FN:29,(anonymous_4)
FN:45,(anonymous_5)
FN:49,(anonymous_6)
FN:50,(anonymous_7)
FN:52,(anonymous_8)
FN:57,(anonymous_9)
FN:58,(anonymous_10)
FNF:9
FNH:5
FNDA:5,(anonymous_2)
FNDA:9,(anonymous_3)
FNDA:8,(anonymous_4)
FNDA:0,(anonymous_5)
FNDA:1,(anonymous_6)
FNDA:9,(anonymous_7)
FNDA:0,(anonymous_8)
FNDA:0,(anonymous_9)
FNDA:0,(anonymous_10)
DA:19,1
DA:20,5
DA:21,5
DA:22,5
DA:23,5
DA:25,5
DA:29,9
DA:30,8
DA:31,8
DA:32,8
DA:33,1
DA:35,8
DA:36,2
DA:38,2
DA:39,1
DA:41,2
DA:44,8
DA:45,0
DA:46,0
DA:49,1
DA:50,9
DA:51,9
DA:53,0
DA:58,0
LF:24
LH:20
BRDA:31,0,0,8
BRDA:31,1,0,0
BRDA:31,1,1,8
BRDA:31,2,0,8
BRDA:31,2,1,8
BRDA:32,3,0,1
BRDA:35,4,0,2
BRDA:38,5,0,1
BRDA:41,6,0,2
BRDA:41,6,1,2
BRDA:44,7,0,0
BRDA:25,8,0,1
BRDA:25,8,1,0
BRDA:25,9,0,1
BRDA:25,9,1,1
BRDA:25,10,0,1
BRDA:25,10,1,0
BRDA:25,11,0,1
BRDA:25,11,1,1
BRDA:25,12,0,1
BRDA:25,12,1,0
BRDA:25,13,0,1
BRDA:25,13,1,1
BRDA:25,14,0,1
BRDA:25,14,1,0
BRDA:25,15,0,1
BRDA:25,15,1,1
BRDA:25,16,0,1
BRDA:25,16,1,0
BRDA:25,17,0,1
BRDA:25,17,1,1
BRDA:25,18,0,1
BRDA:25,18,1,0
BRDA:25,19,0,1
BRDA:25,19,1,1
BRDA:25,20,0,1
BRDA:25,20,1,0
BRDA:25,21,0,1
BRDA:25,21,1,1
BRF:39
BRH:30
end_of_record
TN:
SF:src/app/error-page/error-page.component.ts
FN:23,(anonymous_2)
FN:26,(anonymous_3)
FN:29,(anonymous_4)
FN:31,(anonymous_5)
FNF:4
FNH:3
FNDA:1,(anonymous_2)
FNDA:1,(anonymous_3)
FNDA:1,(anonymous_4)
FNDA:0,(anonymous_5)
DA:12,1
DA:13,1
DA:20,1
DA:21,1
DA:23,1
DA:27,1
DA:28,1
DA:29,1
DA:30,1
DA:32,0
LF:10
LH:9
BRDA:28,0,0,1
BRDA:23,1,0,1
BRDA:23,1,1,0
BRDA:23,2,0,1
BRDA:23,2,1,1
BRDA:23,3,0,1
BRDA:23,3,1,0
BRDA:23,4,0,1
BRDA:23,4,1,1
BRF:9
BRH:7
end_of_record
TN:
SF:src/app/feedback-details/feedback-details.component.ts
FN:17,(anonymous_2)
FN:19,(anonymous_3)
FNF:2
FNH:2
FNDA:1,(anonymous_2)
FNDA:1,(anonymous_3)
DA:14,1
DA:17,1
DA:20,1
DA:21,1
LF:4
LH:4
BRF:0
BRH:0
end_of_record
TN:
SF:src/app/forgot-password/forgot-password.component.ts
FN:35,(anonymous_2)
FN:37,(anonymous_3)
FN:39,(anonymous_4)
FN:42,(anonymous_5)
FN:54,(anonymous_6)
FN:64,(anonymous_7)
FN:70,(anonymous_8)
FN:72,(anonymous_9)
FN:74,(anonymous_10)
FN:78,(anonymous_11)
FN:85,(anonymous_12)
FN:100,(anonymous_13)
FN:115,matchValidator
FN:116,matchOtherValidate
FNF:14
FNH:12
FNDA:15,(anonymous_2)
FNDA:17,(anonymous_3)
FNDA:13,(anonymous_4)
FNDA:8,(anonymous_5)
FNDA:2,(anonymous_6)
FNDA:2,(anonymous_7)
FNDA:1,(anonymous_8)
FNDA:1,(anonymous_9)
FNDA:0,(anonymous_10)
FNDA:1,(anonymous_11)
FNDA:1,(anonymous_12)
FNDA:0,(anonymous_13)
FNDA:15,matchValidator
FNDA:10,matchOtherValidate
DA:16,1
DA:17,1
DA:24,1
DA:25,15
DA:26,15
DA:27,15
DA:28,15
DA:32,15
DA:35,15
DA:38,17
DA:39,17
DA:40,13
DA:41,13
DA:42,10
DA:43,8
DA:44,8
DA:45,8
DA:46,8
DA:47,8
DA:49,0
DA:50,0
DA:51,0
DA:54,2
DA:57,3
DA:58,3
DA:59,3
DA:65,2
DA:71,1
DA:72,1
DA:73,1
DA:75,0
DA:77,1
DA:79,1
DA:80,1
DA:81,1
DA:86,1
DA:87,1
DA:88,1
DA:89,1
DA:90,1
DA:91,1
DA:92,1
DA:93,1
DA:94,1
DA:95,1
DA:96,1
DA:97,1
DA:101,0
DA:102,0
DA:103,0
DA:104,0
DA:105,0
DA:106,0
DA:107,0
DA:108,0
DA:109,0
DA:110,0
DA:111,0
DA:116,15
DA:117,10
DA:118,10
DA:119,10
DA:120,1
DA:122,9
LF:64
LH:49
BRDA:41,0,0,10
BRDA:41,0,1,3
BRDA:43,1,0,8
BRDA:43,1,1,0
BRDA:35,2,0,1
BRDA:35,2,1,0
BRDA:35,3,0,1
BRDA:35,3,1,1
BRDA:35,4,0,1
BRDA:35,4,1,0
BRDA:35,5,0,1
BRDA:35,5,1,1
BRDA:35,6,0,1
BRDA:35,6,1,0
BRDA:35,7,0,1
BRDA:35,7,1,1
BRDA:119,8,0,1
BRF:17
BRH:13
end_of_record
TN:
SF:src/app/last-login-ip/last-login-ip.component.ts
FN:19,(anonymous_2)
FN:21,(anonymous_3)
FN:29,(anonymous_4)
FNF:3
FNH:3
FNDA:2,(anonymous_2)
FNDA:3,(anonymous_3)
FNDA:3,(anonymous_4)
DA:17,1
DA:18,2
DA:19,2
DA:22,3
DA:23,3
DA:25,1
DA:30,3
DA:31,3
DA:32,3
DA:33,1
DA:34,0
DA:36,0
LF:12
LH:10
BRDA:32,0,0,1
BRDA:34,1,0,0
BRDA:19,2,0,1
BRDA:19,2,1,0
BRDA:19,3,0,1
BRDA:19,3,1,1
BRF:6
BRH:4
end_of_record
TN:
SF:src/app/login/login.component.ts
FN:39,(anonymous_2)
FN:41,(anonymous_3)
FN:53,(anonymous_4)
FN:56,(anonymous_5)
FN:65,(anonymous_6)
FN:67,(anonymous_7)
FN:70,(anonymous_8)
FN:74,(anonymous_9)
FN:82,(anonymous_10)
FN:83,(anonymous_11)
FN:86,(anonymous_12)
FN:105,(anonymous_13)
FNF:12
FNH:6
FNDA:14,(anonymous_2)
FNDA:16,(anonymous_3)
FNDA:0,(anonymous_4)
FNDA:0,(anonymous_5)
FNDA:0,(anonymous_6)
FNDA:0,(anonymous_7)
FNDA:8,(anonymous_8)
FNDA:4,(anonymous_9)
FNDA:4,(anonymous_10)
FNDA:4,(anonymous_11)
FNDA:0,(anonymous_12)
FNDA:0,(anonymous_13)
DA:19,1
DA:20,1
DA:22,1
DA:29,1
DA:30,14
DA:31,14
DA:32,14
DA:34,14
DA:36,14
DA:37,14
DA:38,14
DA:39,14
DA:42,16
DA:43,16
DA:44,1
DA:45,1
DA:46,1
DA:48,15
DA:52,16
DA:53,16
DA:54,0
DA:55,0
DA:56,0
DA:57,0
DA:58,0
DA:59,0
DA:61,0
DA:62,0
DA:65,0
DA:67,16
DA:71,8
DA:72,8
DA:73,8
DA:74,8
DA:75,4
DA:76,4
DA:77,4
DA:78,4
DA:79,4
DA:80,4
DA:81,4
DA:82,4
DA:84,4
DA:85,0
DA:86,0
DA:87,0
DA:89,4
DA:90,4
DA:91,4
DA:92,4
DA:93,4
DA:94,4
DA:95,4
DA:98,8
DA:99,2
DA:101,6
DA:106,0
LF:57
LH:44
BRDA:43,0,0,1
BRDA:43,0,1,15
BRDA:54,1,0,0
BRDA:54,2,0,0
BRDA:54,2,1,0
BRDA:54,3,0,0
BRDA:54,3,1,0
BRDA:54,4,0,0
BRDA:54,4,1,0
BRDA:54,5,0,0
BRDA:54,5,1,0
BRDA:57,6,0,0
BRDA:57,6,1,0
BRDA:59,7,0,0
BRDA:59,7,1,0
BRDA:84,8,0,0
BRDA:84,9,0,4
BRDA:84,9,1,0
BRDA:84,9,2,0
BRDA:98,10,0,2
BRDA:98,10,1,6
BRDA:39,11,0,1
BRDA:39,11,1,0
BRDA:39,12,0,1
BRDA:39,12,1,1
BRDA:39,13,0,1
BRDA:39,13,1,0
BRDA:39,14,0,1
BRDA:39,14,1,1
BRDA:39,15,0,1
BRDA:39,15,1,0
BRDA:39,16,0,1
BRDA:39,16,1,1
BRDA:39,17,0,1
BRDA:39,17,1,0
BRDA:39,18,0,1
BRDA:39,18,1,1
BRDA:39,19,0,1
BRDA:39,19,1,0
BRDA:39,20,0,1
BRDA:39,20,1,1
BRDA:39,21,0,1
BRDA:39,21,1,0
BRDA:39,22,0,1
BRDA:39,22,1,1
BRDA:39,23,0,1
BRDA:39,23,1,0
BRDA:39,24,0,1
BRDA:39,24,1,1
BRDA:39,25,0,1
BRDA:39,25,1,0
BRDA:39,26,0,1
BRDA:39,26,1,1
BRF:53
BRH:29
end_of_record
TN:
SF:src/app/navbar/navbar.component.ts
FN:68,(anonymous_2)
FN:203,(anonymous_3)
FN:74,(anonymous_4)
FN:76,(anonymous_5)
FN:77,(anonymous_6)
FN:82,(anonymous_7)
FN:84,(anonymous_8)
FN:100,(anonymous_9)
FN:108,(anonymous_10)
FN:118,(anonymous_11)
FN:119,(anonymous_12)
FN:127,(anonymous_13)
FN:131,(anonymous_14)
FN:132,(anonymous_15)
FN:135,(anonymous_16)
FN:136,(anonymous_17)
FN:140,(anonymous_18)
FN:143,(anonymous_19)
FN:145,(anonymous_20)
FN:149,(anonymous_21)
FN:150,(anonymous_22)
FN:152,(anonymous_23)
FN:155,(anonymous_24)
FN:159,(anonymous_25)
FN:160,(anonymous_26)
FN:160,(anonymous_27)
FN:166,(anonymous_28)
FN:169,(anonymous_29)
FN:174,(anonymous_30)
FN:175,(anonymous_31)
FN:181,(anonymous_32)
FN:187,(anonymous_33)
FN:188,(anonymous_34)
FN:189,(anonymous_35)
FN:192,(anonymous_36)
FN:195,(anonymous_37)
FN:199,(anonymous_38)
FN:208,(anonymous_39)
FN:210,(anonymous_40)
FN:211,(anonymous_41)
FN:217,(anonymous_42)
FNF:41
FNH:26
FNDA:26,(anonymous_2)
FNDA:0,(anonymous_3)
FNDA:40,(anonymous_4)
FNDA:0,(anonymous_5)
FNDA:37,(anonymous_6)
FNDA:2,(anonymous_7)
FNDA:38,(anonymous_8)
FNDA:1,(anonymous_9)
FNDA:39,(anonymous_10)
FNDA:40,(anonymous_11)
FNDA:39,(anonymous_12)
FNDA:0,(anonymous_13)
FNDA:0,(anonymous_14)
FNDA:0,(anonymous_15)
FNDA:0,(anonymous_16)
FNDA:0,(anonymous_17)
FNDA:2,(anonymous_18)
FNDA:1,(anonymous_19)
FNDA:1,(anonymous_20)
FNDA:41,(anonymous_21)
FNDA:39,(anonymous_22)
FNDA:1,(anonymous_23)
FNDA:520,(anonymous_24)
FNDA:7,(anonymous_25)
FNDA:7,(anonymous_26)
FNDA:0,(anonymous_27)
FNDA:7,(anonymous_28)
FNDA:1,(anonymous_29)
FNDA:0,(anonymous_30)
FNDA:0,(anonymous_31)
FNDA:0,(anonymous_32)
FNDA:40,(anonymous_33)
FNDA:39,(anonymous_34)
FNDA:39,(anonymous_35)
FNDA:0,(anonymous_36)
FNDA:0,(anonymous_37)
FNDA:0,(anonymous_38)
FNDA:7,(anonymous_39)
FNDA:40,(anonymous_40)
FNDA:0,(anonymous_41)
FNDA:2,(anonymous_42)
DA:46,1
DA:47,1
DA:54,1
DA:55,26
DA:56,26
DA:57,26
DA:58,26
DA:59,26
DA:60,26
DA:61,26
DA:62,26
DA:63,26
DA:64,26
DA:66,26
DA:68,26
DA:69,26
DA:70,26
DA:71,26
DA:72,26
DA:75,40
DA:76,40
DA:77,40
DA:78,37
DA:80,1
DA:82,2
DA:84,40
DA:85,38
DA:86,1
DA:88,38
DA:89,2
DA:92,38
DA:93,0
DA:95,0
DA:96,0
DA:98,0
DA:100,1
DA:102,40
DA:103,2
DA:105,38
DA:108,40
DA:109,39
DA:110,39
DA:112,0
DA:116,40
DA:118,40
DA:119,40
DA:120,39
DA:121,0
DA:128,0
DA:129,0
DA:130,0
DA:131,0
DA:132,0
DA:134,0
DA:135,0
DA:136,0
DA:141,2
DA:142,1
DA:143,1
DA:145,1
DA:150,41
DA:151,39
DA:152,1
DA:156,520
DA:160,7
DA:161,7
DA:162,7
DA:163,7
DA:164,7
DA:165,7
DA:166,7
DA:170,1
DA:171,1
DA:172,1
DA:173,1
DA:174,1
DA:175,0
DA:176,0
DA:178,0
DA:181,0
DA:182,0
DA:188,40
DA:189,39
DA:190,39
DA:192,0
DA:196,0
DA:200,0
DA:203,26
DA:204,0
DA:211,40
DA:212,0
DA:213,0
DA:218,2
DA:219,2
LF:94
LH:69
BRDA:78,0,0,1
BRDA:85,1,0,1
BRDA:85,2,0,36
BRDA:85,2,1,2
BRDA:85,3,0,38
BRDA:85,3,1,38
BRDA:85,4,0,0
BRDA:85,4,1,38
BRDA:85,5,0,38
BRDA:85,5,1,38
BRDA:88,6,0,2
BRDA:88,7,0,0
BRDA:88,7,1,38
BRDA:88,8,0,38
BRDA:88,8,1,38
BRDA:92,9,0,0
BRDA:92,10,0,36
BRDA:92,10,1,2
BRDA:92,11,0,38
BRDA:92,11,1,38
BRDA:92,12,0,0
BRDA:92,12,1,38
BRDA:92,13,0,38
BRDA:92,13,1,38
BRDA:95,14,0,0
BRDA:102,15,0,2
BRDA:102,15,1,38
BRDA:109,16,0,39
BRDA:109,16,1,0
BRDA:120,17,0,0
BRDA:128,18,0,0
BRDA:128,18,1,0
BRDA:141,19,0,1
BRDA:141,19,1,1
BRDA:174,20,0,0
BRDA:219,21,0,2
BRDA:219,21,1,0
BRDA:219,22,0,2
BRDA:219,22,1,0
BRDA:219,23,0,2
BRDA:219,23,1,0
BRDA:68,24,0,1
BRDA:68,24,1,0
BRDA:68,25,0,1
BRDA:68,25,1,1
BRDA:68,26,0,1
BRDA:68,26,1,0
BRDA:68,27,0,1
BRDA:68,27,1,1
BRDA:68,28,0,1
BRDA:68,28,1,0
BRDA:68,29,0,1
BRDA:68,29,1,1
BRDA:69,30,0,1
BRDA:69,30,1,0
BRDA:69,31,0,1
BRDA:69,31,1,1
BRDA:69,32,0,1
BRDA:69,32,1,0
BRDA:69,33,0,1
BRDA:69,33,1,1
BRDA:69,34,0,1
BRDA:69,34,1,0
BRDA:69,35,0,1
BRDA:69,35,1,1
BRDA:70,36,0,1
BRDA:70,36,1,0
BRDA:70,37,0,1
BRDA:70,37,1,1
BRDA:70,38,0,1
BRDA:70,38,1,0
BRDA:70,39,0,1
BRDA:70,39,1,1
BRDA:70,40,0,1
BRDA:70,40,1,0
BRDA:70,41,0,1
BRDA:70,41,1,1
BRDA:71,42,0,1
BRDA:71,42,1,0
BRDA:71,43,0,1
BRDA:71,43,1,1
BRDA:71,44,0,1
BRDA:71,44,1,0
BRDA:71,45,0,1
BRDA:71,45,1,1
BRDA:71,46,0,1
BRDA:71,46,1,0
BRDA:71,47,0,1
BRDA:71,47,1,1
BRDA:72,48,0,1
BRDA:72,48,1,0
BRDA:72,49,0,1
BRDA:72,49,1,1
BRF:93
BRH:67
end_of_record
TN:
SF:src/app/oauth/oauth.component.ts
FN:17,(anonymous_2)
FN:19,(anonymous_3)
FN:20,(anonymous_4)
FN:22,(anonymous_5)
FN:24,(anonymous_6)
FN:25,(anonymous_7)
FN:27,(anonymous_8)
FN:31,(anonymous_9)
FN:32,(anonymous_10)
FN:39,(anonymous_11)
FN:40,(anonymous_12)
FN:42,(anonymous_13)
FN:46,(anonymous_14)
FN:53,(anonymous_15)
FNF:14
FNH:14
FNDA:5,(anonymous_2)
FNDA:8,(anonymous_3)
FNDA:7,(anonymous_4)
FNDA:6,(anonymous_5)
FNDA:1,(anonymous_6)
FNDA:1,(anonymous_7)
FNDA:1,(anonymous_8)
FNDA:8,(anonymous_9)
FNDA:7,(anonymous_10)
FNDA:7,(anonymous_11)
FNDA:1,(anonymous_12)
FNDA:1,(anonymous_13)
FNDA:2,(anonymous_14)
FNDA:8,(anonymous_15)
DA:16,1
DA:17,5
DA:20,8
DA:21,7
DA:22,7
DA:23,6
DA:24,1
DA:26,1
DA:27,1
DA:32,8
DA:33,7
DA:34,7
DA:35,7
DA:36,7
DA:37,7
DA:38,7
DA:39,7
DA:41,1
DA:42,1
DA:47,2
DA:48,2
DA:49,2
DA:50,2
DA:54,8
DA:55,8
DA:56,8
DA:57,8
DA:58,16
DA:59,16
DA:60,16
DA:62,8
LF:31
LH:31
BRDA:17,0,0,1
BRDA:17,0,1,0
BRDA:17,1,0,1
BRDA:17,1,1,1
BRDA:17,2,0,1
BRDA:17,2,1,0
BRDA:17,3,0,1
BRDA:17,3,1,1
BRDA:17,4,0,1
BRDA:17,4,1,0
BRDA:17,5,0,1
BRDA:17,5,1,1
BRDA:17,6,0,1
BRDA:17,6,1,0
BRDA:17,7,0,1
BRDA:17,7,1,1
BRDA:17,8,0,1
BRDA:17,8,1,0
BRDA:17,9,0,1
BRDA:17,9,1,1
BRF:20
BRH:15
end_of_record
TN:
SF:src/app/order-completion/order-completion.component.ts
FN:34,(anonymous_2)
FN:78,(anonymous_3)
FN:36,(anonymous_4)
FN:37,(anonymous_5)
FN:39,(anonymous_6)
FN:56,(anonymous_7)
FN:65,(anonymous_8)
FN:66,(anonymous_9)
FN:68,(anonymous_10)
FN:69,(anonymous_11)
FN:70,(anonymous_12)
FN:73,(anonymous_13)
FNF:12
FNH:9
FNDA:10,(anonymous_2)
FNDA:28,(anonymous_3)
FNDA:29,(anonymous_4)
FNDA:29,(anonymous_5)
FNDA:28,(anonymous_6)
FNDA:27,(anonymous_7)
FNDA:1,(anonymous_8)
FNDA:28,(anonymous_9)
FNDA:0,(anonymous_10)
FNDA:1,(anonymous_11)
FNDA:0,(anonymous_12)
FNDA:0,(anonymous_13)
DA:16,1
DA:17,1
DA:24,1
DA:25,10
DA:28,10
DA:29,10
DA:30,10
DA:32,10
DA:34,10
DA:37,29
DA:38,29
DA:39,29
DA:40,28
DA:41,28
DA:42,28
DA:43,28
DA:44,28
DA:46,28
DA:47,28
DA:48,28
DA:49,28
DA:50,28
DA:51,28
DA:53,16
DA:55,28
DA:56,28
DA:57,27
DA:58,4
DA:59,4
DA:60,3
DA:62,1
DA:65,1
DA:66,28
DA:67,28
DA:68,0
DA:69,1
DA:70,0
DA:74,0
DA:75,0
DA:78,10
DA:79,28
DA:80,28
DA:81,28
LF:43
LH:39
BRDA:78,0,0,28
BRDA:79,1,0,0
BRDA:81,2,0,2
BRDA:81,2,1,26
BRDA:40,3,0,1
BRDA:40,3,1,27
BRDA:41,4,0,1
BRDA:41,4,1,27
BRDA:47,5,0,28
BRDA:47,5,1,27
BRDA:57,6,0,4
BRDA:57,7,0,23
BRDA:57,7,1,4
BRDA:57,8,0,27
BRDA:57,8,1,27
BRDA:57,9,0,0
BRDA:57,9,1,27
BRDA:57,10,0,27
BRDA:57,10,1,27
BRDA:59,11,0,3
BRDA:59,11,1,1
BRDA:34,12,0,1
BRDA:34,12,1,0
BRDA:34,13,0,1
BRDA:34,13,1,1
BRDA:34,14,0,1
BRDA:34,14,1,0
BRDA:34,15,0,1
BRDA:34,15,1,1
BRDA:34,16,0,1
BRDA:34,16,1,0
BRDA:34,17,0,1
BRDA:34,17,1,1
BRDA:34,18,0,1
BRDA:34,18,1,0
BRDA:34,19,0,1
BRDA:34,19,1,1
BRDA:34,20,0,1
BRDA:34,20,1,0
BRDA:34,21,0,1
BRDA:34,21,1,1
BRF:41
BRH:34
end_of_record
TN:
SF:src/app/order-history/order-history.component.ts
FN:42,(anonymous_2)
FN:44,(anonymous_3)
FN:45,(anonymous_4)
FN:71,(anonymous_5)
FN:74,(anonymous_6)
FN:75,(anonymous_7)
FN:91,(anonymous_8)
FN:94,(anonymous_9)
FN:99,(anonymous_10)
FN:100,(anonymous_11)
FNF:10
FNH:7
FNDA:6,(anonymous_2)
FNDA:15,(anonymous_3)
FNDA:14,(anonymous_4)
FNDA:1,(anonymous_5)
FNDA:2,(anonymous_6)
FNDA:1,(anonymous_7)
FNDA:1,(anonymous_8)
FNDA:0,(anonymous_9)
FNDA:0,(anonymous_10)
FNDA:0,(anonymous_11)
DA:37,1
DA:38,6
DA:39,6
DA:40,6
DA:42,6
DA:45,15
DA:46,14
DA:47,14
DA:48,13
DA:50,1
DA:52,14
DA:53,1
DA:54,1
DA:55,1
DA:63,1
DA:71,1
DA:75,2
DA:76,1
DA:84,1
DA:91,1
DA:95,0
DA:96,0
DA:100,0
LF:23
LH:20
BRDA:47,0,0,13
BRDA:47,0,1,1
BRDA:42,1,0,1
BRDA:42,1,1,0
BRDA:42,2,0,1
BRDA:42,2,1,1
BRDA:42,3,0,1
BRDA:42,3,1,0
BRDA:42,4,0,1
BRDA:42,4,1,1
BRDA:42,5,0,1
BRDA:42,5,1,0
BRDA:42,6,0,1
BRDA:42,6,1,1
BRDA:42,7,0,1
BRDA:42,7,1,0
BRDA:42,8,0,1
BRDA:42,8,1,1
BRDA:42,9,0,1
BRDA:42,9,1,0
BRDA:42,10,0,1
BRDA:42,10,1,1
BRDA:42,11,0,1
BRDA:42,11,1,0
BRDA:42,12,0,1
BRDA:42,12,1,1
BRF:26
BRH:20
end_of_record
TN:
SF:src/app/order-summary/order-summary.component.ts
FN:26,(anonymous_2)
FN:28,(anonymous_3)
FN:29,(anonymous_4)
FN:33,(anonymous_5)
FN:35,(anonymous_6)
FN:38,(anonymous_7)
FN:41,(anonymous_8)
FN:47,(anonymous_9)
FN:53,(anonymous_10)
FN:59,(anonymous_11)
FN:66,(anonymous_12)
FN:67,(anonymous_13)
FNF:12
FNH:11
FNDA:9,(anonymous_2)
FNDA:15,(anonymous_3)
FNDA:15,(anonymous_4)
FNDA:14,(anonymous_5)
FNDA:1,(anonymous_6)
FNDA:8,(anonymous_7)
FNDA:1,(anonymous_8)
FNDA:10,(anonymous_9)
FNDA:1,(anonymous_10)
FNDA:1,(anonymous_11)
FNDA:1,(anonymous_12)
FNDA:0,(anonymous_13)
DA:19,1
DA:20,9
DA:21,9
DA:22,9
DA:23,9
DA:26,9
DA:29,15
DA:30,15
DA:33,15
DA:34,14
DA:35,1
DA:37,15
DA:38,9
DA:39,8
DA:40,8
DA:41,1
DA:42,6
DA:43,6
DA:48,10
DA:49,10
DA:50,10
DA:54,1
DA:59,1
DA:60,1
DA:61,1
DA:62,1
DA:63,1
DA:64,1
DA:65,1
DA:66,1
DA:68,0
DA:69,0
LF:32
LH:30
BRDA:37,0,0,9
BRDA:37,0,1,6
BRDA:42,1,0,6
BRDA:49,2,0,3
BRDA:49,2,1,7
BRDA:69,3,0,0
BRDA:69,3,1,0
BRDA:69,4,0,0
BRDA:69,4,1,0
BRDA:26,5,0,1
BRDA:26,5,1,0
BRDA:26,6,0,1
BRDA:26,6,1,1
BRDA:26,7,0,1
BRDA:26,7,1,0
BRDA:26,8,0,1
BRDA:26,8,1,1
BRDA:26,9,0,1
BRDA:26,9,1,0
BRDA:26,10,0,1
BRDA:26,10,1,1
BRDA:26,11,0,1
BRDA:26,11,1,0
BRDA:26,12,0,1
BRDA:26,12,1,1
BRDA:26,13,0,1
BRDA:26,13,1,0
BRDA:26,14,0,1
BRDA:26,14,1,1
BRDA:26,15,0,1
BRDA:26,15,1,0
BRDA:26,16,0,1
BRDA:26,16,1,1
BRDA:26,17,0,1
BRDA:26,17,1,0
BRDA:26,18,0,1
BRDA:26,18,1,1
BRF:37
BRH:26
end_of_record
TN:
SF:src/app/payment/payment.component.ts
FN:72,(anonymous_2)
FN:79,(anonymous_3)
FN:81,(anonymous_4)
FN:84,(anonymous_5)
FN:88,(anonymous_6)
FN:100,(anonymous_7)
FN:103,(anonymous_8)
FN:104,(anonymous_9)
FN:109,(anonymous_10)
FN:111,(anonymous_11)
FN:115,(anonymous_12)
FN:120,(anonymous_13)
FN:123,(anonymous_14)
FN:138,(anonymous_15)
FN:140,(anonymous_16)
FN:146,(anonymous_17)
FN:148,(anonymous_18)
FN:156,(anonymous_19)
FN:160,(anonymous_20)
FN:162,(anonymous_21)
FN:168,(anonymous_22)
FN:173,(anonymous_23)
FN:177,(anonymous_24)
FN:180,(anonymous_25)
FN:182,(anonymous_26)
FN:184,(anonymous_27)
FN:189,(anonymous_28)
FN:192,(anonymous_29)
FN:193,(anonymous_30)
FN:204,(anonymous_31)
FN:209,(anonymous_32)
FN:211,(anonymous_33)
FN:222,(anonymous_34)
FN:233,(anonymous_35)
FN:244,(anonymous_36)
FN:249,(anonymous_37)
FNF:36
FNH:26
FNDA:23,(anonymous_2)
FNDA:27,(anonymous_3)
FNDA:27,(anonymous_4)
FNDA:0,(anonymous_5)
FNDA:26,(anonymous_6)
FNDA:1,(anonymous_7)
FNDA:29,(anonymous_8)
FNDA:29,(anonymous_9)
FNDA:0,(anonymous_10)
FNDA:0,(anonymous_11)
FNDA:29,(anonymous_12)
FNDA:0,(anonymous_13)
FNDA:3,(anonymous_14)
FNDA:0,(anonymous_15)
FNDA:0,(anonymous_16)
FNDA:2,(anonymous_17)
FNDA:1,(anonymous_18)
FNDA:4,(anonymous_19)
FNDA:4,(anonymous_20)
FNDA:0,(anonymous_21)
FNDA:1,(anonymous_22)
FNDA:0,(anonymous_23)
FNDA:6,(anonymous_24)
FNDA:1,(anonymous_25)
FNDA:1,(anonymous_26)
FNDA:0,(anonymous_27)
FNDA:1,(anonymous_28)
FNDA:1,(anonymous_29)
FNDA:1,(anonymous_30)
FNDA:3,(anonymous_31)
FNDA:0,(anonymous_32)
FNDA:1,(anonymous_33)
FNDA:1,(anonymous_34)
FNDA:1,(anonymous_35)
FNDA:1,(anonymous_36)
FNDA:6,(anonymous_37)
DA:34,1
DA:35,1
DA:42,1
DA:45,23
DA:46,23
DA:47,23
DA:48,23
DA:50,23
DA:52,23
DA:53,23
DA:54,23
DA:56,23
DA:58,23
DA:59,23
DA:60,23
DA:72,23
DA:73,23
DA:74,23
DA:75,23
DA:76,23
DA:77,23
DA:80,27
DA:81,27
DA:82,27
DA:83,27
DA:84,0
DA:85,27
DA:86,27
DA:88,27
DA:89,26
DA:90,2
DA:91,1
DA:93,2
DA:94,1
DA:96,2
DA:97,0
DA:100,1
DA:104,29
DA:105,29
DA:106,29
DA:107,0
DA:108,29
DA:109,0
DA:110,0
DA:111,0
DA:113,29
DA:114,29
DA:115,29
DA:116,29
DA:117,29
DA:120,0
DA:124,3
DA:125,3
DA:127,3
DA:128,3
DA:129,3
DA:131,3
DA:132,3
DA:133,3
DA:134,0
DA:135,0
DA:137,0
DA:138,0
DA:139,0
DA:141,0
DA:143,0
DA:146,3
DA:147,2
DA:149,1
DA:150,1
DA:151,1
DA:157,4
DA:158,4
DA:159,4
DA:160,4
DA:161,4
DA:163,0
DA:165,4
DA:169,1
DA:170,1
DA:174,0
DA:178,6
DA:179,6
DA:180,1
DA:181,1
DA:182,1
DA:183,1
DA:185,0
DA:186,0
DA:188,5
DA:189,2
DA:190,1
DA:191,1
DA:192,1
DA:193,1
DA:195,3
DA:196,2
DA:197,0
DA:198,0
DA:200,2
DA:202,1
DA:204,3
DA:212,1
DA:223,1
DA:234,1
DA:245,1
DA:246,1
DA:250,6
DA:251,6
DA:252,6
LF:110
LH:90
BRDA:85,0,0,0
BRDA:85,0,1,27
BRDA:86,1,0,0
BRDA:86,1,1,27
BRDA:89,2,0,2
BRDA:89,3,0,24
BRDA:89,3,1,2
BRDA:89,4,0,26
BRDA:89,4,1,26
BRDA:89,5,0,0
BRDA:89,5,1,26
BRDA:89,6,0,26
BRDA:89,6,1,26
BRDA:90,7,0,1
BRDA:93,8,0,1
BRDA:96,9,0,0
BRDA:106,10,0,0
BRDA:106,10,1,29
BRDA:108,11,0,0
BRDA:108,11,1,29
BRDA:114,12,0,29
BRDA:114,12,1,0
BRDA:133,13,0,0
BRDA:133,13,1,3
BRDA:134,14,0,0
BRDA:134,14,1,0
BRDA:179,15,0,1
BRDA:179,15,1,5
BRDA:186,16,0,0
BRDA:186,16,1,0
BRDA:186,17,0,0
BRDA:186,17,1,0
BRDA:188,18,0,2
BRDA:188,18,1,3
BRDA:195,19,0,2
BRDA:195,19,1,1
BRDA:196,20,0,0
BRDA:72,21,0,1
BRDA:72,21,1,0
BRDA:72,22,0,1
BRDA:72,22,1,1
BRDA:72,23,0,1
BRDA:72,23,1,0
BRDA:72,24,0,1
BRDA:72,24,1,1
BRDA:72,25,0,1
BRDA:72,25,1,0
BRDA:72,26,0,1
BRDA:72,26,1,1
BRDA:73,27,0,1
BRDA:73,27,1,0
BRDA:73,28,0,1
BRDA:73,28,1,1
BRDA:73,29,0,1
BRDA:73,29,1,0
BRDA:73,30,0,1
BRDA:73,30,1,1
BRDA:73,31,0,1
BRDA:73,31,1,0
BRDA:73,32,0,1
BRDA:73,32,1,1
BRDA:74,33,0,1
BRDA:74,33,1,0
BRDA:74,34,0,1
BRDA:74,34,1,1
BRDA:74,35,0,1
BRDA:74,35,1,0
BRDA:74,36,0,1
BRDA:74,36,1,1
BRDA:74,37,0,1
BRDA:74,37,1,0
BRDA:74,38,0,1
BRDA:74,38,1,1
BRDA:75,39,0,1
BRDA:75,39,1,0
BRDA:75,40,0,1
BRDA:75,40,1,1
BRDA:75,41,0,1
BRDA:75,41,1,0
BRDA:75,42,0,1
BRDA:75,42,1,1
BRDA:76,43,0,1
BRDA:76,43,1,0
BRDA:76,44,0,1
BRDA:76,44,1,1
BRDA:76,45,0,1
BRDA:76,45,1,0
BRDA:76,46,0,1
BRDA:76,46,1,1
BRF:89
BRH:61
end_of_record
TN:
SF:src/app/payment-method/payment-method.component.ts
FN:43,(anonymous_2)
FN:45,(anonymous_3)
FN:46,(anonymous_4)
FN:47,(anonymous_5)
FN:56,(anonymous_6)
FN:57,(anonymous_7)
FN:61,(anonymous_8)
FN:64,(anonymous_9)
FN:69,(anonymous_10)
FN:71,(anonymous_11)
FN:73,(anonymous_12)
FN:78,(anonymous_13)
FN:84,(anonymous_14)
FN:85,(anonymous_15)
FN:87,(anonymous_16)
FN:90,(anonymous_17)
FN:94,(anonymous_18)
FNF:17
FNH:12
FNDA:37,(anonymous_2)
FNDA:37,(anonymous_3)
FNDA:444,(anonymous_4)
FNDA:740,(anonymous_5)
FNDA:41,(anonymous_6)
FNDA:15,(anonymous_7)
FNDA:2,(anonymous_8)
FNDA:2,(anonymous_9)
FNDA:1,(anonymous_10)
FNDA:1,(anonymous_11)
FNDA:0,(anonymous_12)
FNDA:1,(anonymous_13)
FNDA:0,(anonymous_14)
FNDA:0,(anonymous_15)
FNDA:0,(anonymous_16)
FNDA:0,(anonymous_17)
FNDA:1,(anonymous_18)
DA:16,1
DA:17,1
DA:25,1
DA:26,37
DA:27,37
DA:28,37
DA:29,37
DA:30,37
DA:31,37
DA:32,37
DA:36,37
DA:40,37
DA:41,37
DA:43,37
DA:46,444
DA:47,740
DA:48,37
DA:49,1
DA:51,36
DA:53,37
DA:57,41
DA:58,15
DA:59,15
DA:60,15
DA:61,2
DA:65,2
DA:66,2
DA:67,2
DA:68,2
DA:69,2
DA:70,1
DA:71,1
DA:72,1
DA:74,0
DA:76,1
DA:77,1
DA:79,1
DA:80,1
DA:85,0
DA:86,0
DA:87,0
DA:91,0
DA:95,1
DA:96,1
DA:97,1
DA:98,1
DA:99,1
DA:100,1
DA:101,1
DA:102,1
DA:103,1
DA:104,1
DA:105,1
DA:106,1
LF:54
LH:49
BRDA:48,0,0,1
BRDA:48,0,1,36
BRDA:79,1,0,0
BRDA:79,1,1,1
BRDA:79,2,0,1
BRDA:79,2,1,1
BRDA:43,3,0,1
BRDA:43,3,1,0
BRDA:43,4,0,1
BRDA:43,4,1,1
BRDA:43,5,0,1
BRDA:43,5,1,0
BRDA:43,6,0,1
BRDA:43,6,1,1
BRDA:43,7,0,1
BRDA:43,7,1,0
BRDA:43,8,0,1
BRDA:43,8,1,1
BRF:18
BRH:14
end_of_record
TN:
SF:src/app/photo-wall/mime-type.validator.ts
FN:9,(anonymous_0)
FN:18,(anonymous_1)
FN:19,(anonymous_2)
FNF:3
FNH:3
FNDA:1,(anonymous_0)
FNDA:1,(anonymous_1)
FNDA:1,(anonymous_2)
DA:9,1
DA:12,1
DA:13,0
DA:15,1
DA:16,1
DA:17,1
DA:19,1
DA:20,1
DA:21,1
DA:22,1
DA:23,1
DA:24,0
DA:26,1
DA:28,0
DA:29,0
DA:35,0
DA:36,0
DA:38,1
DA:39,1
DA:41,1
DA:42,0
DA:44,1
DA:46,1
DA:48,1
DA:51,1
LF:25
LH:18
BRDA:12,0,0,0
BRDA:26,1,0,0
BRDA:26,1,1,0
BRDA:26,1,2,0
BRDA:26,1,3,0
BRDA:26,1,4,0
BRDA:26,1,5,0
BRDA:26,1,6,1
BRDA:41,2,0,0
BRDA:41,2,1,1
BRF:10
BRH:2
end_of_record
TN:
SF:src/app/photo-wall/photo-wall.component.ts
FN:35,(anonymous_2)
FN:38,(anonymous_3)
FN:40,(anonymous_4)
FN:53,(anonymous_5)
FN:54,(anonymous_6)
FN:60,(anonymous_7)
FN:63,(anonymous_8)
FN:68,(anonymous_9)
FN:74,(anonymous_10)
FN:75,(anonymous_11)
FN:79,(anonymous_12)
FN:85,(anonymous_13)
FN:89,(anonymous_14)
FNF:13
FNH:11
FNDA:9,(anonymous_2)
FNDA:23,(anonymous_3)
FNDA:22,(anonymous_4)
FNDA:1,(anonymous_5)
FNDA:22,(anonymous_6)
FNDA:1,(anonymous_7)
FNDA:0,(anonymous_8)
FNDA:0,(anonymous_9)
FNDA:2,(anonymous_10)
FNDA:1,(anonymous_11)
FNDA:1,(anonymous_12)
FNDA:22,(anonymous_13)
FNDA:1,(anonymous_14)
DA:16,1
DA:17,1
DA:24,1
DA:25,9
DA:27,9
DA:32,9
DA:33,9
DA:35,9
DA:36,9
DA:39,23
DA:40,23
DA:41,22
DA:42,21
DA:44,1
DA:46,22
DA:47,1
DA:49,0
DA:51,1
DA:53,1
DA:54,23
DA:55,22
DA:56,1
DA:57,1
DA:60,1
DA:64,0
DA:65,0
DA:66,0
DA:67,0
DA:68,0
DA:69,0
DA:71,0
DA:75,2
DA:76,1
DA:77,1
DA:78,1
DA:80,1
DA:81,1
DA:86,22
DA:90,1
DA:91,1
DA:92,1
DA:93,1
DA:94,1
DA:95,1
DA:96,1
LF:45
LH:37
BRDA:41,0,0,21
BRDA:41,0,1,1
BRDA:47,1,0,0
BRDA:47,2,0,1
BRDA:47,2,1,0
BRDA:47,3,0,1
BRDA:47,3,1,1
BRDA:55,4,0,1
BRDA:55,5,0,21
BRDA:55,5,1,1
BRDA:55,6,0,22
BRDA:55,6,1,22
BRDA:55,7,0,0
BRDA:55,7,1,22
BRDA:55,8,0,22
BRDA:55,8,1,22
BRDA:56,9,0,1
BRDA:80,10,0,1
BRDA:80,10,1,0
BRDA:80,11,0,1
BRDA:80,11,1,1
BRDA:35,12,0,1
BRDA:35,12,1,0
BRDA:35,13,0,1
BRDA:35,13,1,1
BRDA:35,14,0,1
BRDA:35,14,1,0
BRDA:35,15,0,1
BRDA:35,15,1,1
BRDA:35,16,0,1
BRDA:35,16,1,0
BRDA:35,17,0,1
BRDA:35,17,1,1
BRF:33
BRH:26
end_of_record
TN:
SF:src/app/privacy-policy/privacy-policy.component.ts
FN:20,(anonymous_2)
FN:22,(anonymous_3)
FN:24,(anonymous_4)
FN:33,(anonymous_5)
FNF:4
FNH:3
FNDA:1,(anonymous_2)
FNDA:1,(anonymous_3)
FNDA:1,(anonymous_4)
FNDA:0,(anonymous_5)
DA:15,1
DA:16,1
DA:20,1
DA:23,1
DA:24,1
DA:25,1
DA:26,0
DA:28,1
DA:29,0
DA:31,1
DA:33,0
LF:11
LH:8
BRDA:25,0,0,0
BRDA:25,1,0,1
BRDA:25,1,1,0
BRDA:25,2,0,1
BRDA:25,2,1,1
BRDA:25,3,0,0
BRDA:25,3,1,1
BRDA:25,4,0,1
BRDA:25,4,1,1
BRDA:28,5,0,0
BRDA:28,5,1,1
BRDA:28,6,0,1
BRDA:28,6,1,0
BRDA:28,7,0,1
BRDA:28,7,1,1
BRDA:28,8,0,0
BRDA:28,8,1,1
BRDA:28,9,0,1
BRDA:28,9,1,1
BRDA:20,10,0,1
BRDA:20,10,1,0
BRDA:20,11,0,1
BRDA:20,11,1,1
BRDA:20,12,0,1
BRDA:20,12,1,0
BRDA:20,13,0,1
BRDA:20,13,1,1
BRF:27
BRH:19
end_of_record
TN:
SF:src/app/privacy-security/privacy-security.component.ts
FN:28,(anonymous_2)
FN:25,(anonymous_3)
FN:19,(anonymous_4)
FNF:3
FNH:2
FNDA:1,(anonymous_2)
FNDA:0,(anonymous_3)
FNDA:1,(anonymous_4)
DA:16,1
DA:18,1
DA:20,1
DA:23,1
DA:25,0
DA:28,1
LF:6
LH:5
BRDA:28,0,0,1
BRDA:28,0,1,0
BRDA:28,1,0,1
BRDA:28,1,1,1
BRF:4
BRH:3
end_of_record
TN:
SF:src/app/product-details/product-details.component.ts
FN:32,(anonymous_2)
FN:36,(anonymous_3)
FN:39,(anonymous_4)
FN:45,(anonymous_5)
FN:48,(anonymous_6)
FN:54,(anonymous_7)
FN:58,(anonymous_8)
FN:60,(anonymous_9)
FN:64,(anonymous_10)
FN:71,(anonymous_11)
FN:74,(anonymous_12)
FN:75,(anonymous_13)
FN:78,(anonymous_14)
FN:81,(anonymous_15)
FNF:14
FNH:11
FNDA:8,(anonymous_2)
FNDA:15,(anonymous_3)
FNDA:14,(anonymous_4)
FNDA:1,(anonymous_5)
FNDA:8,(anonymous_6)
FNDA:4,(anonymous_7)
FNDA:3,(anonymous_8)
FNDA:1,(anonymous_9)
FNDA:2,(anonymous_10)
FNDA:2,(anonymous_11)
FNDA:0,(anonymous_12)
FNDA:0,(anonymous_13)
FNDA:0,(anonymous_14)
FNDA:128,(anonymous_15)
DA:19,1
DA:20,1
DA:27,1
DA:28,8
DA:31,8
DA:32,8
DA:33,8
DA:34,8
DA:37,15
DA:38,15
DA:39,15
DA:40,14
DA:41,3
DA:43,11
DA:45,1
DA:49,8
DA:50,8
DA:55,4
DA:57,4
DA:58,4
DA:59,3
DA:60,1
DA:61,4
DA:65,2
DA:71,2
DA:75,0
DA:76,0
DA:78,0
DA:82,128
LF:29
LH:26
BRDA:40,0,0,3
BRDA:40,0,1,11
BRDA:40,1,0,0
BRDA:40,1,1,14
BRDA:40,2,0,14
BRDA:40,2,1,14
BRDA:49,3,0,8
BRDA:32,4,0,1
BRDA:32,4,1,0
BRDA:32,5,0,1
BRDA:32,5,1,1
BRDA:32,6,0,1
BRDA:32,6,1,0
BRDA:32,7,0,1
BRDA:32,7,1,1
BRDA:33,8,0,1
BRDA:33,8,1,0
BRDA:33,9,0,1
BRDA:33,9,1,1
BRDA:34,10,0,1
BRDA:34,10,1,0
BRDA:34,11,0,1
BRDA:34,11,1,1
BRDA:34,12,0,1
BRDA:34,12,1,0
BRDA:34,13,0,1
BRDA:34,13,1,1
BRF:27
BRH:21
end_of_record
TN:
SF:src/app/product-review-edit/product-review-edit.component.ts
FN:29,(anonymous_2)
FN:32,(anonymous_3)
FN:36,(anonymous_4)
FN:37,(anonymous_5)
FN:39,(anonymous_6)
FNF:5
FNH:5
FNDA:5,(anonymous_2)
FNDA:9,(anonymous_3)
FNDA:3,(anonymous_4)
FNDA:2,(anonymous_5)
FNDA:1,(anonymous_6)
DA:17,1
DA:18,1
DA:25,1
DA:26,5
DA:27,5
DA:29,5
DA:30,5
DA:33,9
DA:37,3
DA:38,2
DA:40,1
DA:41,1
DA:43,3
LF:13
LH:13
BRDA:29,0,0,1
BRDA:29,0,1,0
BRDA:29,1,0,1
BRDA:29,1,1,1
BRDA:29,2,0,1
BRDA:29,2,1,0
BRDA:29,3,0,1
BRDA:29,3,1,1
BRDA:29,4,0,1
BRDA:29,4,1,0
BRDA:29,5,0,1
BRDA:29,5,1,1
BRDA:30,6,0,1
BRDA:30,6,1,0
BRDA:30,7,0,1
BRDA:30,7,1,1
BRF:16
BRH:12
end_of_record
TN:
SF:src/app/purchase-basket/purchase-basket.component.ts
FN:34,(anonymous_2)
FN:37,(anonymous_3)
FN:42,(anonymous_4)
FN:45,(anonymous_5)
FN:48,(anonymous_6)
FN:49,(anonymous_7)
FN:51,(anonymous_8)
FN:57,(anonymous_9)
FN:59,(anonymous_10)
FN:61,(anonymous_11)
FN:64,(anonymous_12)
FN:65,(anonymous_13)
FN:68,(anonymous_14)
FN:71,(anonymous_15)
FN:75,(anonymous_16)
FN:79,(anonymous_17)
FN:80,(anonymous_18)
FN:83,(anonymous_19)
FN:86,(anonymous_20)
FN:90,(anonymous_21)
FN:93,(anonymous_22)
FN:98,(anonymous_23)
FNF:22
FNH:22
FNDA:36,(anonymous_2)
FNDA:38,(anonymous_3)
FNDA:24,(anonymous_4)
FNDA:1,(anonymous_5)
FNDA:53,(anonymous_6)
FNDA:47,(anonymous_7)
FNDA:1,(anonymous_8)
FNDA:13,(anonymous_9)
FNDA:13,(anonymous_10)
FNDA:2,(anonymous_11)
FNDA:3,(anonymous_12)
FNDA:2,(anonymous_13)
FNDA:1,(anonymous_14)
FNDA:5,(anonymous_15)
FNDA:6,(anonymous_16)
FNDA:11,(anonymous_17)
FNDA:9,(anonymous_18)
FNDA:7,(anonymous_19)
FNDA:2,(anonymous_20)
FNDA:2,(anonymous_21)
FNDA:47,(anonymous_22)
FNDA:47,(anonymous_23)
DA:15,1
DA:16,1
DA:23,1
DA:24,36
DA:25,36
DA:26,36
DA:27,36
DA:28,36
DA:29,36
DA:30,36
DA:31,36
DA:32,36
DA:34,36
DA:35,36
DA:38,38
DA:39,4
DA:41,38
DA:42,38
DA:43,24
DA:44,24
DA:45,1
DA:49,53
DA:50,47
DA:51,1
DA:52,1
DA:55,47
DA:57,47
DA:59,47
DA:60,47
DA:61,2
DA:65,3
DA:66,2
DA:67,2
DA:68,1
DA:72,5
DA:76,6
DA:80,11
DA:82,9
DA:83,9
DA:84,7
DA:85,7
DA:87,2
DA:88,2
DA:90,2
DA:94,47
DA:95,47
DA:99,47
LF:47
LH:47
BRDA:38,0,0,4
BRDA:38,1,0,38
BRDA:38,1,1,4
BRDA:43,2,0,24
BRDA:43,2,1,23
BRDA:50,3,0,1
BRDA:83,4,0,4
BRDA:83,4,1,5
BRDA:87,5,0,2
BRDA:87,5,1,0
BRDA:87,6,0,2
BRDA:87,6,1,2
BRDA:34,7,0,1
BRDA:34,7,1,0
BRDA:34,8,0,1
BRDA:34,8,1,1
BRDA:34,9,0,1
BRDA:34,9,1,0
BRDA:34,10,0,1
BRDA:34,10,1,1
BRDA:34,11,0,1
BRDA:34,11,1,0
BRDA:34,12,0,1
BRDA:34,12,1,1
BRDA:35,13,0,1
BRDA:35,13,1,0
BRDA:35,14,0,1
BRDA:35,14,1,1
BRF:28
BRH:23
end_of_record
TN:
SF:src/app/qr-code/qr-code.component.ts
FN:24,(anonymous_2)
FN:26,(anonymous_3)
FNF:2
FNH:2
FNDA:1,(anonymous_2)
FNDA:2,(anonymous_3)
DA:11,1
DA:12,1
DA:19,1
DA:24,1
DA:27,2
DA:28,2
DA:29,2
DA:30,2
LF:8
LH:8
BRF:0
BRH:0
end_of_record
TN:
SF:src/app/recycle/recycle.component.ts
FN:39,(anonymous_2)
FN:43,(anonymous_3)
FN:44,(anonymous_4)
FN:51,(anonymous_5)
FN:56,(anonymous_6)
FN:59,(anonymous_7)
FN:60,(anonymous_8)
FN:65,(anonymous_9)
FN:68,(anonymous_10)
FN:76,(anonymous_11)
FN:78,(anonymous_12)
FN:80,(anonymous_13)
FN:84,(anonymous_14)
FN:86,(anonymous_15)
FN:93,(anonymous_16)
FN:99,(anonymous_17)
FN:100,(anonymous_18)
FN:102,(anonymous_19)
FN:107,(anonymous_20)
FN:118,(anonymous_21)
FNF:20
FNH:15
FNDA:14,(anonymous_2)
FNDA:24,(anonymous_3)
FNDA:23,(anonymous_4)
FNDA:1,(anonymous_5)
FNDA:0,(anonymous_6)
FNDA:24,(anonymous_7)
FNDA:23,(anonymous_8)
FNDA:1,(anonymous_9)
FNDA:2,(anonymous_10)
FNDA:2,(anonymous_11)
FNDA:1,(anonymous_12)
FNDA:0,(anonymous_13)
FNDA:1,(anonymous_14)
FNDA:0,(anonymous_15)
FNDA:0,(anonymous_16)
FNDA:24,(anonymous_17)
FNDA:23,(anonymous_18)
FNDA:1,(anonymous_19)
FNDA:3,(anonymous_20)
FNDA:0,(anonymous_21)
DA:18,1
DA:19,1
DA:26,1
DA:28,14
DA:29,14
DA:30,14
DA:31,14
DA:35,14
DA:38,14
DA:39,14
DA:40,14
DA:41,14
DA:44,24
DA:45,23
DA:47,2
DA:49,2
DA:51,1
DA:53,24
DA:54,24
DA:56,24
DA:60,24
DA:61,23
DA:62,23
DA:63,23
DA:64,23
DA:65,1
DA:69,2
DA:70,2
DA:71,2
DA:72,1
DA:73,1
DA:76,2
DA:77,2
DA:78,1
DA:79,1
DA:81,0
DA:84,1
DA:85,1
DA:87,0
DA:90,2
DA:91,2
DA:92,2
DA:94,0
DA:95,0
DA:100,24
DA:101,23
DA:103,1
DA:108,3
DA:109,3
DA:110,3
DA:111,3
DA:112,3
DA:113,3
DA:114,3
DA:115,3
DA:119,0
LF:56
LH:51
BRDA:45,0,0,2
BRDA:45,1,0,21
BRDA:45,1,1,2
BRDA:45,2,0,23
BRDA:45,2,1,23
BRDA:45,3,0,0
BRDA:45,3,1,23
BRDA:45,4,0,23
BRDA:45,4,1,23
BRDA:71,5,0,1
BRDA:77,6,0,1
BRDA:77,6,1,1
BRDA:94,7,0,0
BRDA:94,7,1,0
BRDA:94,8,0,0
BRDA:94,8,1,0
BRDA:39,9,0,1
BRDA:39,9,1,0
BRDA:39,10,0,1
BRDA:39,10,1,1
BRDA:39,11,0,1
BRDA:39,11,1,0
BRDA:39,12,0,1
BRDA:39,12,1,1
BRDA:39,13,0,1
BRDA:39,13,1,0
BRDA:39,14,0,1
BRDA:39,14,1,1
BRDA:40,15,0,1
BRDA:40,15,1,0
BRDA:40,16,0,1
BRDA:40,16,1,1
BRDA:40,17,0,1
BRDA:40,17,1,0
BRDA:40,18,0,1
BRDA:40,18,1,1
BRDA:41,19,0,1
BRDA:41,19,1,0
BRDA:41,20,0,1
BRDA:41,20,1,1
BRF:40
BRH:29
end_of_record
TN:
SF:src/app/register/register.component.ts
FN:39,(anonymous_2)
FN:49,(anonymous_3)
FN:50,(anonymous_4)
FN:52,(anonymous_5)
FN:54,(anonymous_6)
FN:57,(anonymous_7)
FN:62,(anonymous_8)
FN:66,(anonymous_9)
FN:71,(anonymous_10)
FN:72,(anonymous_11)
FN:75,(anonymous_12)
FN:90,matchValidator
FN:91,matchOtherValidate
FNF:13
FNH:12
FNDA:13,(anonymous_2)
FNDA:16,(anonymous_3)
FNDA:15,(anonymous_4)
FNDA:1,(anonymous_5)
FNDA:0,(anonymous_6)
FNDA:2,(anonymous_7)
FNDA:2,(anonymous_8)
FNDA:1,(anonymous_9)
FNDA:1,(anonymous_10)
FNDA:1,(anonymous_11)
FNDA:1,(anonymous_12)
FNDA:13,matchValidator
FNDA:31,matchOtherValidate
DA:21,1
DA:22,1
DA:29,1
DA:30,13
DA:31,13
DA:32,13
DA:33,13
DA:34,13
DA:37,13
DA:39,13
DA:40,13
DA:41,13
DA:42,13
DA:43,13
DA:44,13
DA:45,13
DA:46,13
DA:47,13
DA:50,16
DA:51,15
DA:52,1
DA:54,16
DA:58,2
DA:62,2
DA:66,2
DA:67,1
DA:72,1
DA:73,1
DA:76,1
DA:77,1
DA:78,0
DA:79,0
DA:81,0
DA:83,0
DA:91,13
DA:92,31
DA:93,31
DA:94,31
DA:95,2
DA:97,29
LF:40
LH:36
BRDA:77,0,0,0
BRDA:77,1,0,1
BRDA:77,1,1,0
BRDA:77,2,0,1
BRDA:77,2,1,1
BRDA:79,3,0,0
BRDA:79,3,1,0
BRDA:39,4,0,1
BRDA:39,4,1,0
BRDA:39,5,0,1
BRDA:39,5,1,1
BRDA:39,6,0,1
BRDA:39,6,1,0
BRDA:39,7,0,1
BRDA:39,7,1,1
BRDA:40,8,0,1
BRDA:40,8,1,0
BRDA:40,9,0,1
BRDA:40,9,1,1
BRDA:41,10,0,1
BRDA:41,10,1,0
BRDA:41,11,0,1
BRDA:41,11,1,1
BRDA:42,12,0,1
BRDA:42,12,1,0
BRDA:42,13,0,1
BRDA:42,13,1,1
BRDA:43,14,0,1
BRDA:43,14,1,0
BRDA:43,15,0,1
BRDA:43,15,1,1
BRDA:44,16,0,1
BRDA:44,16,1,0
BRDA:44,17,0,1
BRDA:44,17,1,1
BRDA:45,18,0,1
BRDA:45,18,1,0
BRDA:45,19,0,1
BRDA:45,19,1,1
BRDA:46,20,0,1
BRDA:46,20,1,0
BRDA:46,21,0,1
BRDA:46,21,1,1
BRDA:94,22,0,2
BRF:44
BRH:31
end_of_record
TN:
SF:src/app/saved-address/saved-address.component.ts
FNF:0
FNH:0
DA:14,1
LF:1
LH:1
BRF:0
BRH:0
end_of_record
TN:
SF:src/app/saved-payment-methods/saved-payment-methods.component.ts
FNF:0
FNH:0
DA:14,1
LF:1
LH:1
BRF:0
BRH:0
end_of_record
TN:
SF:src/app/score-board/score-board.component.ts
FN:67,(anonymous_2)
FN:70,(anonymous_3)
FN:77,(anonymous_4)
FN:93,(anonymous_5)
FN:94,(anonymous_6)
FN:106,(anonymous_7)
FN:112,(anonymous_8)
FN:124,(anonymous_9)
FN:131,(anonymous_10)
FN:135,(anonymous_11)
FN:137,(anonymous_12)
FN:138,(anonymous_13)
FN:155,(anonymous_14)
FN:159,(anonymous_15)
FN:161,(anonymous_16)
FN:166,(anonymous_17)
FN:168,(anonymous_18)
FN:172,(anonymous_19)
FN:174,(anonymous_20)
FN:181,(anonymous_21)
FN:185,(anonymous_22)
FN:197,(anonymous_23)
FN:205,(anonymous_24)
FN:211,(anonymous_25)
FN:212,(anonymous_26)
FN:217,(anonymous_27)
FN:224,(anonymous_28)
FN:230,(anonymous_29)
FN:248,(anonymous_30)
FN:252,(anonymous_31)
FN:258,(anonymous_32)
FN:269,(anonymous_33)
FN:274,(anonymous_34)
FN:279,(anonymous_35)
FN:283,(anonymous_36)
FN:287,(anonymous_37)
FN:295,(anonymous_38)
FN:299,(anonymous_39)
FN:305,(anonymous_40)
FN:316,(anonymous_41)
FN:320,(anonymous_42)
FN:324,(anonymous_43)
FN:325,(anonymous_44)
FN:338,(anonymous_45)
FN:344,(anonymous_46)
FN:345,(anonymous_47)
FN:350,(anonymous_48)
FN:352,(anonymous_49)
FN:357,(anonymous_50)
FN:361,(anonymous_51)
FN:365,(anonymous_52)
FN:369,(anonymous_53)
FN:373,(anonymous_54)
FN:383,(anonymous_55)
FN:398,(anonymous_56)
FN:402,(anonymous_57)
FNF:56
FNH:32
FNDA:40,(anonymous_2)
FNDA:67,(anonymous_3)
FNDA:66,(anonymous_4)
FNDA:66,(anonymous_5)
FNDA:66,(anonymous_6)
FNDA:1,(anonymous_7)
FNDA:0,(anonymous_8)
FNDA:6,(anonymous_9)
FNDA:0,(anonymous_10)
FNDA:1,(anonymous_11)
FNDA:67,(anonymous_12)
FNDA:67,(anonymous_13)
FNDA:82,(anonymous_14)
FNDA:3,(anonymous_15)
FNDA:0,(anonymous_16)
FNDA:1,(anonymous_17)
FNDA:0,(anonymous_18)
FNDA:1,(anonymous_19)
FNDA:0,(anonymous_20)
FNDA:80,(anonymous_21)
FNDA:66,(anonymous_22)
FNDA:68,(anonymous_23)
FNDA:72,(anonymous_24)
FNDA:600,(anonymous_25)
FNDA:600,(anonymous_26)
FNDA:12,(anonymous_27)
FNDA:68,(anonymous_28)
FNDA:408,(anonymous_29)
FNDA:3,(anonymous_30)
FNDA:0,(anonymous_31)
FNDA:2,(anonymous_32)
FNDA:0,(anonymous_33)
FNDA:0,(anonymous_34)
FNDA:0,(anonymous_35)
FNDA:0,(anonymous_36)
FNDA:0,(anonymous_37)
FNDA:0,(anonymous_38)
FNDA:0,(anonymous_39)
FNDA:0,(anonymous_40)
FNDA:69,(anonymous_41)
FNDA:66,(anonymous_42)
FNDA:80,(anonymous_43)
FNDA:80,(anonymous_44)
FNDA:70,(anonymous_45)
FNDA:504,(anonymous_46)
[...]
FNDA:0,(anonymous_51)
FNDA:0,(anonymous_52)
FNDA:0,(anonymous_53)
FNDA:0,(anonymous_54)
FNDA:0,(anonymous_55)
FNDA:0,(anonymous_56)
FNDA:0,(anonymous_57)
DA:25,1
DA:26,1
DA:33,1
DA:34,40
DA:35,40
DA:36,40
DA:37,40
DA:38,40
DA:39,40
DA:40,40
DA:41,40
DA:42,40
DA:43,40
DA:44,40
DA:45,40
DA:46,40
DA:47,40
DA:49,40
DA:50,40
DA:51,40
DA:52,40
DA:53,40
DA:54,40
DA:55,40
DA:56,40
DA:57,40
DA:58,40
DA:59,40
DA:60,40
DA:61,40
DA:62,40
DA:63,40
DA:64,40
DA:65,40
DA:67,40
DA:71,67
DA:73,67
DA:74,67
DA:75,67
DA:77,67
DA:78,66
DA:79,66
DA:80,66
DA:81,66
DA:82,66
DA:83,66
DA:84,66
DA:85,66
DA:86,1
DA:88,66
DA:89,66
DA:90,66
DA:91,66
DA:92,66
DA:93,66
DA:94,66
DA:95,66
DA:96,66
DA:97,80
DA:98,80
DA:99,80
DA:100,1
DA:102,80
DA:103,40
DA:105,80
DA:106,1
DA:107,1
DA:110,80
DA:112,66
DA:113,66
DA:114,66
DA:115,66
DA:116,66
DA:117,66
DA:118,66
DA:120,66
DA:121,66
DA:123,66
DA:124,13
DA:125,6
DA:129,66
DA:132,0
DA:133,0
DA:135,1
DA:137,67
DA:138,67
DA:139,67
DA:140,2
DA:141,3
DA:142,1
DA:143,1
DA:146,2
DA:147,2
DA:148,2
DA:149,2
DA:156,82
DA:157,3
DA:158,3
DA:159,3
DA:160,3
DA:162,0
DA:164,79
DA:165,2
DA:166,1
DA:167,1
DA:169,0
DA:172,1
DA:173,1
DA:175,0
DA:182,80
DA:186,66
DA:187,66
DA:188,66
DA:189,80
DA:190,4
DA:191,4
DA:194,66
DA:198,68
DA:199,68
DA:200,84
DA:202,68
DA:206,72
DA:207,72
DA:208,72
DA:210,72
DA:211,600
DA:212,600
DA:213,432
DA:214,432
DA:216,72
DA:217,12
DA:218,3
DA:219,8
DA:225,68
DA:226,408
DA:231,408
DA:232,408
DA:234,408
DA:235,504
DA:236,4
DA:237,4
DA:238,4
DA:243,408
DA:244,408
DA:245,408
DA:249,3
DA:250,3
DA:252,0
DA:254,3
DA:255,3
DA:259,2
DA:260,1
DA:261,1
DA:263,1
DA:264,1
DA:266,2
DA:270,0
DA:271,0
DA:275,0
DA:276,0
DA:280,0
DA:281,0
DA:282,0
DA:283,0
DA:284,0
DA:287,0
DA:288,0
DA:289,0
DA:290,0
DA:296,0
DA:297,0
DA:299,0
DA:301,0
DA:302,0
DA:306,0
DA:307,0
DA:308,0
DA:310,0
DA:311,0
DA:313,0
DA:317,69
DA:321,66
DA:325,80
DA:326,80
DA:327,0
DA:328,0
DA:329,0
DA:330,0
DA:333,80
DA:334,80
DA:335,80
DA:339,70
DA:340,420
DA:341,18
DA:342,18
DA:344,504
DA:345,504
DA:351,0
DA:352,0
DA:353,0
DA:358,0
DA:362,0
DA:366,0
DA:370,0
DA:374,0
DA:383,0
DA:384,0
DA:385,0
DA:386,0
DA:387,0
DA:389,0
DA:390,0
DA:392,0
DA:399,0
DA:403,0
LF:215
LH:163
BRDA:73,0,0,63
BRDA:73,0,1,4
BRDA:74,1,0,0
BRDA:74,1,1,67
BRDA:75,2,0,0
BRDA:75,2,1,67
BRDA:78,3,0,66
BRDA:78,3,1,3
BRDA:78,4,0,0
BRDA:78,4,1,3
BRDA:78,5,0,3
BRDA:78,5,1,3
BRDA:82,6,0,65
BRDA:82,6,1,1
BRDA:82,7,0,66
BRDA:82,7,1,66
BRDA:85,8,0,1
BRDA:88,9,0,66
BRDA:88,9,1,0
BRDA:88,10,0,66
BRDA:88,10,1,66
BRDA:91,11,0,13
BRDA:91,11,1,53
BRDA:99,12,0,1
BRDA:102,13,0,40
BRDA:105,14,0,1
BRDA:113,15,0,0
BRDA:113,15,1,66
BRDA:123,16,0,13
BRDA:139,17,0,2
BRDA:139,18,0,0
BRDA:139,18,1,67
BRDA:139,19,0,67
BRDA:139,19,1,67
BRDA:141,20,0,1
BRDA:156,21,0,3
BRDA:156,21,1,79
BRDA:164,22,0,2
BRDA:165,23,0,1
BRDA:165,23,1,1
BRDA:189,24,0,4
BRDA:200,25,0,8
BRDA:200,25,1,76
BRDA:211,26,0,600
BRDA:211,26,1,114
BRDA:212,27,0,600
BRDA:212,27,1,114
BRDA:212,27,2,16
BRDA:213,28,0,432
BRDA:213,28,1,422
BRDA:214,29,0,419
BRDA:214,30,0,432
BRDA:214,30,1,422
BRDA:216,31,0,3
BRDA:217,32,0,12
BRDA:217,32,1,12
BRDA:217,32,2,4
BRDA:219,33,0,2
BRDA:235,34,0,4
BRDA:237,35,0,4
BRDA:249,36,0,3
BRDA:249,36,1,0
BRDA:259,37,0,1
BRDA:259,37,1,1
BRDA:282,38,0,0
BRDA:282,38,1,0
BRDA:288,39,0,0
BRDA:289,40,0,0
BRDA:296,41,0,0
BRDA:296,41,1,0
BRDA:306,42,0,0
BRDA:306,42,1,0
BRDA:326,43,0,80
BRDA:327,44,0,0
BRDA:328,45,0,0
BRDA:328,46,0,0
BRDA:328,46,1,0
BRDA:329,47,0,0
BRDA:329,48,0,0
BRDA:329,48,1,0
BRDA:330,49,0,0
BRDA:330,49,1,0
BRDA:340,50,0,18
BRDA:340,50,1,402
BRDA:345,51,0,504
BRDA:345,51,1,4
BRDA:385,52,0,0
BRDA:386,53,0,0
BRDA:387,54,0,0
BRDA:387,54,1,0
BRDA:389,55,0,0
BRDA:390,56,0,0
BRDA:390,56,1,0
BRDA:399,57,0,0
BRDA:399,57,1,0
BRDA:403,58,0,0
BRDA:403,58,1,0
BRDA:67,59,0,1
BRDA:67,59,1,0
BRDA:67,60,0,1
BRDA:67,60,1,1
BRDA:67,61,0,1
BRDA:67,61,1,0
BRDA:67,62,0,1
BRDA:67,62,1,1
BRDA:67,63,0,1
BRDA:67,63,1,0
BRDA:67,64,0,1
BRDA:67,64,1,1
BRDA:67,65,0,1
BRDA:67,65,1,0
BRDA:67,66,0,1
BRDA:67,66,1,1
BRDA:67,67,0,1
BRDA:67,67,1,0
BRDA:67,68,0,1
BRDA:67,68,1,1
BRDA:67,69,0,1
BRDA:67,69,1,0
BRDA:67,70,0,1
BRDA:67,70,1,1
BRDA:67,71,0,1
BRDA:67,71,1,0
BRDA:67,72,0,1
BRDA:67,72,1,1
BRDA:67,73,0,1
BRDA:67,73,1,0
BRDA:67,74,0,1
BRDA:67,74,1,1
BRDA:67,75,0,1
BRDA:67,75,1,0
BRDA:67,76,0,1
BRDA:67,76,1,1
BRDA:67,77,0,1
BRDA:67,77,1,0
BRDA:67,78,0,1
BRDA:67,78,1,1
BRF:137
BRH:92
end_of_record
TN:
SF:src/app/search-result/search-result.component.ts
FN:58,(anonymous_2)
FN:64,(anonymous_3)
FN:67,(anonymous_4)
FN:82,(anonymous_5)
FN:99,(anonymous_6)
FN:121,(anonymous_7)
FN:124,(anonymous_8)
FN:131,(anonymous_9)
FN:144,(anonymous_10)
FN:148,(anonymous_11)
FN:153,(anonymous_12)
FN:168,(anonymous_13)
FN:170,(anonymous_14)
FN:175,(anonymous_15)
FN:185,(anonymous_16)
FN:186,(anonymous_17)
FN:192,(anonymous_18)
FN:195,(anonymous_19)
FN:196,(anonymous_20)
FN:197,(anonymous_21)
FN:200,(anonymous_22)
FN:204,(anonymous_23)
FN:205,(anonymous_24)
FN:209,(anonymous_25)
FN:214,(anonymous_26)
FN:215,(anonymous_27)
FN:216,(anonymous_28)
FN:219,(anonymous_29)
FN:223,(anonymous_30)
FN:224,(anonymous_31)
FN:229,(anonymous_32)
FN:232,(anonymous_33)
FN:236,(anonymous_34)
FN:253,(anonymous_35)
FNF:34
FNH:27
FNDA:25,(anonymous_2)
FNDA:55,(anonymous_3)
FNDA:51,(anonymous_4)
FNDA:0,(anonymous_5)
FNDA:0,(anonymous_6)
FNDA:4,(anonymous_7)
FNDA:51,(anonymous_8)
FNDA:25,(anonymous_9)
FNDA:54,(anonymous_10)
FNDA:3,(anonymous_11)
FNDA:3,(anonymous_12)
FNDA:0,(anonymous_13)
FNDA:0,(anonymous_14)
FNDA:1,(anonymous_15)
FNDA:15,(anonymous_16)
FNDA:13,(anonymous_17)
FNDA:5,(anonymous_18)
FNDA:4,(anonymous_19)
FNDA:2,(anonymous_20)
FNDA:2,(anonymous_21)
FNDA:0,(anonymous_22)
FNDA:2,(anonymous_23)
FNDA:1,(anonymous_24)
FNDA:2,(anonymous_25)
FNDA:4,(anonymous_26)
FNDA:2,(anonymous_27)
FNDA:2,(anonymous_28)
FNDA:0,(anonymous_29)
FNDA:2,(anonymous_30)
FNDA:2,(anonymous_31)
FNDA:2,(anonymous_32)
FNDA:3,(anonymous_33)
FNDA:0,(anonymous_34)
FNDA:6,(anonymous_35)
DA:26,1
DA:27,1
DA:44,1
DA:45,25
DA:47,25
DA:51,25
DA:52,25
DA:55,25
DA:56,25
DA:58,25
DA:59,25
DA:60,25
DA:61,25
DA:65,55
DA:66,55
DA:67,55
DA:68,51
DA:69,51
DA:70,51
DA:71,51
DA:72,1
DA:81,51
DA:82,0
DA:83,0
DA:85,0
DA:86,0
DA:88,0
DA:90,51
DA:91,51
DA:92,1
DA:94,51
DA:95,51
DA:96,51
DA:97,51
DA:98,51
DA:99,51
DA:100,0
DA:102,51
DA:103,51
DA:104,0
DA:106,51
DA:107,51
DA:108,51
DA:109,51
DA:110,51
DA:111,51
DA:112,51
DA:113,51
DA:118,0
DA:120,51
DA:121,4
DA:125,51
DA:126,1
DA:132,25
DA:133,25
DA:135,25
DA:136,0
DA:138,25
DA:139,25
DA:145,54
DA:146,54
DA:147,3
DA:148,3
DA:149,3
DA:151,3
DA:152,3
DA:153,3
DA:154,3
DA:155,3
DA:157,0
DA:161,51
DA:162,51
DA:163,51
DA:169,0
DA:170,0
DA:171,0
DA:176,1
DA:186,15
DA:187,13
DA:188,13
DA:189,13
DA:190,14
DA:191,7
DA:192,7
DA:194,5
DA:195,5
DA:196,4
DA:197,2
DA:198,2
DA:199,2
DA:201,0
DA:202,0
DA:204,2
DA:206,1
DA:207,1
DA:209,2
DA:210,7
DA:213,13
DA:214,6
DA:215,4
DA:216,2
DA:217,2
DA:218,2
DA:220,0
DA:221,0
DA:223,2
DA:225,2
DA:226,2
DA:229,2
DA:233,3
DA:237,0
DA:238,0
DA:239,0
DA:240,0
DA:241,0
DA:242,0
DA:243,0
DA:244,0
DA:249,0
DA:254,6
LF:120
LH:94
BRDA:85,0,0,0
BRDA:103,1,0,0
BRDA:103,2,0,51
BRDA:103,2,1,0
BRDA:106,3,0,51
BRDA:106,3,1,0
BRDA:108,4,0,51
BRDA:110,5,0,51
BRDA:112,6,0,51
BRDA:132,7,0,25
BRDA:135,8,0,0
BRDA:138,9,0,25
BRDA:146,10,0,3
BRDA:146,10,1,51
BRDA:154,11,0,3
BRDA:154,11,1,0
BRDA:190,12,0,7
BRDA:206,13,0,1
BRDA:206,13,1,0
BRDA:206,14,0,1
BRDA:206,14,1,1
BRDA:213,15,0,6
BRDA:225,16,0,2
BRDA:225,16,1,0
BRDA:225,17,0,2
BRDA:225,17,1,2
BRDA:237,18,0,0
BRDA:237,18,1,0
BRDA:239,19,0,0
BRDA:241,20,0,0
BRDA:243,21,0,0
BRDA:58,22,0,1
BRDA:58,22,1,0
BRDA:58,23,0,1
BRDA:58,23,1,1
BRDA:58,24,0,1
BRDA:58,24,1,0
BRDA:58,25,0,1
BRDA:58,25,1,1
BRDA:58,26,0,1
BRDA:58,26,1,0
BRDA:58,27,0,1
BRDA:58,27,1,1
BRDA:58,28,0,1
BRDA:58,28,1,0
BRDA:58,29,0,1
BRDA:58,29,1,1
BRDA:59,30,0,1
BRDA:59,30,1,0
BRDA:59,31,0,1
BRDA:59,31,1,1
BRDA:59,32,0,1
BRDA:59,32,1,0
BRDA:59,33,0,1
BRDA:59,33,1,1
BRDA:59,34,0,1
BRDA:59,34,1,0
BRDA:59,35,0,1
BRDA:59,35,1,1
BRDA:60,36,0,1
BRDA:60,36,1,0
BRDA:60,37,0,1
BRDA:60,37,1,1
BRDA:60,38,0,1
BRDA:60,38,1,0
BRDA:60,39,0,1
BRDA:60,39,1,1
BRDA:60,40,0,1
BRDA:60,40,1,0
BRDA:60,41,0,1
BRDA:60,41,1,1
BRDA:60,42,0,1
BRDA:60,42,1,0
BRDA:60,43,0,1
BRDA:60,43,1,1
BRDA:60,44,0,1
BRDA:60,44,1,0
BRDA:60,45,0,1
BRDA:60,45,1,1
BRDA:61,46,0,1
BRDA:61,46,1,0
BRDA:61,47,0,1
BRDA:61,47,1,1
BRF:83
BRH:57
end_of_record
TN:
SF:src/app/server-started-notification/server-started-notification.component.ts
FN:25,(anonymous_2)
FN:28,(anonymous_3)
FN:29,(anonymous_4)
FN:30,(anonymous_5)
FN:35,(anonymous_6)
FN:36,(anonymous_7)
FN:38,(anonymous_8)
FN:41,(anonymous_9)
FN:43,(anonymous_10)
FN:45,(anonymous_11)
FN:51,(anonymous_12)
FN:52,(anonymous_13)
FN:57,(anonymous_14)
FN:58,(anonymous_15)
FN:67,(anonymous_16)
FN:71,(anonymous_17)
FNF:16
FNH:10
FNDA:11,(anonymous_2)
FNDA:18,(anonymous_3)
FNDA:18,(anonymous_4)
FNDA:17,(anonymous_5)
FNDA:3,(anonymous_6)
FNDA:3,(anonymous_7)
FNDA:0,(anonymous_8)
FNDA:3,(anonymous_9)
FNDA:3,(anonymous_10)
FNDA:0,(anonymous_11)
FNDA:0,(anonymous_12)
FNDA:0,(anonymous_13)
FNDA:0,(anonymous_14)
FNDA:0,(anonymous_15)
FNDA:1,(anonymous_16)
FNDA:1,(anonymous_17)
DA:22,1
DA:23,11
DA:25,11
DA:29,18
DA:30,18
DA:31,17
DA:32,17
DA:33,17
DA:34,17
DA:35,6
DA:36,3
DA:37,3
DA:39,0
DA:42,3
DA:43,3
DA:44,3
DA:46,0
DA:50,17
DA:51,0
DA:53,0
DA:56,17
DA:57,0
DA:59,0
DA:62,17
DA:68,1
DA:72,1
DA:73,1
DA:74,1
DA:75,1
DA:76,1
DA:77,1
DA:78,1
DA:79,1
DA:80,1
DA:81,1
DA:82,1
DA:83,1
DA:84,1
LF:38
LH:32
BRDA:34,0,0,6
BRDA:50,1,0,0
BRDA:56,2,0,0
BRDA:25,3,0,1
BRDA:25,3,1,0
BRDA:25,4,0,1
BRDA:25,4,1,1
BRDA:25,5,0,1
BRDA:25,5,1,0
BRDA:25,6,0,1
BRDA:25,6,1,1
BRDA:25,7,0,1
BRDA:25,7,1,0
BRDA:25,8,0,1
BRDA:25,8,1,1
BRDA:25,9,0,1
BRDA:25,9,1,0
BRDA:25,10,0,1
BRDA:25,10,1,1
BRDA:25,11,0,1
BRDA:25,11,1,0
BRDA:25,12,0,1
BRDA:25,12,1,1
BRDA:25,13,0,1
BRDA:25,13,1,0
BRDA:25,14,0,1
BRDA:25,14,1,1
BRF:27
BRH:19
end_of_record
TN:
SF:src/app/sidenav/sidenav.component.ts
FN:36,(anonymous_2)
FN:111,(anonymous_3)
FN:40,(anonymous_4)
FN:41,(anonymous_5)
FN:46,(anonymous_6)
FN:56,(anonymous_7)
FN:63,(anonymous_8)
FN:64,(anonymous_9)
FN:72,(anonymous_10)
FN:76,(anonymous_11)
FN:77,(anonymous_12)
FN:77,(anonymous_13)
FN:83,(anonymous_14)
FN:86,(anonymous_15)
FN:90,(anonymous_16)
FN:95,(anonymous_17)
FN:97,(anonymous_18)
FN:98,(anonymous_19)
FN:99,(anonymous_20)
FN:102,(anonymous_21)
FN:105,(anonymous_22)
FN:106,(anonymous_23)
FN:108,(anonymous_24)
FN:115,(anonymous_25)
FN:116,(anonymous_26)
FN:126,(anonymous_27)
FN:129,(anonymous_28)
FN:134,(anonymous_29)
FN:137,(anonymous_30)
FNF:29
FNH:19
FNDA:14,(anonymous_2)
FNDA:0,(anonymous_3)
FNDA:15,(anonymous_4)
FNDA:14,(anonymous_5)
FNDA:0,(anonymous_6)
FNDA:14,(anonymous_7)
FNDA:15,(anonymous_8)
FNDA:14,(anonymous_9)
FNDA:252,(anonymous_10)
FNDA:7,(anonymous_11)
FNDA:7,(anonymous_12)
FNDA:0,(anonymous_13)
FNDA:7,(anonymous_14)
FNDA:0,(anonymous_15)
FNDA:0,(anonymous_16)
FNDA:7,(anonymous_17)
FNDA:17,(anonymous_18)
FNDA:16,(anonymous_19)
FNDA:16,(anonymous_20)
FNDA:0,(anonymous_21)
FNDA:15,(anonymous_22)
FNDA:14,(anonymous_23)
FNDA:0,(anonymous_24)
FNDA:15,(anonymous_25)
FNDA:14,(anonymous_26)
FNDA:0,(anonymous_27)
FNDA:4,(anonymous_28)
FNDA:0,(anonymous_29)
FNDA:0,(anonymous_30)
DA:23,1
DA:24,14
DA:25,14
DA:26,14
DA:27,14
DA:28,14
DA:29,14
DA:30,14
DA:31,14
DA:32,14
DA:34,14
DA:36,14
DA:37,14
DA:38,14
DA:41,15
DA:42,14
DA:44,1
DA:46,0
DA:47,15
DA:48,15
DA:50,15
DA:51,1
DA:53,14
DA:56,15
DA:57,14
DA:58,14
DA:60,0
DA:63,15
DA:64,15
DA:65,14
DA:66,0
DA:73,252
DA:77,7
DA:78,7
DA:79,7
DA:80,7
DA:81,7
DA:82,7
DA:83,7
DA:87,0
DA:91,0
DA:98,17
DA:99,16
DA:100,16
DA:102,0
DA:106,15
DA:107,14
DA:108,0
DA:111,14
DA:112,0
DA:116,15
DA:117,14
DA:118,0
DA:120,14
DA:121,14
DA:123,14
DA:124,0
DA:126,0
DA:130,4
DA:131,4
DA:135,0
DA:136,0
DA:137,0
DA:138,0
LF:64
LH:49
BRDA:42,0,0,1
BRDA:50,1,0,1
BRDA:50,1,1,14
BRDA:57,2,0,14
BRDA:57,2,1,0
BRDA:65,3,0,0
BRDA:117,4,0,0
BRDA:117,5,0,0
BRDA:117,5,1,14
BRDA:117,6,0,14
BRDA:117,6,1,14
BRDA:117,7,0,0
BRDA:117,7,1,14
BRDA:117,8,0,14
BRDA:117,8,1,14
BRDA:120,9,0,14
BRDA:120,10,0,0
BRDA:120,10,1,14
BRDA:120,11,0,14
BRDA:120,11,1,14
BRDA:123,12,0,0
BRDA:123,13,0,14
BRDA:123,13,1,0
BRDA:123,14,0,0
BRDA:123,14,1,14
BRDA:123,15,0,14
BRDA:123,15,1,14
BRDA:124,16,0,0
BRDA:124,16,1,0
BRDA:131,17,0,2
BRDA:131,17,1,2
BRDA:131,18,0,4
BRDA:131,18,1,4
BRDA:131,19,0,2
BRDA:131,19,1,2
BRDA:131,20,0,4
BRDA:131,20,1,2
BRDA:36,21,0,1
BRDA:36,21,1,0
BRDA:36,22,0,1
BRDA:36,22,1,1
BRDA:36,23,0,1
BRDA:36,23,1,0
BRDA:36,24,0,1
BRDA:36,24,1,1
BRDA:36,25,0,1
BRDA:36,25,1,0
BRDA:36,26,0,1
BRDA:36,26,1,1
BRDA:37,27,0,1
BRDA:37,27,1,0
BRDA:37,28,0,1
BRDA:37,28,1,1
BRDA:37,29,0,1
BRDA:37,29,1,0
BRDA:37,30,0,1
BRDA:37,30,1,1
BRDA:37,31,0,1
BRDA:37,31,1,0
BRDA:37,32,0,1
BRDA:37,32,1,1
BRDA:37,33,0,1
BRDA:37,33,1,0
BRDA:37,34,0,1
BRDA:37,34,1,1
BRDA:38,35,0,1
BRDA:38,35,1,0
BRDA:38,36,0,1
BRDA:38,36,1,1
BRDA:38,37,0,1
BRDA:38,37,1,0
BRDA:38,38,0,1
BRDA:38,38,1,1
BRF:73
BRH:53
end_of_record
TN:
SF:src/app/token-sale/token-sale.component.ts
FN:23,(anonymous_2)
FN:25,(anonymous_3)
FN:26,(anonymous_4)
FN:30,(anonymous_5)
FNF:4
FNH:4
FNDA:3,(anonymous_2)
FNDA:5,(anonymous_3)
FNDA:4,(anonymous_4)
FNDA:1,(anonymous_5)
DA:13,1
DA:14,1
DA:21,1
DA:22,3
DA:23,3
DA:26,5
DA:27,4
DA:28,1
DA:30,1
LF:9
LH:9
BRDA:27,0,0,1
BRDA:27,1,0,0
BRDA:27,1,1,4
BRDA:27,2,0,4
BRDA:27,2,1,4
BRDA:27,3,0,0
BRDA:27,3,1,4
BRDA:27,4,0,4
BRDA:27,4,1,4
BRDA:23,5,0,1
BRDA:23,5,1,0
BRDA:23,6,0,1
BRDA:23,6,1,1
BRF:13
BRH:10
end_of_record
TN:
SF:src/app/track-result/track-result.component.ts
FN:17,(anonymous_2)
FN:36,(anonymous_3)
FN:38,(anonymous_4)
FN:40,(anonymous_5)
FNF:4
FNH:4
FNDA:1,(anonymous_2)
FNDA:5,(anonymous_3)
FNDA:9,(anonymous_4)
FNDA:9,(anonymous_5)
DA:14,1
DA:15,1
DA:17,1
DA:18,1
DA:19,1
DA:20,1
DA:21,1
DA:29,1
DA:30,5
DA:31,5
DA:33,5
DA:34,5
DA:35,5
DA:36,5
DA:39,9
DA:40,9
DA:42,9
DA:43,9
DA:44,9
DA:45,9
DA:46,9
DA:47,9
DA:48,9
DA:49,9
DA:50,1
DA:51,8
DA:52,0
DA:53,8
DA:54,1
DA:56,7
LF:30
LH:29
BRDA:17,0,0,1
BRDA:17,0,1,1
BRDA:46,1,0,2
BRDA:46,1,1,7
BRDA:49,2,0,1
BRDA:49,2,1,8
BRDA:51,3,0,0
BRDA:51,3,1,8
BRDA:53,4,0,1
BRDA:53,4,1,7
BRDA:36,5,0,1
BRDA:36,5,1,0
BRDA:36,6,0,1
BRDA:36,6,1,1
BRDA:36,7,0,1
BRDA:36,7,1,0
BRDA:36,8,0,1
BRDA:36,8,1,1
BRDA:36,9,0,1
BRDA:36,9,1,0
BRDA:36,10,0,1
BRDA:36,10,1,1
BRF:22
BRH:18
end_of_record
TN:
SF:src/app/two-factor-auth/two-factor-auth.component.ts
FN:49,(anonymous_2)
FN:51,(anonymous_3)
FN:55,(anonymous_4)
FN:59,(anonymous_5)
FN:68,(anonymous_6)
FN:74,(anonymous_7)
FN:79,(anonymous_8)
FN:82,(anonymous_9)
FN:89,(anonymous_10)
FN:92,(anonymous_11)
FN:94,(anonymous_12)
FN:99,(anonymous_13)
FNF:12
FNH:12
FNDA:7,(anonymous_2)
FNDA:7,(anonymous_3)
FNDA:10,(anonymous_4)
FNDA:3,(anonymous_5)
FNDA:7,(anonymous_6)
FNDA:2,(anonymous_7)
FNDA:1,(anonymous_8)
FNDA:1,(anonymous_9)
FNDA:2,(anonymous_10)
FNDA:1,(anonymous_11)
FNDA:1,(anonymous_12)
FNDA:1,(anonymous_13)
DA:20,1
DA:21,1
DA:28,1
DA:31,7
DA:36,7
DA:40,7
DA:41,7
DA:47,7
DA:49,7
DA:52,7
DA:56,10
DA:57,10
DA:59,10
DA:60,3
DA:61,3
DA:62,3
DA:63,1
DA:64,1
DA:65,1
DA:66,1
DA:69,7
DA:71,10
DA:75,2
DA:80,1
DA:81,1
DA:83,1
DA:84,1
DA:85,1
DA:90,2
DA:93,1
DA:95,1
DA:98,1
DA:100,1
DA:101,1
LF:34
LH:34
BRDA:62,0,0,1
BRDA:76,1,0,0
BRDA:76,1,1,2
BRDA:76,2,0,2
BRDA:76,2,1,2
BRDA:77,3,0,0
BRDA:77,3,1,2
BRDA:77,4,0,2
BRDA:77,4,1,2
BRDA:83,5,0,0
BRDA:83,5,1,1
BRDA:83,6,0,1
BRDA:83,6,1,1
BRDA:84,7,0,0
BRDA:84,7,1,1
BRDA:84,8,0,1
BRDA:84,8,1,1
BRDA:91,9,0,0
BRDA:91,9,1,2
BRDA:91,10,0,2
BRDA:91,10,1,2
BRDA:100,11,0,0
BRDA:100,11,1,1
BRDA:100,12,0,1
BRDA:100,12,1,1
BRDA:49,13,0,1
BRDA:49,13,1,0
BRDA:49,14,0,1
BRDA:49,14,1,1
BRDA:49,15,0,1
BRDA:49,15,1,0
BRDA:49,16,0,1
BRDA:49,16,1,1
BRDA:49,17,0,1
BRDA:49,17,1,0
BRDA:49,18,0,1
BRDA:49,18,1,1
BRDA:49,19,0,1
BRDA:49,19,1,0
BRDA:49,20,0,1
BRDA:49,20,1,1
BRDA:49,21,0,1
BRDA:49,21,1,0
BRDA:49,22,0,1
BRDA:49,22,1,1
BRF:45
BRH:34
end_of_record
TN:
SF:src/app/two-factor-auth-enter/two-factor-auth-enter.component.ts
FN:34,(anonymous_2)
FN:42,(anonymous_3)
FN:45,(anonymous_4)
FN:54,(anonymous_5)
FN:55,(anonymous_6)
FN:57,(anonymous_7)
FNF:6
FNH:4
FNDA:4,(anonymous_2)
FNDA:3,(anonymous_3)
FNDA:3,(anonymous_4)
FNDA:3,(anonymous_5)
FNDA:0,(anonymous_6)
FNDA:0,(anonymous_7)
DA:15,1
DA:16,1
DA:27,1
DA:28,4
DA:32,4
DA:35,4
DA:36,4
DA:37,4
DA:38,4
DA:39,4
DA:43,3
DA:45,3
DA:46,3
DA:47,3
DA:48,3
DA:49,3
DA:50,3
DA:53,3
DA:54,3
DA:56,0
DA:57,0
DA:58,0
DA:60,0
LF:23
LH:19
BRDA:50,0,0,2
BRDA:50,0,1,1
BRDA:50,1,0,3
BRDA:50,1,1,3
BRDA:35,2,0,1
BRDA:35,2,1,0
BRDA:35,3,0,1
BRDA:35,3,1,1
BRDA:35,4,0,1
BRDA:35,4,1,0
BRDA:35,5,0,1
BRDA:35,5,1,1
BRDA:36,6,0,1
BRDA:36,6,1,0
BRDA:36,7,0,1
BRDA:36,7,1,1
BRDA:37,8,0,1
BRDA:37,8,1,0
BRDA:37,9,0,1
BRDA:37,9,1,1
BRDA:38,10,0,1
BRDA:38,10,1,0
BRDA:38,11,0,1
BRDA:38,11,1,1
BRF:24
BRH:19
end_of_record
TN:
SF:src/app/user-details/user-details.component.ts
FN:22,(anonymous_2)
FN:24,(anonymous_3)
FN:25,(anonymous_4)
FN:27,(anonymous_5)
FNF:4
FNH:4
FNDA:3,(anonymous_2)
FNDA:5,(anonymous_3)
FNDA:4,(anonymous_4)
FNDA:1,(anonymous_5)
DA:12,1
DA:13,1
DA:20,1
DA:22,3
DA:25,5
DA:26,4
DA:27,1
LF:7
LH:7
BRDA:22,0,0,1
BRDA:22,0,1,0
BRDA:22,1,0,1
BRDA:22,1,1,1
BRF:4
BRH:3
end_of_record
TN:
SF:src/app/wallet/wallet.component.ts
FN:20,(anonymous_2)
FN:22,(anonymous_3)
FN:23,(anonymous_4)
FN:25,(anonymous_5)
FN:30,(anonymous_6)
FN:32,(anonymous_7)
FNF:6
FNH:4
FNDA:5,(anonymous_2)
FNDA:7,(anonymous_3)
FNDA:6,(anonymous_4)
FNDA:1,(anonymous_5)
FNDA:0,(anonymous_6)
FNDA:0,(anonymous_7)
DA:16,1
DA:18,5
DA:20,5
DA:23,7
DA:24,6
DA:26,1
DA:31,0
DA:32,0
LF:8
LH:6
BRDA:20,0,0,1
BRDA:20,0,1,0
BRDA:20,1,0,1
BRDA:20,1,1,1
BRDA:20,2,0,1
BRDA:20,2,1,0
BRDA:20,3,0,1
BRDA:20,3,1,1
BRDA:20,4,0,1
BRDA:20,4,1,0
BRDA:20,5,0,1
BRDA:20,5,1,1
BRF:12
BRH:9
end_of_record
TN:
SF:src/app/welcome/welcome.component.ts
FN:21,(anonymous_2)
FN:23,(anonymous_3)
FN:26,(anonymous_4)
FN:37,(anonymous_5)
FNF:4
FNH:3
FNDA:5,(anonymous_2)
FNDA:4,(anonymous_3)
FNDA:2,(anonymous_4)
FNDA:0,(anonymous_5)
DA:18,1
DA:19,5
DA:21,5
DA:24,4
DA:25,4
DA:26,3
DA:27,2
DA:28,1
DA:30,1
DA:37,0
LF:10
LH:9
BRDA:25,0,0,3
BRDA:27,1,0,1
BRDA:27,2,0,2
BRDA:27,2,1,2
BRDA:27,3,0,0
BRDA:27,3,1,2
BRDA:27,4,0,2
BRDA:27,4,1,2
BRDA:27,5,0,0
BRDA:27,5,1,2
BRDA:27,6,0,2
BRDA:27,6,1,2
BRDA:21,7,0,1
BRDA:21,7,1,0
BRDA:21,8,0,1
BRDA:21,8,1,1
BRDA:21,9,0,1
BRDA:21,9,1,0
BRDA:21,10,0,1
BRDA:21,10,1,1
BRDA:21,11,0,1
BRDA:21,11,1,0
BRDA:21,12,0,1
BRDA:21,12,1,1
BRF:24
BRH:19
end_of_record
TN:
SF:src/app/welcome-banner/welcome-banner.component.ts
FN:24,(anonymous_2)
FN:29,(anonymous_3)
FN:30,(anonymous_4)
FN:41,(anonymous_5)
FN:44,(anonymous_6)
FN:47,(anonymous_7)
FN:52,(anonymous_8)
FNF:7
FNH:7
FNDA:8,(anonymous_2)
FNDA:13,(anonymous_3)
FNDA:12,(anonymous_4)
FNDA:1,(anonymous_5)
FNDA:1,(anonymous_6)
FNDA:1,(anonymous_7)
FNDA:2,(anonymous_8)
DA:16,1
DA:17,8
DA:18,8
DA:19,8
DA:20,8
DA:22,8
DA:25,8
DA:26,8
DA:27,8
DA:30,13
DA:31,12
DA:32,1
DA:33,1
DA:35,12
DA:37,12
DA:38,1
DA:39,1
DA:41,1
DA:45,1
DA:46,1
DA:47,1
DA:48,1
DA:53,2
DA:54,2
DA:55,2
DA:56,2
LF:26
LH:26
BRDA:31,0,0,1
BRDA:31,1,0,2
BRDA:31,1,1,10
BRDA:31,2,0,12
BRDA:31,2,1,12
BRDA:31,3,0,0
BRDA:31,3,1,12
BRDA:31,4,0,12
BRDA:31,4,1,12
BRDA:35,5,0,10
BRDA:35,5,1,2
BRDA:35,6,0,12
BRDA:35,6,1,12
BRDA:35,7,0,0
BRDA:35,7,1,12
BRDA:35,8,0,12
BRDA:35,8,1,12
BRDA:37,9,0,1
BRDA:37,10,0,12
BRDA:37,10,1,2
BRDA:37,11,0,1
BRDA:37,11,1,1
BRDA:37,12,0,2
BRDA:37,12,1,2
BRDA:37,13,0,0
BRDA:37,13,1,2
BRDA:37,14,0,2
BRDA:37,14,1,2
BRDA:25,15,0,1
BRDA:25,15,1,0
BRDA:25,16,0,1
BRDA:25,16,1,1
BRDA:25,17,0,1
BRDA:25,17,1,0
BRDA:25,18,0,1
BRDA:25,18,1,1
BRDA:26,19,0,1
BRDA:26,19,1,0
BRDA:26,20,0,1
BRDA:26,20,1,1
BRF:40
BRH:34
end_of_record
TN:
SF:src/confetti/index.ts
FN:3,(anonymous_0)
FN:4,(anonymous_1)
FN:8,(anonymous_2)
FN:39,(anonymous_3)
FNF:4
FNH:4
FNDA:2,(anonymous_0)
FNDA:2,(anonymous_1)
FNDA:2,(anonymous_2)
FNDA:2,(anonymous_3)
DA:3,1
DA:4,2
DA:5,2
DA:8,1
DA:9,2
DA:10,2
DA:11,2
DA:12,2
DA:13,2
DA:14,2
DA:15,2
DA:16,2
DA:18,2
DA:20,2
DA:23,2
DA:31,2
DA:39,2
DA:40,2
LF:18
LH:18
BRF:0
BRH:0
end_of_record
TN:
SF:src/environments/environment.ts
FNF:0
FNH:0
DA:10,1
LF:1
LH:1
BRF:0
BRH:0
end_of_record
