TN:
SF:server.ts
FN:126,(anonymous_0)
FN:127,(anonymous_1)
FN:139,restoreOverwrittenFilesWithOriginals
FN:147,(anonymous_3)
FN:174,(anonymous_4)
FN:180,(anonymous_5)
FN:196,(anonymous_6)
FN:214,(anonymous_7)
FN:217,(anonymous_8)
FN:221,(anonymous_9)
FN:263,(anonymous_10)
FN:279,jsonParser
FN:308,(anonymous_12)
FN:451,(anonymous_13)
FN:454,(anonymous_14)
FN:469,(anonymous_15)
FN:485,(anonymous_16)
FN:496,(anonymous_17)
FN:502,(anonymous_18)
FN:510,(anonymous_19)
FN:517,(anonymous_20)
FN:525,(anonymous_21)
FN:615,(anonymous_22)
FN:628,(anonymous_23)
FN:636,(anonymous_24)
FN:648,(anonymous_25)
FN:664,start
FN:672,(anonymous_27)
FN:688,close
FN:700,(anonymous_29)
FN:701,(anonymous_30)
FNF:31
FNH:0
FNDA:0,(anonymous_0)
FNDA:0,(anonymous_1)
FNDA:0,restoreOverwrittenFilesWithOriginals
FNDA:0,(anonymous_3)
FNDA:0,(anonymous_4)
FNDA:0,(anonymous_5)
FNDA:0,(anonymous_6)
FNDA:0,(anonymous_7)
FNDA:0,(anonymous_8)
FNDA:0,(anonymous_9)
FNDA:0,(anonymous_10)
FNDA:0,jsonParser
FNDA:0,(anonymous_12)
FNDA:0,(anonymous_13)
FNDA:0,(anonymous_14)
FNDA:0,(anonymous_15)
FNDA:0,(anonymous_16)
FNDA:0,(anonymous_17)
FNDA:0,(anonymous_18)
FNDA:0,(anonymous_19)
FNDA:0,(anonymous_20)
FNDA:0,(anonymous_21)
FNDA:0,(anonymous_22)
FNDA:0,(anonymous_23)
FNDA:0,(anonymous_24)
FNDA:0,(anonymous_25)
FNDA:0,start
FNDA:0,(anonymous_27)
FNDA:0,close
FNDA:0,(anonymous_29)
FNDA:0,(anonymous_30)
DA:23,0
DA:24,0
DA:25,0
DA:26,0
DA:27,0
DA:28,0
DA:29,0
DA:30,0
DA:31,0
DA:32,0
DA:33,0
DA:34,0
DA:35,0
DA:36,0
DA:37,0
DA:38,0
DA:39,0
DA:40,0
DA:41,0
DA:42,0
DA:43,0
DA:44,0
DA:51,0
DA:52,0
DA:53,0
DA:54,0
DA:55,0
DA:56,0
DA:57,0
DA:58,0
DA:59,0
DA:60,0
DA:61,0
DA:62,0
DA:63,0
DA:64,0
DA:65,0
DA:66,0
DA:67,0
DA:68,0
DA:69,0
DA:70,0
DA:71,0
DA:72,0
DA:73,0
DA:74,0
DA:75,0
DA:76,0
DA:77,0
DA:78,0
DA:79,0
DA:80,0
DA:81,0
DA:82,0
DA:83,0
DA:84,0
DA:85,0
DA:86,0
DA:87,0
DA:88,0
DA:89,0
DA:90,0
DA:91,0
DA:92,0
DA:93,0
DA:94,0
DA:95,0
DA:96,0
DA:97,0
DA:98,0
DA:99,0
DA:100,0
DA:101,0
DA:102,0
DA:103,0
DA:104,0
DA:105,0
DA:106,0
DA:107,0
DA:108,0
DA:109,0
DA:110,0
DA:111,0
DA:112,0
DA:113,0
DA:114,0
DA:115,0
DA:116,0
DA:118,0
DA:119,0
DA:126,0
DA:127,0
DA:128,0
DA:129,0
DA:130,0
DA:131,0
DA:134,0
DA:135,0
DA:136,0
DA:140,0
DA:144,0
DA:147,0
DA:149,0
DA:150,0
DA:151,0
DA:152,0
DA:153,0
DA:156,0
DA:159,0
DA:160,0
DA:163,0
DA:164,0
DA:166,0
DA:167,0
DA:174,0
DA:175,0
DA:176,0
DA:180,0
DA:181,0
DA:182,0
DA:186,0
DA:189,0
DA:190,0
DA:191,0
DA:192,0
DA:196,0
DA:202,0
DA:205,0
DA:206,0
DA:207,0
DA:208,0
DA:211,0
DA:214,0
DA:215,0
DA:217,0
DA:218,0
DA:219,0
DA:220,0
DA:221,0
DA:222,0
DA:223,0
DA:224,0
DA:225,0
DA:226,0
DA:228,0
DA:230,0
DA:234,0
DA:236,0
DA:241,0
DA:242,0
DA:243,0
DA:246,0
DA:247,0
DA:250,0
DA:251,0
DA:252,0
DA:255,0
DA:257,0
DA:258,0
DA:262,0
DA:263,0
DA:269,0
DA:271,0
DA:273,0
DA:274,0
DA:275,0
DA:276,0
DA:278,0
DA:279,0
DA:281,0
DA:282,0
DA:283,0
DA:284,0
DA:286,0
DA:287,0
DA:290,0
DA:294,0
DA:300,0
DA:304,0
DA:305,0
DA:308,0
DA:315,0
DA:317,0
DA:319,0
DA:320,0
DA:322,0
DA:324,0
DA:325,0
DA:330,0
DA:332,0
DA:334,0
DA:335,0
DA:337,0
DA:338,0
DA:339,0
DA:341,0
DA:342,0
DA:344,0
DA:345,0
DA:346,0
DA:348,0
DA:349,0
DA:351,0
DA:352,0
DA:354,0
DA:355,0
DA:356,0
DA:358,0
DA:360,0
DA:362,0
DA:364,0
DA:365,0
DA:367,0
DA:369,0
DA:370,0
DA:372,0
DA:373,0
DA:374,0
DA:376,0
DA:378,0
DA:379,0
DA:381,0
DA:382,0
DA:383,0
DA:384,0
DA:385,0
DA:387,0
DA:388,0
DA:389,0
DA:391,0
DA:392,0
DA:393,0
DA:394,0
DA:395,0
DA:396,0
DA:397,0
DA:401,0
DA:406,0
DA:408,0
DA:414,0
DA:420,0
DA:424,0
DA:426,0
DA:442,0
DA:443,0
DA:450,0
DA:451,0
DA:452,0
DA:453,0
DA:454,0
DA:455,0
DA:457,0
DA:458,0
DA:462,0
DA:468,0
DA:469,0
DA:470,0
DA:471,0
DA:472,0
DA:473,0
DA:474,0
DA:475,0
DA:477,0
DA:479,0
DA:480,0
DA:483,0
DA:485,0
DA:486,0
DA:487,0
DA:488,0
DA:490,0
DA:495,0
DA:496,0
DA:497,0
DA:498,0
DA:500,0
DA:502,0
DA:503,0
DA:504,0
DA:509,0
DA:510,0
DA:511,0
DA:512,0
DA:513,0
DA:515,0
DA:517,0
DA:518,0
DA:519,0
DA:520,0
DA:525,0
DA:526,0
DA:530,0
DA:531,0
DA:532,0
DA:537,0
DA:538,0
DA:539,0
DA:540,0
DA:541,0
DA:542,0
DA:543,0
DA:544,0
DA:545,0
DA:546,0
DA:547,0
DA:548,0
DA:549,0
DA:550,0
DA:551,0
DA:552,0
DA:553,0
DA:554,0
DA:555,0
DA:556,0
DA:557,0
DA:558,0
DA:559,0
DA:560,0
DA:561,0
DA:562,0
DA:563,0
DA:564,0
DA:565,0
DA:566,0
DA:567,0
DA:568,0
DA:569,0
DA:570,0
DA:571,0
DA:572,0
DA:573,0
DA:574,0
DA:576,0
DA:577,0
DA:578,0
DA:579,0
DA:582,0
DA:585,0
DA:586,0
DA:587,0
DA:590,0
DA:593,0
DA:596,0
DA:597,0
DA:600,0
DA:601,0
DA:604,0
DA:605,0
DA:606,0
DA:607,0
DA:608,0
DA:610,0
DA:613,0
DA:614,0
DA:616,0
DA:619,0
DA:620,0
DA:621,0
DA:626,0
DA:629,0
DA:630,0
DA:631,0
DA:632,0
DA:634,0
DA:637,0
DA:641,0
DA:642,0
DA:647,0
DA:648,0
DA:649,0
DA:651,0
DA:655,0
DA:656,0
DA:657,0
DA:658,0
DA:660,0
DA:661,0
DA:662,0
DA:665,0
DA:666,0
DA:667,0
DA:668,0
DA:669,0
DA:670,0
DA:672,0
DA:673,0
DA:674,0
DA:675,0
DA:676,0
DA:678,0
DA:679,0
DA:680,0
DA:684,0
DA:685,0
DA:689,0
DA:690,0
DA:691,0
DA:693,0
DA:694,0
DA:700,0
DA:701,0
LF:401
LH:0
BRDA:218,0,0,0
BRDA:218,0,1,0
BRDA:223,1,0,0
BRDA:223,1,1,0
BRDA:225,2,0,0
BRDA:225,2,1,0
BRDA:225,3,0,0
BRDA:225,3,1,0
BRDA:282,4,0,0
BRDA:282,4,1,0
BRDA:283,5,0,0
BRDA:283,5,1,0
BRDA:286,6,0,0
BRDA:286,6,1,0
BRDA:308,7,0,0
BRDA:308,7,1,0
BRDA:450,8,0,0
BRDA:450,8,1,0
BRDA:468,9,0,0
BRDA:468,9,1,0
BRDA:472,10,0,0
BRDA:472,10,1,0
BRDA:479,11,0,0
BRDA:479,11,1,0
BRDA:487,12,0,0
BRDA:487,12,1,0
BRDA:495,13,0,0
BRDA:495,13,1,0
BRDA:509,14,0,0
BRDA:509,14,1,0
BRDA:631,15,0,0
BRDA:631,15,1,0
BRDA:669,16,0,0
BRDA:669,16,1,0
BRDA:670,17,0,0
BRDA:670,17,1,0
BRDA:675,18,0,0
BRDA:675,18,1,0
BRDA:679,19,0,0
BRDA:679,19,1,0
BRDA:689,20,0,0
BRDA:689,20,1,0
BRDA:693,21,0,0
BRDA:693,21,1,0
BRF:44
BRH:0
end_of_record
TN:
SF:lib/accuracy.ts
FN:12,(anonymous_0)
FN:16,(anonymous_1)
FN:20,(anonymous_2)
FN:24,(anonymous_3)
FN:28,(anonymous_4)
FN:32,(anonymous_5)
FN:36,(anonymous_6)
FN:40,totalAccuracy
FN:43,(anonymous_8)
FN:52,calculateAccuracy
FN:61,storeVerdict
FNF:11
FNH:0
FNDA:0,(anonymous_0)
FNDA:0,(anonymous_1)
FNDA:0,(anonymous_2)
FNDA:0,(anonymous_3)
FNDA:0,(anonymous_4)
FNDA:0,(anonymous_5)
FNDA:0,(anonymous_6)
FNDA:0,totalAccuracy
FNDA:0,(anonymous_8)
FNDA:0,calculateAccuracy
FNDA:0,storeVerdict
DA:6,1
DA:7,1
DA:8,1
DA:12,1
DA:13,0
DA:16,1
DA:17,0
DA:20,1
DA:21,0
DA:24,1
DA:25,0
DA:28,1
DA:29,0
DA:32,1
DA:33,0
DA:36,1
DA:37,0
DA:41,0
DA:42,0
DA:43,0
DA:44,0
DA:45,0
DA:46,0
DA:49,0
DA:53,0
DA:54,0
DA:55,0
DA:57,0
DA:58,0
DA:62,0
DA:63,0
DA:65,0
DA:66,0
DA:67,0
LF:34
LH:10
BRDA:37,0,0,0
BRDA:37,0,1,0
BRDA:44,1,0,0
BRDA:44,1,1,0
BRDA:54,2,0,0
BRDA:54,2,1,0
BRDA:57,3,0,0
BRDA:57,3,1,0
BRDA:57,4,0,0
BRDA:57,4,1,0
BRDA:57,5,0,0
BRDA:57,5,1,0
BRDA:62,6,0,0
BRDA:62,6,1,0
BRDA:65,7,0,0
BRDA:65,7,1,0
BRF:16
BRH:0
end_of_record
TN:
SF:lib/antiCheat.ts
FN:24,(anonymous_0)
FN:43,(anonymous_1)
FN:60,(anonymous_2)
FN:74,(anonymous_3)
FN:75,(anonymous_4)
FN:75,(anonymous_5)
FN:78,areCoupled
FN:83,isTrivial
FN:87,previous
FNF:9
FNH:1
FNDA:0,(anonymous_0)
FNDA:0,(anonymous_1)
FNDA:0,(anonymous_2)
FNDA:3,(anonymous_3)
FNDA:0,(anonymous_4)
FNDA:0,(anonymous_5)
FNDA:0,areCoupled
FNDA:0,isTrivial
FNDA:0,previous
DA:6,1
DA:7,1
DA:8,1
DA:10,1
DA:11,1
DA:13,1
DA:20,1
DA:22,1
DA:24,1
DA:25,0
DA:26,0
DA:27,0
DA:28,0
DA:29,0
DA:30,0
DA:31,0
DA:34,0
DA:35,0
DA:36,0
DA:38,0
DA:39,0
DA:40,0
DA:43,1
DA:44,0
DA:45,0
DA:46,0
DA:47,0
DA:49,0
DA:50,0
DA:51,0
DA:52,0
DA:53,0
DA:55,0
DA:56,0
DA:57,0
DA:60,1
DA:61,0
DA:62,0
DA:64,0
DA:65,0
DA:66,0
DA:67,0
DA:69,0
DA:70,0
DA:71,0
DA:74,1
DA:75,3
DA:80,0
DA:84,0
DA:88,0
LF:50
LH:13
BRDA:28,0,0,0
BRDA:28,0,1,0
BRDA:29,1,0,0
BRDA:29,1,1,0
BRDA:29,2,0,0
BRDA:29,2,1,0
BRDA:30,3,0,0
BRDA:30,3,1,0
BRDA:30,4,0,0
BRDA:30,4,1,0
BRDA:38,5,0,0
BRDA:38,5,1,0
BRDA:38,6,0,0
BRDA:38,6,1,0
BRDA:38,7,0,0
BRDA:38,7,1,0
BRDA:38,8,0,0
BRDA:38,8,1,0
BRDA:38,9,0,0
BRDA:38,9,1,0
BRDA:38,10,0,0
BRDA:38,10,1,0
BRDA:46,11,0,0
BRDA:46,11,1,0
BRDA:46,12,0,0
BRDA:46,12,1,0
BRDA:55,13,0,0
BRDA:55,13,1,0
BRDA:55,14,0,0
BRDA:55,14,1,0
BRDA:55,15,0,0
BRDA:55,15,1,0
BRDA:55,16,0,0
BRDA:55,16,1,0
BRDA:69,17,0,0
BRDA:69,17,1,0
BRDA:69,18,0,0
BRDA:69,18,1,0
BRDA:75,19,0,0
BRDA:75,19,1,3
BRDA:80,20,0,0
BRDA:80,20,1,0
BRDA:80,21,0,0
BRDA:80,21,1,0
BRDA:80,22,0,0
BRDA:80,22,1,0
BRDA:80,23,0,0
BRDA:80,23,1,0
BRDA:80,24,0,0
BRDA:80,24,1,0
BRF:50
BRH:1
end_of_record
TN:
SF:lib/botUtils.ts
FN:12,productPrice
FN:15,(anonymous_1)
FN:16,(anonymous_2)
FN:23,couponCode
FN:24,(anonymous_4)
FN:31,testFunction
FNF:6
FNH:2
FNDA:0,productPrice
FNDA:0,(anonymous_1)
FNDA:0,(anonymous_2)
FNDA:1,couponCode
FNDA:0,(anonymous_4)
FNDA:1,testFunction
DA:5,1
DA:7,1
DA:8,1
DA:9,1
DA:10,1
DA:13,0
DA:14,0
DA:15,0
DA:16,0
DA:17,0
DA:24,1
DA:25,1
DA:32,1
DA:38,1
LF:14
LH:9
BRDA:19,0,0,0
BRDA:19,0,1,0
BRF:2
BRH:0
end_of_record
TN:
SF:lib/challengeUtils.ts
FN:17,(anonymous_0)
FN:23,(anonymous_1)
FN:25,(anonymous_2)
FN:31,(anonymous_3)
FN:39,(anonymous_4)
FN:50,(anonymous_5)
FN:60,(anonymous_6)
FN:62,(anonymous_7)
FN:73,(anonymous_8)
FN:84,(anonymous_9)
FN:95,(anonymous_10)
FNF:11
FNH:5
FNDA:173,(anonymous_0)
FNDA:31,(anonymous_1)
FNDA:0,(anonymous_2)
FNDA:0,(anonymous_3)
FNDA:0,(anonymous_4)
FNDA:0,(anonymous_5)
FNDA:212,(anonymous_6)
FNDA:2,(anonymous_7)
FNDA:2,(anonymous_8)
FNDA:0,(anonymous_9)
FNDA:0,(anonymous_10)
DA:1,1
DA:2,1
DA:4,1
DA:5,1
DA:6,1
DA:7,1
DA:8,1
DA:9,1
DA:10,1
DA:11,1
DA:12,1
DA:13,1
DA:14,1
DA:15,1
DA:17,1
DA:18,173
DA:19,30
DA:23,1
DA:24,31
DA:25,31
DA:26,0
DA:27,0
DA:28,0
DA:29,0
DA:30,0
DA:31,0
DA:32,0
DA:39,1
DA:40,0
DA:41,0
DA:42,0
DA:50,0
DA:51,0
DA:53,0
DA:55,0
DA:60,212
DA:62,1
DA:63,2
DA:64,4
DA:65,4
DA:66,1
DA:70,1
DA:73,1
DA:74,2
DA:75,4
DA:76,4
DA:77,1
DA:81,1
DA:84,1
DA:85,0
DA:86,0
DA:87,0
DA:88,0
DA:89,0
DA:90,0
DA:91,0
DA:95,1
DA:96,0
DA:97,0
DA:98,0
DA:99,0
DA:100,0
DA:101,0
DA:102,0
LF:64
LH:36
BRDA:17,0,0,173
BRDA:18,1,0,30
BRDA:18,1,1,143
BRDA:18,2,0,173
BRDA:18,2,1,51
BRDA:23,3,0,1
BRDA:26,4,0,0
BRDA:26,4,1,0
BRDA:28,5,0,0
BRDA:28,5,1,0
BRDA:30,6,0,0
BRDA:30,6,1,0
BRDA:40,7,0,0
BRDA:40,7,1,0
BRDA:53,8,0,0
BRDA:53,8,1,0
BRDA:53,9,0,0
BRDA:53,9,1,0
BRDA:53,9,2,0
BRDA:60,10,0,212
BRDA:60,10,1,114
BRDA:64,11,0,4
BRDA:64,11,1,0
BRDA:65,12,0,1
BRDA:65,12,1,3
BRDA:75,13,0,4
BRDA:75,13,1,0
BRDA:76,14,0,1
BRDA:76,14,1,3
BRDA:87,15,0,0
BRDA:87,15,1,0
BRDA:88,16,0,0
BRDA:88,16,1,0
BRDA:98,17,0,0
BRDA:98,17,1,0
BRDA:99,18,0,0
BRDA:99,18,1,0
BRF:37
BRH:14
end_of_record
TN:
SF:lib/insecurity.ts
FN:42,(anonymous_0)
FN:43,(anonymous_1)
FN:45,(anonymous_2)
FN:53,(anonymous_3)
FN:54,(anonymous_4)
FN:55,(anonymous_5)
FN:56,(anonymous_6)
FN:58,(anonymous_7)
FN:61,(anonymous_8)
FN:62,(anonymous_9)
FN:63,(anonymous_10)
FN:64,(anonymous_11)
FN:78,(anonymous_12)
FN:88,(anonymous_13)
FN:91,(anonymous_14)
FN:94,(anonymous_15)
FN:98,(anonymous_16)
FN:106,(anonymous_17)
FN:110,(anonymous_18)
FN:115,(anonymous_19)
FN:130,hasValidFormat
FN:147,(anonymous_21)
FN:165,(anonymous_22)
FN:172,(anonymous_23)
FN:173,(anonymous_24)
FN:183,(anonymous_25)
FN:188,(anonymous_26)
FN:193,(anonymous_27)
FN:194,(anonymous_28)
FN:204,(anonymous_29)
FN:204,(anonymous_30)
FN:207,(anonymous_31)
FNF:32
FNH:17
FNDA:7,(anonymous_0)
FNDA:4,(anonymous_1)
FNDA:10,(anonymous_2)
FNDA:0,(anonymous_3)
FNDA:0,(anonymous_4)
FNDA:2,(anonymous_5)
FNDA:2,(anonymous_6)
FNDA:0,(anonymous_7)
FNDA:11,(anonymous_8)
FNDA:7,(anonymous_9)
FNDA:0,(anonymous_10)
FNDA:19,(anonymous_11)
FNDA:8,(anonymous_12)
FNDA:8,(anonymous_13)
FNDA:3,(anonymous_14)
FNDA:7,(anonymous_15)
FNDA:0,(anonymous_16)
FNDA:3,(anonymous_17)
FNDA:12,(anonymous_18)
FNDA:14,(anonymous_19)
FNDA:6,hasValidFormat
FNDA:13,(anonymous_21)
FNDA:0,(anonymous_22)
FNDA:0,(anonymous_23)
FNDA:0,(anonymous_24)
FNDA:0,(anonymous_25)
FNDA:0,(anonymous_26)
FNDA:0,(anonymous_27)
FNDA:0,(anonymous_28)
FNDA:0,(anonymous_29)
FNDA:0,(anonymous_30)
FNDA:0,(anonymous_31)
DA:10,1
DA:11,1
DA:12,1
DA:13,1
DA:14,1
DA:15,1
DA:16,1
DA:17,1
DA:18,1
DA:20,1
DA:21,1
DA:22,1
DA:42,7
DA:43,4
DA:45,1
DA:46,10
DA:47,10
DA:48,5
DA:50,5
DA:53,1
DA:54,1
DA:55,2
DA:56,2
DA:57,1
DA:58,1
DA:59,1
DA:61,11
DA:62,7
DA:63,1
DA:64,1
DA:65,19
DA:66,19
DA:67,11
DA:69,8
DA:73,1
DA:75,1
DA:85,8
DA:86,8
DA:89,8
DA:92,3
DA:95,7
DA:96,7
DA:99,0
DA:100,0
DA:104,1
DA:106,1
DA:107,3
DA:110,1
DA:111,12
DA:112,12
DA:115,1
DA:116,14
DA:117,8
DA:118,8
DA:119,4
DA:120,4
DA:121,4
DA:122,3
DA:123,3
DA:127,11
DA:131,6
DA:135,1
DA:145,1
DA:147,1
DA:148,13
DA:149,13
DA:150,104
DA:152,13
DA:156,1
DA:163,1
DA:165,1
DA:166,0
DA:167,0
DA:170,1
DA:172,1
DA:173,0
DA:174,0
DA:175,0
DA:176,0
DA:178,0
DA:183,1
DA:184,0
DA:185,0
DA:188,1
DA:189,0
DA:190,0
DA:193,1
DA:194,0
DA:195,0
DA:196,0
DA:197,0
DA:199,0
DA:204,1
DA:205,0
DA:206,0
DA:207,0
DA:208,0
DA:209,0
DA:210,0
DA:211,0
DA:216,0
LF:101
LH:75
BRDA:47,0,0,5
BRDA:47,0,1,5
BRDA:55,1,0,0
BRDA:62,2,0,2
BRDA:66,3,0,11
BRDA:66,3,1,8
BRDA:89,4,0,6
BRDA:89,4,1,2
BRDA:92,5,0,1
BRDA:92,5,1,2
BRDA:96,6,0,4
BRDA:96,6,1,3
BRDA:107,7,0,2
BRDA:107,7,1,1
BRDA:110,8,0,5
BRDA:116,9,0,8
BRDA:116,9,1,6
BRDA:118,10,0,4
BRDA:118,10,1,4
BRDA:118,11,0,8
BRDA:118,11,1,6
BRDA:121,12,0,3
BRDA:121,12,1,1
BRDA:150,13,0,104
BRDA:150,13,1,54
BRDA:174,14,0,0
BRDA:174,14,1,0
BRDA:175,15,0,0
BRDA:175,15,1,0
BRDA:175,16,0,0
BRDA:175,16,1,0
BRDA:175,17,0,0
BRDA:175,17,1,0
BRDA:175,18,0,0
BRDA:175,18,1,0
BRDA:175,19,0,0
BRDA:175,19,1,0
BRDA:184,20,0,0
BRDA:184,20,1,0
BRDA:185,21,0,0
BRDA:185,21,1,0
BRDA:185,21,2,0
BRDA:185,22,0,0
BRDA:185,22,1,0
BRDA:185,23,0,0
BRDA:185,23,1,0
BRDA:185,24,0,0
BRDA:185,24,1,0
BRDA:185,25,0,0
BRDA:185,25,1,0
BRDA:185,26,0,0
BRDA:185,26,1,0
BRDA:185,27,0,0
BRDA:185,27,1,0
BRDA:185,28,0,0
BRDA:185,28,1,0
BRDA:185,29,0,0
BRDA:185,29,1,0
BRDA:185,30,0,0
BRDA:185,30,1,0
BRDA:185,31,0,0
BRDA:185,31,1,0
BRDA:185,32,0,0
BRDA:185,32,1,0
BRDA:185,33,0,0
BRDA:185,33,1,0
BRDA:185,34,0,0
BRDA:185,34,1,0
BRDA:185,35,0,0
BRDA:185,35,1,0
BRDA:185,36,0,0
BRDA:185,36,1,0
BRDA:185,37,0,0
BRDA:185,37,1,0
BRDA:189,38,0,0
BRDA:189,38,1,0
BRDA:190,39,0,0
BRDA:190,39,1,0
BRDA:190,40,0,0
BRDA:190,40,1,0
BRDA:190,41,0,0
BRDA:190,41,1,0
BRDA:190,42,0,0
BRDA:190,42,1,0
BRDA:205,43,0,0
BRDA:205,43,1,0
BRDA:206,44,0,0
BRDA:206,44,1,0
BRDA:208,45,0,0
BRDA:208,45,1,0
BRDA:209,46,0,0
BRDA:209,46,1,0
BRF:92
BRH:24
end_of_record
TN:
SF:lib/logger.ts
FNF:0
FNH:0
DA:6,1
DA:8,1
LF:2
LH:2
BRDA:10,0,0,0
BRDA:10,0,1,1
BRF:2
BRH:1
end_of_record
TN:
SF:lib/noUpdate.ts
FN:20,(anonymous_0)
FN:21,(anonymous_1)
FN:30,(anonymous_2)
FN:36,(anonymous_3)
FNF:4
FNH:1
FNDA:2,(anonymous_0)
FNDA:0,(anonymous_1)
FNDA:0,(anonymous_2)
FNDA:0,(anonymous_3)
DA:18,1
DA:20,1
DA:21,2
DA:22,0
DA:24,0
DA:26,0
DA:28,0
DA:30,0
DA:32,0
DA:34,0
DA:36,0
DA:37,0
DA:39,0
DA:44,0
DA:54,0
LF:15
LH:3
BRDA:22,0,0,0
BRDA:22,0,1,0
BRDA:24,1,0,0
BRDA:24,1,1,0
BRDA:32,2,0,0
BRDA:32,2,1,0
BRDA:39,3,0,0
BRDA:39,3,1,0
BRDA:40,4,0,0
BRDA:40,4,1,0
BRDA:40,4,2,0
BRDA:54,5,0,0
BRDA:54,5,1,0
BRF:13
BRH:0
end_of_record
TN:
SF:lib/utils.ts
FN:27,(anonymous_1)
FN:35,(anonymous_2)
FN:55,(anonymous_3)
FN:59,(anonymous_4)
FN:61,(anonymous_5)
FN:63,(anonymous_6)
FN:65,(anonymous_7)
FN:69,(anonymous_8)
FN:73,(anonymous_9)
FN:81,(anonymous_10)
FN:86,(anonymous_11)
FN:95,(anonymous_12)
FN:102,(anonymous_13)
FN:108,(anonymous_14)
FN:119,(anonymous_15)
FN:127,(anonymous_16)
FN:128,(anonymous_17)
FN:130,(anonymous_18)
FN:135,(anonymous_19)
FN:150,(anonymous_20)
FN:154,(anonymous_21)
FN:158,(anonymous_22)
FN:162,(anonymous_23)
FN:175,(anonymous_24)
FN:178,(anonymous_25)
FN:181,(anonymous_26)
FN:188,(anonymous_27)
FN:198,(anonymous_28)
FN:202,(anonymous_29)
FN:207,(anonymous_30)
FN:212,(anonymous_31)
FNF:31
FNH:16
FNDA:1,(anonymous_1)
FNDA:0,(anonymous_2)
FNDA:1,(anonymous_3)
FNDA:24,(anonymous_4)
FNDA:18,(anonymous_5)
FNDA:21,(anonymous_6)
FNDA:0,(anonymous_7)
FNDA:0,(anonymous_8)
FNDA:6,(anonymous_9)
FNDA:0,(anonymous_10)
FNDA:4,(anonymous_11)
FNDA:3,(anonymous_12)
FNDA:16,(anonymous_13)
FNDA:0,(anonymous_14)
FNDA:6,(anonymous_15)
FNDA:0,(anonymous_16)
FNDA:0,(anonymous_17)
FNDA:0,(anonymous_18)
FNDA:19,(anonymous_19)
FNDA:0,(anonymous_20)
FNDA:3,(anonymous_21)
FNDA:7,(anonymous_22)
FNDA:0,(anonymous_23)
FNDA:0,(anonymous_24)
FNDA:0,(anonymous_25)
FNDA:0,(anonymous_26)
FNDA:4,(anonymous_27)
FNDA:0,(anonymous_28)
FNDA:0,(anonymous_29)
FNDA:2,(anonymous_30)
FNDA:2,(anonymous_31)
DA:7,1
DA:8,1
DA:10,1
DA:11,1
DA:12,1
DA:13,1
DA:14,1
DA:15,1
DA:16,1
DA:17,1
DA:18,1
DA:19,1
DA:21,1
DA:24,1
DA:25,0
DA:27,1
DA:28,1
DA:29,0
DA:31,1
DA:35,1
DA:36,0
DA:37,0
DA:38,0
DA:39,0
DA:40,0
DA:41,0
DA:42,0
DA:43,0
DA:46,0
DA:49,0
DA:55,1
DA:56,1
DA:59,24
DA:61,18
DA:63,21
DA:65,1
DA:66,0
DA:69,1
DA:70,0
DA:73,1
DA:74,6
DA:75,0
DA:77,6
DA:81,1
DA:82,0
DA:83,0
DA:86,1
DA:87,4
DA:89,0
DA:91,4
DA:95,1
DA:96,3
DA:97,3
DA:98,3
DA:99,3
DA:102,1
DA:103,16
DA:104,16
DA:105,16
DA:108,1
DA:109,0
DA:110,0
DA:111,0
DA:113,0
DA:114,0
DA:116,0
DA:119,1
DA:120,6
DA:121,6
DA:122,1
DA:124,6
DA:127,1
DA:128,0
DA:129,0
DA:131,0
DA:135,1
DA:136,19
DA:137,16
DA:138,16
DA:139,16
DA:140,16
DA:142,16
DA:143,16
DA:147,3
DA:150,1
DA:151,0
DA:154,1
DA:155,3
DA:158,1
DA:159,7
DA:162,1
DA:163,0
DA:164,0
DA:165,0
DA:166,0
DA:167,0
DA:168,0
DA:169,0
DA:170,0
DA:172,0
DA:175,1
DA:176,0
DA:177,0
DA:178,0
DA:179,0
DA:181,0
DA:182,0
DA:184,0
DA:185,0
DA:188,1
DA:189,4
DA:190,1
DA:191,3
DA:192,1
DA:194,2
DA:198,1
DA:199,0
DA:202,1
DA:203,0
DA:204,0
DA:207,1
DA:208,2
DA:209,2
DA:212,1
DA:213,2
DA:214,2
LF:126
LH:78
BRDA:24,0,0,0
BRDA:24,0,1,1
BRDA:24,1,0,1
BRDA:24,1,1,0
BRDA:28,2,0,0
BRDA:28,2,1,1
BRDA:35,3,0,0
BRDA:37,4,0,0
BRDA:37,4,1,0
BRDA:38,5,0,0
BRDA:38,5,1,0
BRDA:38,6,0,0
BRDA:38,6,1,0
BRDA:40,7,0,0
BRDA:40,7,1,0
BRDA:43,8,0,0
BRDA:43,8,1,0
BRDA:43,9,0,0
BRDA:43,9,1,0
BRDA:43,10,0,0
BRDA:43,10,1,0
BRDA:59,11,0,24
BRDA:59,11,1,0
BRDA:61,12,0,18
BRDA:61,12,1,0
BRDA:63,13,0,21
BRDA:63,13,1,0
BRDA:70,14,0,0
BRDA:70,14,1,0
BRDA:74,15,0,0
BRDA:74,15,1,6
BRDA:74,16,0,6
BRDA:74,16,1,6
BRDA:74,16,2,0
BRDA:83,17,0,0
BRDA:83,17,1,0
BRDA:87,18,0,0
BRDA:87,18,1,4
BRDA:113,19,0,0
BRDA:113,19,1,0
BRDA:114,20,0,0
BRDA:114,20,1,0
BRDA:121,21,0,1
BRDA:121,21,1,5
BRDA:136,22,0,16
BRDA:136,22,1,3
BRDA:136,23,0,1
BRDA:136,23,1,18
BRDA:136,24,0,19
BRDA:136,24,1,19
BRDA:138,25,0,16
BRDA:138,25,1,0
BRDA:142,26,0,16
BRDA:142,26,1,0
BRDA:155,27,0,3
BRDA:155,27,1,0
BRDA:155,27,2,0
BRDA:155,27,3,3
BRDA:163,28,0,0
BRDA:163,28,1,0
BRDA:164,29,0,0
BRDA:164,29,1,0
BRDA:164,30,0,0
BRDA:164,30,1,0
BRDA:164,30,2,0
BRDA:165,31,0,0
BRDA:165,31,1,0
BRDA:166,32,0,0
BRDA:166,32,1,0
BRDA:166,33,0,0
BRDA:166,33,1,0
BRDA:166,33,2,0
BRDA:167,34,0,0
BRDA:167,34,1,0
BRDA:168,35,0,0
BRDA:168,35,1,0
BRDA:168,36,0,0
BRDA:168,36,1,0
BRDA:168,36,2,0
BRDA:169,37,0,0
BRDA:169,37,1,0
BRDA:170,38,0,0
BRDA:170,38,1,0
BRDA:170,39,0,0
BRDA:170,39,1,0
BRDA:170,39,2,0
BRDA:189,40,0,1
BRDA:189,40,1,3
BRDA:191,41,0,1
BRDA:191,41,1,2
BRDA:203,42,0,0
BRDA:203,42,1,0
BRDA:209,43,0,2
BRDA:209,43,1,1
BRDA:214,44,0,2
BRDA:214,44,1,1
BRF:96
BRH:30
end_of_record
TN:
SF:lib/webhook.ts
FN:16,(anonymous_0)
FNF:1
FNH:1
FNDA:3,(anonymous_0)
DA:6,1
DA:7,1
DA:8,1
DA:9,1
DA:10,1
DA:11,1
DA:12,1
DA:13,1
DA:14,1
DA:16,1
DA:17,3
DA:35,1
LF:12
LH:12
BRDA:16,0,0,1
BRDA:16,1,0,1
BRDA:30,2,0,0
BRDA:30,2,1,3
BRDA:30,3,0,3
BRDA:30,3,1,3
BRDA:35,4,0,1
BRDA:35,4,1,0
BRF:8
BRH:6
end_of_record
TN:
SF:models/address.ts
FN:30,(anonymous_0)
FNF:1
FNH:1
FNDA:1,(anonymous_0)
DA:6,1
DA:30,1
DA:31,1
DA:75,1
LF:4
LH:4
BRF:0
BRH:0
end_of_record
TN:
SF:models/basket.ts
FN:29,(anonymous_0)
FNF:1
FNH:1
FNDA:1,(anonymous_0)
DA:8,1
DA:29,1
DA:30,1
DA:49,1
LF:4
LH:4
BRF:0
BRH:0
end_of_record
TN:
SF:models/basketitem.ts
FN:26,(anonymous_0)
FNF:1
FNH:1
FNDA:1,(anonymous_0)
DA:7,1
DA:26,1
DA:27,1
DA:49,1
LF:4
LH:4
BRF:0
BRH:0
end_of_record
TN:
SF:models/captcha.ts
FN:23,(anonymous_0)
FNF:1
FNH:1
FNDA:1,(anonymous_0)
DA:6,1
DA:23,1
DA:24,1
DA:39,1
LF:4
LH:4
BRF:0
BRH:0
end_of_record
TN:
SF:models/card.ts
FN:27,(anonymous_0)
FNF:1
FNH:1
FNDA:1,(anonymous_0)
DA:7,1
DA:27,1
DA:28,1
DA:71,1
LF:4
LH:4
BRF:0
BRH:0
end_of_record
TN:
SF:models/challenge.ts
FN:35,(anonymous_0)
FNF:1
FNH:1
FNDA:1,(anonymous_0)
DA:7,1
DA:35,1
DA:36,1
DA:64,1
LF:4
LH:4
BRF:0
BRH:0
end_of_record
TN:
SF:models/complaint.ts
FN:27,(anonymous_0)
FNF:1
FNH:1
FNDA:1,(anonymous_0)
DA:8,1
DA:27,1
DA:28,1
DA:48,1
LF:4
LH:4
BRF:0
BRH:0
end_of_record
TN:
SF:models/delivery.ts
FN:27,(anonymous_0)
FNF:1
FNH:1
FNDA:1,(anonymous_0)
DA:6,1
DA:27,1
DA:28,1
DA:48,1
LF:4
LH:4
BRF:0
BRH:0
end_of_record
TN:
SF:models/feedback.ts
FN:30,(anonymous_0)
FN:43,(anonymous_1)
FN:47,(anonymous_2)
FN:62,(anonymous_3)
FN:64,(anonymous_4)
FNF:5
FNH:1
FNDA:1,(anonymous_0)
FNDA:0,(anonymous_1)
FNDA:0,(anonymous_2)
FNDA:0,(anonymous_3)
FNDA:0,(anonymous_4)
DA:7,1
DA:8,1
DA:10,1
DA:18,1
DA:19,1
DA:30,1
DA:31,1
DA:45,0
DA:46,0
DA:47,0
DA:48,0
DA:54,0
DA:56,0
DA:63,0
DA:64,0
DA:65,0
DA:77,1
LF:17
LH:8
BRDA:45,0,0,0
BRDA:45,0,1,0
BRF:2
BRH:0
end_of_record
TN:
SF:models/imageCaptcha.ts
FN:26,(anonymous_0)
FNF:1
FNH:1
FNDA:1,(anonymous_0)
DA:6,1
DA:26,1
DA:27,1
DA:46,1
LF:4
LH:4
BRF:0
BRH:0
end_of_record
TN:
SF:models/index.ts
FNF:0
FNH:0
DA:6,1
DA:7,1
DA:8,1
DA:9,1
DA:10,1
DA:11,1
DA:12,1
DA:13,1
DA:14,1
DA:15,1
DA:16,1
DA:17,1
DA:18,1
DA:19,1
DA:20,1
DA:21,1
DA:22,1
DA:23,1
DA:24,1
DA:25,1
DA:29,1
DA:31,1
DA:42,1
DA:43,1
DA:44,1
DA:45,1
DA:46,1
DA:47,1
DA:48,1
DA:49,1
DA:50,1
DA:51,1
DA:52,1
DA:53,1
DA:54,1
DA:55,1
DA:56,1
DA:57,1
DA:58,1
DA:59,1
DA:60,1
DA:62,1
DA:64,1
LF:43
LH:43
BRF:0
BRH:0
end_of_record
TN:
SF:models/memory.ts
FN:27,(anonymous_0)
FNF:1
FNH:1
FNDA:1,(anonymous_0)
DA:8,1
DA:27,1
DA:28,1
DA:48,1
LF:4
LH:4
BRF:0
BRH:0
end_of_record
TN:
SF:models/privacyRequests.ts
FN:25,(anonymous_0)
FNF:1
FNH:1
FNDA:1,(anonymous_0)
DA:8,1
DA:25,1
DA:26,1
DA:48,1
LF:4
LH:4
BRF:0
BRH:0
end_of_record
TN:
SF:models/product.ts
FN:34,(anonymous_0)
FN:45,(anonymous_1)
FN:47,(anonymous_2)
FNF:3
FNH:1
FNDA:1,(anonymous_0)
FNDA:0,(anonymous_1)
FNDA:0,(anonymous_2)
DA:7,1
DA:8,1
DA:9,1
DA:18,1
DA:19,1
DA:34,1
DA:35,1
DA:46,0
DA:47,0
DA:48,0
DA:54,0
DA:56,0
DA:71,1
LF:13
LH:8
BRDA:46,0,0,0
BRDA:46,0,1,0
BRF:2
BRH:0
end_of_record
TN:
SF:models/quantity.ts
FN:27,(anonymous_0)
FNF:1
FNH:1
FNDA:1,(anonymous_0)
DA:8,1
DA:27,1
DA:28,1
DA:59,1
LF:4
LH:4
BRF:0
BRH:0
end_of_record
TN:
SF:models/recycle.ts
FN:29,(anonymous_0)
FNF:1
FNH:1
FNDA:1,(anonymous_0)
DA:8,1
DA:29,1
DA:30,1
DA:54,1
LF:4
LH:4
BRF:0
BRH:0
end_of_record
TN:
SF:models/relations.ts
FN:21,(anonymous_0)
FNF:1
FNH:1
FNDA:1,(anonymous_0)
DA:2,1
DA:3,1
DA:4,1
DA:5,1
DA:6,1
DA:7,1
DA:8,1
DA:9,1
DA:10,1
DA:11,1
DA:12,1
DA:13,1
DA:14,1
DA:15,1
DA:16,1
DA:17,1
DA:19,1
DA:21,1
DA:22,1
DA:30,1
DA:37,1
DA:45,1
DA:47,1
DA:55,1
DA:63,1
DA:69,1
DA:75,1
DA:83,1
DA:91,1
DA:98,1
DA:100,1
DA:108,1
DA:115,1
DA:123,1
DA:128,1
DA:136,1
DA:145,1
LF:37
LH:37
BRF:0
BRH:0
end_of_record
TN:
SF:models/securityAnswer.ts
FN:27,(anonymous_0)
FN:45,(anonymous_1)
FNF:2
FNH:1
FNDA:1,(anonymous_0)
FNDA:0,(anonymous_1)
DA:7,1
DA:15,1
DA:27,1
DA:28,1
DA:46,0
DA:57,1
LF:6
LH:5
BRF:0
BRH:0
end_of_record
TN:
SF:models/securityQuestion.ts
FN:24,(anonymous_0)
FNF:1
FNH:1
FNDA:1,(anonymous_0)
DA:7,1
DA:24,1
DA:25,1
DA:43,1
LF:4
LH:4
BRF:0
BRH:0
end_of_record
TN:
SF:models/user.ts
FN:37,(anonymous_0)
FN:48,(anonymous_1)
FN:60,(anonymous_2)
FN:62,(anonymous_3)
FN:76,(anonymous_4)
FN:86,(anonymous_5)
FN:118,(anonymous_6)
FNF:7
FNH:1
FNDA:1,(anonymous_0)
FNDA:0,(anonymous_1)
FNDA:0,(anonymous_2)
FNDA:0,(anonymous_3)
FNDA:0,(anonymous_4)
FNDA:0,(anonymous_5)
FNDA:0,(anonymous_6)
DA:7,1
DA:8,1
DA:16,1
DA:17,1
DA:18,1
DA:19,1
DA:37,1
DA:38,1
DA:49,0
DA:50,0
DA:52,0
DA:54,0
DA:61,0
DA:62,0
DA:63,0
DA:69,0
DA:71,0
DA:77,0
DA:87,0
DA:118,1
DA:119,0
DA:124,0
DA:133,1
LF:23
LH:10
BRDA:49,0,0,0
BRDA:49,0,1,0
BRDA:61,1,0,0
BRDA:61,1,1,0
BRDA:119,2,0,0
BRDA:119,2,1,0
BRDA:120,3,0,0
BRDA:120,3,1,0
BRF:8
BRH:0
end_of_record
TN:
SF:models/wallet.ts
FN:25,(anonymous_0)
FNF:1
FNH:1
FNDA:1,(anonymous_0)
DA:7,1
DA:25,1
DA:26,1
DA:51,1
LF:4
LH:4
BRF:0
BRH:0
end_of_record
TN:
SF:routes/2fa.ts
FN:23,verify
FN:45,(anonymous_1)
FN:64,status
FN:103,setup
FN:148,disable
FN:178,(anonymous_5)
FN:179,(anonymous_6)
FN:180,(anonymous_7)
FN:181,(anonymous_8)
FNF:9
FNH:0
FNDA:0,verify
FNDA:0,(anonymous_1)
FNDA:0,status
FNDA:0,setup
FNDA:0,disable
FNDA:0,(anonymous_5)
FNDA:0,(anonymous_6)
FNDA:0,(anonymous_7)
FNDA:0,(anonymous_8)
DA:12,0
DA:13,0
DA:14,0
DA:15,0
DA:17,0
DA:24,0
DA:26,0
DA:27,0
DA:29,0
DA:30,0
DA:33,0
DA:34,0
DA:35,0
DA:38,0
DA:40,0
DA:42,0
DA:43,0
DA:45,0
DA:47,0
DA:49,0
DA:50,0
DA:51,0
DA:53,0
DA:55,0
DA:65,0
DA:66,0
DA:67,0
DA:68,0
DA:70,0
DA:72,0
DA:73,0
DA:75,0
DA:85,0
DA:90,0
DA:104,0
DA:105,0
DA:106,0
DA:107,0
DA:109,0
DA:111,0
DA:113,0
DA:114,0
DA:117,0
DA:118,0
DA:121,0
DA:122,0
DA:123,0
DA:125,0
DA:126,0
DA:130,0
DA:131,0
DA:132,0
DA:135,0
DA:136,0
DA:137,0
DA:139,0
DA:141,0
DA:149,0
DA:150,0
DA:151,0
DA:152,0
DA:154,0
DA:156,0
DA:158,0
DA:159,0
DA:163,0
DA:164,0
DA:165,0
DA:168,0
DA:169,0
DA:170,0
DA:172,0
DA:174,0
DA:178,0
DA:179,0
DA:180,0
DA:181,0
LF:77
LH:0
BRDA:27,0,0,0
BRDA:27,0,1,0
BRDA:29,1,0,0
BRDA:29,1,1,0
BRDA:34,2,0,0
BRDA:34,2,1,0
BRDA:42,3,0,0
BRDA:42,3,1,0
BRDA:67,4,0,0
BRDA:67,4,1,0
BRDA:72,5,0,0
BRDA:72,5,1,0
BRDA:106,6,0,0
BRDA:106,6,1,0
BRDA:113,7,0,0
BRDA:113,7,1,0
BRDA:117,8,0,0
BRDA:117,8,1,0
BRDA:121,9,0,0
BRDA:121,9,1,0
BRDA:122,10,0,0
BRDA:122,10,1,0
BRDA:125,11,0,0
BRDA:125,11,1,0
BRDA:131,12,0,0
BRDA:131,12,1,0
BRDA:151,13,0,0
BRDA:151,13,1,0
BRDA:158,14,0,0
BRDA:158,14,1,0
BRDA:164,15,0,0
BRDA:164,15,1,0
BRF:32
BRH:0
end_of_record
TN:
SF:routes/address.ts
FN:9,getAddress
FN:10,(anonymous_1)
FN:16,getAddressById
FN:17,(anonymous_3)
FN:27,delAddressById
FN:28,(anonymous_5)
FNF:6
FNH:0
FNDA:0,getAddress
FNDA:0,(anonymous_1)
FNDA:0,getAddressById
FNDA:0,(anonymous_3)
FNDA:0,delAddressById
FNDA:0,(anonymous_5)
DA:9,0
DA:10,0
DA:11,0
DA:12,0
DA:16,0
DA:17,0
DA:18,0
DA:19,0
DA:20,0
DA:22,0
DA:27,0
DA:28,0
DA:29,0
DA:30,0
DA:31,0
DA:33,0
LF:16
LH:0
BRDA:19,0,0,0
BRDA:19,0,1,0
BRDA:30,1,0,0
BRDA:30,1,1,0
BRF:4
BRH:0
end_of_record
TN:
SF:routes/angular.ts
FN:11,serveAngularClient
FN:12,(anonymous_1)
FNF:2
FNH:2
FNDA:3,serveAngularClient
FNDA:3,(anonymous_1)
DA:6,1
DA:9,1
DA:11,1
DA:12,3
DA:13,3
DA:14,1
DA:16,2
LF:7
LH:7
BRDA:13,0,0,1
BRDA:13,0,1,2
BRDA:13,1,0,3
BRDA:13,1,1,2
BRF:4
BRH:4
end_of_record
TN:
SF:routes/appConfiguration.ts
FN:9,retrieveAppConfiguration
FN:10,(anonymous_1)
FNF:2
FNH:2
FNDA:1,retrieveAppConfiguration
FNDA:1,(anonymous_1)
DA:6,1
DA:9,1
DA:10,1
DA:11,1
LF:4
LH:4
BRF:0
BRH:0
end_of_record
TN:
SF:routes/appVersion.ts
FN:11,retrieveAppVersion
FN:12,(anonymous_1)
FNF:2
FNH:2
FNDA:1,retrieveAppVersion
FNDA:1,(anonymous_1)
DA:6,1
DA:9,1
DA:11,1
DA:12,1
DA:13,1
LF:5
LH:5
BRDA:14,0,0,1
BRDA:14,0,1,0
BRF:2
BRH:1
end_of_record
TN:
SF:routes/authenticatedUsers.ts
FN:11,retrieveUserList
FN:12,(anonymous_1)
FN:13,(anonymous_2)
FN:15,(anonymous_3)
FN:25,(anonymous_4)
FNF:5
FNH:0
FNDA:0,retrieveUserList
FNDA:0,(anonymous_1)
FNDA:0,(anonymous_2)
FNDA:0,(anonymous_3)
FNDA:0,(anonymous_4)
DA:8,0
DA:9,0
DA:11,0
DA:12,0
DA:13,0
DA:14,0
DA:15,0
DA:16,0
DA:17,0
DA:18,0
DA:20,0
DA:21,0
DA:24,0
DA:26,0
LF:14
LH:0
BRDA:17,0,0,0
BRDA:17,0,1,0
BRDA:20,1,0,0
BRDA:20,1,1,0
BRF:4
BRH:0
end_of_record
TN:
SF:routes/b2bOrder.ts
FN:15,b2bOrder
FN:16,(anonymous_1)
FN:26,(anonymous_2)
FN:30,(anonymous_3)
FN:39,uniqueOrderNumber
FN:43,dateTwoWeeksFromNow
FNF:6
FNH:4
FNDA:3,b2bOrder
FNDA:3,(anonymous_1)
FNDA:0,(anonymous_2)
FNDA:0,(anonymous_3)
FNDA:3,uniqueOrderNumber
FNDA:3,dateTwoWeeksFromNow
DA:6,1
DA:8,1
DA:10,1
DA:11,1
DA:12,1
DA:13,1
DA:15,1
DA:16,3
DA:17,3
DA:18,0
DA:19,0
DA:20,0
DA:21,0
DA:22,0
DA:23,0
DA:25,0
DA:26,0
DA:27,0
DA:28,0
DA:30,0
DA:31,0
DA:35,3
DA:40,3
DA:44,3
LF:24
LH:12
BRDA:17,0,0,0
BRDA:17,0,1,3
BRDA:18,1,0,0
BRDA:18,1,1,0
BRDA:25,2,0,0
BRDA:25,2,1,0
BRF:6
BRH:1
end_of_record
TN:
SF:routes/basket.ts
FN:15,retrieveBasket
FN:16,(anonymous_1)
FN:19,(anonymous_2)
FN:21,(anonymous_3)
FN:32,(anonymous_4)
FNF:5
FNH:0
FNDA:0,retrieveBasket
FNDA:0,(anonymous_1)
FNDA:0,(anonymous_2)
FNDA:0,(anonymous_3)
FNDA:0,(anonymous_4)
DA:11,0
DA:12,0
DA:13,0
DA:15,0
DA:16,0
DA:17,0
DA:18,0
DA:21,0
DA:22,0
DA:23,0
DA:25,0
DA:26,0
DA:27,0
DA:31,0
DA:33,0
LF:15
LH:0
BRDA:23,0,0,0
BRDA:23,0,1,0
BRDA:23,0,2,0
BRDA:23,0,3,0
BRDA:23,0,4,0
BRDA:23,0,5,0
BRDA:23,0,6,0
BRDA:25,1,0,0
BRDA:25,1,1,0
BRDA:25,2,0,0
BRDA:25,2,1,0
BRF:11
BRH:0
end_of_record
TN:
SF:routes/basketItems.ts
FN:19,addBasketItem
FN:20,(anonymous_1)
FN:45,(anonymous_2)
FN:48,(anonymous_3)
FN:50,(anonymous_4)
FN:57,quantityCheckBeforeBasketItemAddition
FN:58,(anonymous_6)
FN:59,(anonymous_7)
FN:65,quantityCheckBeforeBasketItemUpdate
FN:66,(anonymous_9)
FN:67,(anonymous_10)
FN:69,(anonymous_11)
FN:78,(anonymous_12)
FN:84,quantityCheck
FNF:14
FNH:0
FNDA:0,addBasketItem
FNDA:0,(anonymous_1)
FNDA:0,(anonymous_2)
FNDA:0,(anonymous_3)
FNDA:0,(anonymous_4)
FNDA:0,quantityCheckBeforeBasketItemAddition
FNDA:0,(anonymous_6)
FNDA:0,(anonymous_7)
FNDA:0,quantityCheckBeforeBasketItemUpdate
FNDA:0,(anonymous_9)
FNDA:0,(anonymous_10)
FNDA:0,(anonymous_11)
FNDA:0,(anonymous_12)
FNDA:0,quantityCheck
DA:11,0
DA:12,0
DA:13,0
DA:19,0
DA:20,0
DA:21,0
DA:22,0
DA:23,0
DA:24,0
DA:26,0
DA:27,0
DA:28,0
DA:29,0
DA:30,0
DA:31,0
DA:32,0
DA:36,0
DA:37,0
DA:38,0
DA:40,0
DA:45,0
DA:47,0
DA:48,0
DA:49,0
DA:51,0
DA:57,0
DA:58,0
DA:59,0
DA:60,0
DA:65,0
DA:66,0
DA:67,0
DA:68,0
DA:69,0
DA:70,0
DA:71,0
DA:72,0
DA:74,0
DA:76,0
DA:79,0
DA:85,0
DA:86,0
DA:87,0
DA:91,0
DA:92,0
DA:93,0
DA:95,0
DA:98,0
LF:48
LH:0
BRDA:27,0,0,0
BRDA:27,0,1,0
BRDA:29,1,0,0
BRDA:29,1,1,0
BRDA:31,2,0,0
BRDA:31,2,1,0
BRDA:37,3,0,0
BRDA:37,3,1,0
BRDA:37,4,0,0
BRDA:37,4,1,0
BRDA:37,4,2,0
BRDA:37,4,3,0
BRDA:45,5,0,0
BRDA:45,5,1,0
BRDA:45,5,2,0
BRDA:45,5,3,0
BRDA:69,6,0,0
BRDA:69,6,1,0
BRDA:69,6,2,0
BRDA:70,7,0,0
BRDA:70,7,1,0
BRDA:71,8,0,0
BRDA:71,8,1,0
BRDA:86,9,0,0
BRDA:86,9,1,0
BRDA:91,10,0,0
BRDA:91,10,1,0
BRDA:91,11,0,0
BRDA:91,11,1,0
BRDA:91,11,2,0
BRDA:91,11,3,0
BRDA:92,12,0,0
BRDA:92,12,1,0
BRF:33
BRH:0
end_of_record
TN:
SF:routes/captcha.ts
FN:10,captchas
FN:11,(anonymous_1)
FN:36,(anonymous_2)
FN:36,(anonymous_3)
FN:37,(anonymous_4)
FN:43,(anonymous_5)
FNF:6
FNH:0
FNDA:0,captchas
FNDA:0,(anonymous_1)
FNDA:0,(anonymous_2)
FNDA:0,(anonymous_3)
FNDA:0,(anonymous_4)
FNDA:0,(anonymous_5)
DA:11,0
DA:12,0
DA:13,0
DA:15,0
DA:16,0
DA:17,0
DA:19,0
DA:20,0
DA:22,0
DA:23,0
DA:25,0
DA:30,0
DA:31,0
DA:32,0
DA:36,0
DA:37,0
DA:38,0
DA:39,0
DA:41,0
DA:44,0
DA:48,0
LF:21
LH:0
BRDA:38,0,0,0
BRDA:38,0,1,0
BRDA:38,1,0,0
BRDA:38,1,1,0
BRF:4
BRH:0
end_of_record
TN:
SF:routes/changePassword.ts
FN:14,changePassword
FN:15,(anonymous_1)
FN:31,(anonymous_2)
FN:33,(anonymous_3)
FN:34,(anonymous_4)
FN:36,(anonymous_5)
FN:40,(anonymous_6)
FNF:7
FNH:0
FNDA:0,changePassword
FNDA:0,(anonymous_1)
FNDA:0,(anonymous_2)
FNDA:0,(anonymous_3)
FNDA:0,(anonymous_4)
FNDA:0,(anonymous_5)
FNDA:0,(anonymous_6)
DA:10,0
DA:11,0
DA:12,0
DA:14,0
DA:15,0
DA:16,0
DA:17,0
DA:18,0
DA:19,0
DA:20,0
DA:21,0
DA:22,0
DA:23,0
DA:25,0
DA:26,0
DA:27,0
DA:28,0
DA:29,0
DA:31,0
DA:32,0
DA:33,0
DA:34,0
DA:35,0
DA:37,0
DA:41,0
DA:45,0
LF:26
LH:0
BRDA:20,0,0,0
BRDA:20,0,1,0
BRDA:20,1,0,0
BRDA:20,1,1,0
BRDA:22,2,0,0
BRDA:22,2,1,0
BRDA:25,3,0,0
BRDA:25,3,1,0
BRDA:27,4,0,0
BRDA:27,4,1,0
BRDA:28,5,0,0
BRDA:28,5,1,0
BRDA:28,6,0,0
BRDA:28,6,1,0
BRDA:32,7,0,0
BRDA:32,7,1,0
BRDA:34,8,0,0
BRDA:34,8,1,0
BRDA:34,8,2,0
BRF:19
BRH:0
end_of_record
TN:
SF:routes/chatbot.ts
FN:26,initialize
FN:49,processQuery
FN:102,(anonymous_2)
FN:111,setUserName
FN:112,(anonymous_4)
FN:116,(anonymous_5)
FN:126,(anonymous_6)
FN:129,(anonymous_7)
FN:138,status
FN:139,(anonymous_9)
FN:149,(anonymous_10)
FN:150,(anonymous_11)
FN:191,respond
FN:192,(anonymous_13)
FN:207,(anonymous_14)
FN:208,(anonymous_15)
FNF:16
FNH:0
FNDA:0,initialize
FNDA:0,processQuery
FNDA:0,(anonymous_2)
FNDA:0,setUserName
FNDA:0,(anonymous_4)
FNDA:0,(anonymous_5)
FNDA:0,(anonymous_6)
FNDA:0,(anonymous_7)
FNDA:0,status
FNDA:0,(anonymous_9)
FNDA:0,(anonymous_10)
FNDA:0,(anonymous_11)
FNDA:0,respond
FNDA:0,(anonymous_13)
FNDA:0,(anonymous_14)
FNDA:0,(anonymous_15)
DA:13,0
DA:14,0
DA:15,0
DA:16,0
DA:17,0
DA:18,0
DA:19,0
DA:20,0
DA:21,0
DA:23,0
DA:27,0
DA:28,0
DA:29,0
DA:30,0
DA:33,0
DA:38,0
DA:39,0
DA:40,0
DA:42,0
DA:43,0
DA:44,0
DA:47,0
DA:50,0
DA:51,0
DA:52,0
DA:56,0
DA:59,0
DA:60,0
DA:61,0
DA:65,0
DA:68,0
DA:69,0
DA:72,0
DA:73,0
DA:77,0
DA:80,0
DA:81,0
DA:82,0
DA:83,0
DA:84,0
DA:86,0
DA:92,0
DA:95,0
DA:96,0
DA:97,0
DA:102,0
DA:103,0
DA:112,0
DA:113,0
DA:114,0
DA:116,0
DA:117,0
DA:118,0
DA:119,0
DA:120,0
DA:121,0
DA:127,0
DA:130,0
DA:134,0
DA:136,0
DA:138,0
DA:139,0
DA:140,0
DA:141,0
DA:145,0
DA:147,0
DA:148,0
DA:149,0
DA:150,0
DA:151,0
DA:152,0
DA:156,0
DA:161,0
DA:162,0
DA:165,0
DA:167,0
DA:168,0
DA:172,0
DA:175,0
DA:177,0
DA:181,0
DA:184,0
DA:191,0
DA:192,0
DA:193,0
DA:194,0
DA:199,0
DA:200,0
DA:201,0
DA:204,0
DA:207,0
DA:208,0
DA:209,0
DA:210,0
DA:214,0
DA:219,0
DA:220,0
DA:223,0
DA:224,0
DA:225,0
DA:226,0
LF:101
LH:0
BRDA:27,0,0,0
BRDA:27,0,1,0
BRDA:51,1,0,0
BRDA:51,1,1,0
BRDA:59,2,0,0
BRDA:59,2,1,0
BRDA:68,3,0,0
BRDA:68,3,1,0
BRDA:72,4,0,0
BRDA:72,4,1,0
BRDA:82,5,0,0
BRDA:82,5,1,0
BRDA:83,6,0,0
BRDA:83,6,1,0
BRDA:83,7,0,0
BRDA:83,7,1,0
BRDA:113,8,0,0
BRDA:113,8,1,0
BRDA:140,9,0,0
BRDA:140,9,1,0
BRDA:147,10,0,0
BRDA:147,10,1,0
BRDA:148,11,0,0
BRDA:148,11,1,0
BRDA:151,12,0,0
BRDA:151,12,1,0
BRDA:161,13,0,0
BRDA:161,13,1,0
BRDA:167,14,0,0
BRDA:167,14,1,0
BRDA:179,15,0,0
BRDA:179,15,1,0
BRDA:193,16,0,0
BRDA:193,16,1,0
BRDA:199,17,0,0
BRDA:199,17,1,0
BRDA:200,18,0,0
BRDA:200,18,1,0
BRDA:200,19,0,0
BRDA:200,19,1,0
BRDA:209,20,0,0
BRDA:209,20,1,0
BRDA:219,21,0,0
BRDA:219,21,1,0
BRDA:223,22,0,0
BRDA:223,22,1,0
BRDA:225,23,0,0
BRDA:225,23,1,0
BRF:48
BRH:0
end_of_record
TN:
SF:routes/continueCode.ts
FN:14,continueCode
FN:16,(anonymous_1)
FN:28,continueCodeFindIt
FN:30,(anonymous_3)
FN:41,continueCodeFixIt
FN:43,(anonymous_5)
FNF:6
FNH:2
FNDA:3,continueCode
FNDA:3,(anonymous_1)
FNDA:0,continueCodeFindIt
FNDA:0,(anonymous_3)
FNDA:0,continueCodeFixIt
FNDA:0,(anonymous_5)
DA:6,1
DA:8,1
DA:10,1
DA:11,1
DA:12,1
DA:14,1
DA:15,3
DA:16,3
DA:17,3
DA:18,3
DA:19,5
DA:20,5
DA:23,3
DA:24,3
DA:28,1
DA:29,0
DA:30,0
DA:31,0
DA:32,0
DA:33,0
DA:34,0
DA:36,0
DA:37,0
DA:41,1
DA:42,0
DA:43,0
DA:44,0
DA:45,0
DA:46,0
DA:47,0
DA:49,0
DA:50,0
LF:32
LH:16
BRDA:19,0,0,5
BRDA:19,0,1,0
BRDA:20,1,0,2
BRDA:20,1,1,3
BRDA:23,2,0,1
BRDA:23,2,1,2
BRDA:36,3,0,0
BRDA:36,3,1,0
BRDA:49,4,0,0
BRDA:49,4,1,0
BRF:10
BRH:5
end_of_record
TN:
SF:routes/countryMapping.ts
FN:9,countryMapping
FN:10,(anonymous_1)
FNF:2
FNH:2
FNDA:3,countryMapping
FNDA:3,(anonymous_1)
DA:7,1
DA:9,1
DA:10,3
DA:11,3
DA:12,3
DA:13,3
DA:14,2
DA:16,1
DA:19,2
DA:20,2
LF:10
LH:10
BRDA:9,0,0,1
BRDA:13,1,0,2
BRDA:13,1,1,1
BRF:3
BRH:3
end_of_record
TN:
SF:routes/coupon.ts
FN:11,applyCoupon
FN:12,(anonymous_1)
FN:17,(anonymous_2)
FN:19,(anonymous_3)
FN:25,(anonymous_4)
FN:31,(anonymous_5)
FNF:6
FNH:0
FNDA:0,applyCoupon
FNDA:0,(anonymous_1)
FNDA:0,(anonymous_2)
FNDA:0,(anonymous_3)
FNDA:0,(anonymous_4)
FNDA:0,(anonymous_5)
DA:9,0
DA:11,0
DA:12,0
DA:13,0
DA:14,0
DA:15,0
DA:16,0
DA:17,0
DA:18,0
DA:19,0
DA:20,0
DA:21,0
DA:23,0
DA:26,0
DA:29,0
DA:32,0
LF:16
LH:0
BRDA:14,0,0,0
BRDA:14,0,1,0
BRDA:16,1,0,0
BRDA:16,1,1,0
BRDA:18,2,0,0
BRDA:18,2,1,0
BRDA:20,3,0,0
BRDA:20,3,1,0
BRF:8
BRH:0
end_of_record
TN:
SF:routes/createProductReviews.ts
FN:15,productReviews
FN:16,(anonymous_1)
FN:18,(anonymous_2)
FN:25,(anonymous_3)
FN:27,(anonymous_4)
FNF:5
FNH:0
FNDA:0,productReviews
FNDA:0,(anonymous_1)
FNDA:0,(anonymous_2)
FNDA:0,(anonymous_3)
FNDA:0,(anonymous_4)
DA:9,0
DA:11,0
DA:12,0
DA:13,0
DA:15,0
DA:16,0
DA:17,0
DA:18,0
DA:19,0
DA:26,0
DA:28,0
LF:11
LH:0
BRDA:18,0,0,0
BRDA:18,0,1,0
BRF:2
BRH:0
end_of_record
TN:
SF:routes/currentUser.ts
FN:13,retrieveLoggedInUser
FN:14,(anonymous_1)
FN:27,(anonymous_2)
FNF:3
FNH:2
FNDA:2,retrieveLoggedInUser
FNDA:2,(anonymous_1)
FNDA:0,(anonymous_2)
DA:6,1
DA:9,1
DA:10,1
DA:11,1
DA:13,1
DA:14,2
DA:16,2
DA:17,2
DA:18,1
DA:21,1
DA:23,2
DA:24,2
DA:25,2
DA:27,0
DA:28,0
LF:15
LH:13
BRDA:17,0,0,1
BRDA:17,0,1,0
BRDA:23,1,0,1
BRDA:23,1,1,1
BRDA:23,2,0,1
BRDA:23,2,1,1
BRDA:23,3,0,2
BRDA:23,3,1,2
BRDA:23,4,0,1
BRDA:23,4,1,1
BRDA:23,5,0,1
BRDA:23,5,1,1
BRDA:23,6,0,2
BRDA:23,6,1,2
BRDA:23,7,0,1
BRDA:23,7,1,1
BRDA:23,8,0,1
BRDA:23,8,1,1
BRDA:23,9,0,2
BRDA:23,9,1,2
BRDA:23,10,0,1
BRDA:23,10,1,1
BRDA:23,11,0,1
BRDA:23,11,1,1
BRDA:23,12,0,2
BRDA:23,12,1,2
BRDA:24,13,0,2
BRDA:24,13,1,0
BRF:28
BRH:26
end_of_record
TN:
SF:routes/dataErasure.ts
FN:18,(anonymous_0)
FN:54,(anonymous_1)
FN:74,(anonymous_2)
FNF:3
FNH:0
FNDA:0,(anonymous_0)
FNDA:0,(anonymous_1)
FNDA:0,(anonymous_2)
DA:11,0
DA:13,0
DA:14,0
DA:15,0
DA:18,0
DA:19,0
DA:20,0
DA:21,0
DA:22,0
DA:24,0
DA:26,0
DA:27,0
DA:33,0
DA:34,0
DA:36,0
DA:37,0
DA:38,0
DA:41,0
DA:43,0
DA:54,0
DA:55,0
DA:56,0
DA:57,0
DA:58,0
DA:61,0
DA:62,0
DA:67,0
DA:68,0
DA:69,0
DA:70,0
DA:71,0
DA:72,0
DA:75,0
DA:76,0
DA:78,0
DA:79,0
DA:80,0
DA:84,0
DA:87,0
DA:92,0
LF:40
LH:0
BRDA:20,0,0,0
BRDA:20,0,1,0
BRDA:33,1,0,0
BRDA:33,1,1,0
BRDA:37,2,0,0
BRDA:37,2,1,0
BRDA:56,3,0,0
BRDA:56,3,1,0
BRDA:68,4,0,0
BRDA:68,4,1,0
BRDA:70,5,0,0
BRDA:70,5,1,0
BRDA:70,5,2,0
BRDA:71,6,0,0
BRDA:71,6,1,0
BRDA:75,7,0,0
BRDA:75,7,1,0
BRDA:75,8,0,0
BRDA:75,8,1,0
BRF:19
BRH:0
end_of_record
TN:
SF:routes/dataExport.ts
FN:15,dataExport
FN:16,(anonymous_1)
FN:54,(anonymous_2)
FN:61,(anonymous_3)
FN:69,(anonymous_4)
FN:80,(anonymous_5)
FN:88,(anonymous_6)
FN:100,(anonymous_7)
FN:104,(anonymous_8)
FN:108,(anonymous_9)
FNF:10
FNH:0
FNDA:0,dataExport
FNDA:0,(anonymous_1)
FNDA:0,(anonymous_2)
FNDA:0,(anonymous_3)
FNDA:0,(anonymous_4)
FNDA:0,(anonymous_5)
FNDA:0,(anonymous_6)
FNDA:0,(anonymous_7)
FNDA:0,(anonymous_8)
FNDA:0,(anonymous_9)
DA:11,0
DA:12,0
DA:13,0
DA:15,0
DA:16,0
DA:17,0
DA:18,0
DA:19,0
DA:20,0
DA:21,0
DA:45,0
DA:53,0
DA:54,0
DA:55,0
DA:61,0
DA:68,0
DA:69,0
DA:70,0
DA:80,0
DA:87,0
DA:88,0
DA:89,0
DA:98,0
DA:99,0
DA:100,0
DA:102,0
DA:105,0
DA:109,0
DA:112,0
LF:29
LH:0
BRDA:18,0,0,0
BRDA:18,0,1,0
BRDA:18,1,0,0
BRDA:18,1,1,0
BRDA:68,2,0,0
BRDA:68,2,1,0
BRDA:87,3,0,0
BRDA:87,3,1,0
BRF:8
BRH:0
end_of_record
TN:
SF:routes/delivery.ts
FN:11,getDeliveryMethods
FN:12,(anonymous_1)
FN:32,getDeliveryMethod
FN:33,(anonymous_3)
FNF:4
FNH:0
FNDA:0,getDeliveryMethods
FNDA:0,(anonymous_1)
FNDA:0,getDeliveryMethod
FNDA:0,(anonymous_3)
DA:9,0
DA:11,0
DA:12,0
DA:13,0
DA:14,0
DA:15,0
DA:16,0
DA:17,0
DA:25,0
DA:27,0
DA:32,0
DA:33,0
DA:34,0
DA:35,0
DA:36,0
DA:43,0
DA:45,0
LF:17
LH:0
BRDA:14,0,0,0
BRDA:14,0,1,0
BRDA:20,1,0,0
BRDA:20,1,1,0
BRDA:35,2,0,0
BRDA:35,2,1,0
BRDA:39,3,0,0
BRDA:39,3,1,0
BRF:8
BRH:0
end_of_record
TN:
SF:routes/deluxe.ts
FN:16,upgradeToDeluxe
FN:17,(anonymous_1)
FN:43,(anonymous_2)
FN:44,(anonymous_3)
FN:49,(anonymous_4)
FN:58,deluxeMembershipStatus
FN:59,(anonymous_6)
FNF:7
FNH:0
FNDA:0,upgradeToDeluxe
FNDA:0,(anonymous_1)
FNDA:0,(anonymous_2)
FNDA:0,(anonymous_3)
FNDA:0,(anonymous_4)
FNDA:0,deluxeMembershipStatus
FNDA:0,(anonymous_6)
DA:12,0
DA:13,0
DA:14,0
DA:16,0
DA:17,0
DA:18,0
DA:19,0
DA:20,0
DA:21,0
DA:22,0
DA:24,0
DA:25,0
DA:26,0
DA:27,0
DA:28,0
DA:30,0
DA:34,0
DA:35,0
DA:36,0
DA:37,0
DA:38,0
DA:42,0
DA:44,0
DA:45,0
DA:46,0
DA:47,0
DA:48,0
DA:50,0
DA:53,0
DA:58,0
DA:59,0
DA:60,0
DA:61,0
DA:62,0
DA:63,0
DA:65,0
LF:36
LH:0
BRDA:20,0,0,0
BRDA:20,0,1,0
BRDA:24,1,0,0
BRDA:24,1,1,0
BRDA:26,2,0,0
BRDA:26,2,1,0
BRDA:26,3,0,0
BRDA:26,3,1,0
BRDA:34,4,0,0
BRDA:34,4,1,0
BRDA:36,5,0,0
BRDA:36,5,1,0
BRDA:36,6,0,0
BRDA:36,6,1,0
BRDA:36,6,2,0
BRDA:36,6,3,0
BRDA:44,7,0,0
BRDA:44,7,1,0
BRDA:44,7,2,0
BRDA:60,8,0,0
BRDA:60,8,1,0
BRDA:62,9,0,0
BRDA:62,9,1,0
BRF:23
BRH:0
end_of_record
TN:
SF:routes/easterEgg.ts
FN:12,serveEasterEgg
FN:13,(anonymous_1)
FN:14,(anonymous_2)
FNF:3
FNH:3
FNDA:2,serveEasterEgg
FNDA:2,(anonymous_1)
FNDA:1,(anonymous_2)
DA:6,1
DA:9,1
DA:10,1
DA:12,1
DA:13,2
DA:14,2
DA:15,2
LF:7
LH:7
BRF:0
BRH:0
end_of_record
TN:
SF:routes/fileServer.ts
FN:14,servePublicFiles
FN:15,(anonymous_1)
FN:26,verify
FN:30,(anonymous_3)
FN:40,verifySuccessfulPoisonNullByteExploit
FN:41,(anonymous_5)
FN:42,(anonymous_6)
FN:43,(anonymous_7)
FN:44,(anonymous_8)
FN:46,(anonymous_9)
FN:52,endsWithAllowlistedFileType
FNF:11
FNH:10
FNDA:10,servePublicFiles
FNDA:10,(anonymous_1)
FNDA:9,verify
FNDA:1,(anonymous_3)
FNDA:8,verifySuccessfulPoisonNullByteExploit
FNDA:1,(anonymous_5)
FNDA:1,(anonymous_6)
FNDA:1,(anonymous_7)
FNDA:1,(anonymous_8)
FNDA:0,(anonymous_9)
FNDA:9,endsWithAllowlistedFileType
DA:6,1
DA:8,1
DA:10,1
DA:11,1
DA:12,1
DA:14,1
DA:15,10
DA:16,10
DA:18,10
DA:19,9
DA:21,1
DA:22,1
DA:27,9
DA:28,8
DA:30,8
DA:31,8
DA:33,8
DA:35,1
DA:36,1
DA:41,8
DA:42,8
DA:43,8
DA:44,8
DA:46,8
DA:47,0
DA:53,9
LF:26
LH:25
BRDA:18,0,0,9
BRDA:18,0,1,1
BRDA:27,1,0,8
BRDA:27,1,1,1
BRDA:27,2,0,9
BRDA:27,2,1,9
BRDA:27,2,2,2
BRDA:47,3,0,0
BRDA:47,3,1,0
BRDA:47,3,2,0
BRDA:47,3,3,0
BRDA:47,3,4,0
BRDA:53,4,0,9
BRDA:53,4,1,3
BRF:14
BRH:9
end_of_record
TN:
SF:routes/fileUpload.ts
FN:18,ensureFileIsPassed
FN:24,handleZipFileUpload
FN:30,(anonymous_2)
FN:32,(anonymous_3)
FN:34,(anonymous_4)
FN:37,(anonymous_5)
FN:40,(anonymous_6)
FN:42,(anonymous_7)
FN:46,(anonymous_8)
FN:57,checkUploadSize
FN:59,(anonymous_10)
FN:64,checkFileType
FN:66,(anonymous_12)
FN:72,handleXmlUpload
FN:74,(anonymous_14)
FN:82,(anonymous_15)
FNF:16
FNH:4
FNDA:0,ensureFileIsPassed
FNDA:0,handleZipFileUpload
FNDA:0,(anonymous_2)
FNDA:0,(anonymous_3)
FNDA:0,(anonymous_4)
FNDA:0,(anonymous_5)
FNDA:0,(anonymous_6)
FNDA:0,(anonymous_7)
FNDA:0,(anonymous_8)
FNDA:8,checkUploadSize
FNDA:8,(anonymous_10)
FNDA:2,checkFileType
FNDA:2,(anonymous_12)
FNDA:0,handleXmlUpload
FNDA:0,(anonymous_14)
FNDA:0,(anonymous_15)
DA:6,1
DA:7,1
DA:10,1
DA:11,1
DA:12,1
DA:13,1
DA:14,1
DA:15,1
DA:16,1
DA:19,0
DA:20,0
DA:25,0
DA:26,0
DA:27,0
DA:28,0
DA:29,0
DA:30,0
DA:31,0
DA:32,0
DA:33,0
DA:34,0
DA:35,0
DA:38,0
DA:39,0
DA:40,0
DA:41,0
DA:42,0
DA:44,0
DA:46,0
DA:51,0
DA:53,0
DA:58,8
DA:59,8
DA:61,8
DA:65,2
DA:66,2
DA:67,2
DA:69,2
DA:73,0
DA:74,0
DA:75,0
DA:76,0
DA:77,0
DA:78,0
DA:79,0
DA:80,0
DA:81,0
DA:82,0
DA:83,0
DA:84,0
DA:86,0
DA:87,0
DA:88,0
DA:90,0
DA:91,0
DA:93,0
DA:94,0
DA:98,0
DA:99,0
DA:102,0
DA:105,1
LF:61
LH:17
BRDA:19,0,0,0
BRDA:19,0,1,0
BRDA:25,1,0,0
BRDA:25,1,1,0
BRDA:25,2,0,0
BRDA:25,2,1,0
BRDA:25,3,0,0
BRDA:25,3,1,0
BRDA:26,4,0,0
BRDA:26,4,1,0
BRDA:26,5,0,0
BRDA:26,5,1,0
BRDA:26,6,0,0
BRDA:26,6,1,0
BRDA:26,7,0,0
BRDA:26,7,1,0
BRDA:31,8,0,0
BRDA:31,8,1,0
BRDA:33,9,0,0
BRDA:33,9,1,0
BRDA:41,10,0,0
BRDA:41,10,1,0
BRDA:58,11,0,8
BRDA:58,11,1,0
BRDA:59,12,0,0
BRDA:59,12,1,8
BRDA:59,13,0,8
BRDA:59,13,1,8
BRDA:65,14,0,0
BRDA:65,14,1,2
BRDA:65,15,0,2
BRDA:65,15,1,2
BRDA:67,16,0,2
BRDA:67,16,1,1
BRDA:67,16,2,1
BRDA:73,17,0,0
BRDA:73,17,1,0
BRDA:73,18,0,0
BRDA:73,18,1,0
BRDA:73,19,0,0
BRDA:73,19,1,0
BRDA:75,20,0,0
BRDA:75,20,1,0
BRDA:75,21,0,0
BRDA:75,21,1,0
BRDA:75,22,0,0
BRDA:75,22,1,0
BRDA:75,23,0,0
BRDA:75,23,1,0
BRDA:82,24,0,0
BRDA:82,24,1,0
BRDA:82,25,0,0
BRDA:82,25,1,0
BRDA:86,26,0,0
BRDA:86,26,1,0
BRDA:87,27,0,0
BRDA:87,27,1,0
BRDA:99,28,0,0
BRDA:99,28,1,0
BRDA:99,29,0,0
BRDA:99,29,1,0
BRF:61
BRH:10
end_of_record
TN:
SF:routes/imageCaptcha.ts
FN:13,imageCaptchas
FN:14,(anonymous_1)
FN:23,(anonymous_2)
FN:25,(anonymous_3)
FN:31,(anonymous_4)
FN:31,(anonymous_5)
FN:43,(anonymous_6)
FN:49,(anonymous_7)
FNF:8
FNH:0
FNDA:0,imageCaptchas
FNDA:0,(anonymous_1)
FNDA:0,(anonymous_2)
FNDA:0,(anonymous_3)
FNDA:0,(anonymous_4)
FNDA:0,(anonymous_5)
FNDA:0,(anonymous_6)
FNDA:0,(anonymous_7)
DA:10,0
DA:11,0
DA:14,0
DA:15,0
DA:17,0
DA:22,0
DA:23,0
DA:24,0
DA:26,0
DA:31,0
DA:32,0
DA:33,0
DA:34,0
DA:44,0
DA:45,0
DA:47,0
DA:50,0
DA:54,0
LF:18
LH:0
BRDA:33,0,0,0
BRDA:33,0,1,0
BRDA:33,1,0,0
BRDA:33,1,1,0
BRDA:44,2,0,0
BRDA:44,2,1,0
BRDA:44,3,0,0
BRDA:44,3,1,0
BRF:8
BRH:0
end_of_record
TN:
SF:routes/keyServer.ts
FN:9,serveKeyFiles
FN:10,(anonymous_1)
FNF:2
FNH:2
FNDA:2,serveKeyFiles
FNDA:2,(anonymous_1)
DA:6,1
DA:9,1
DA:10,2
DA:11,2
DA:13,2
DA:14,1
DA:16,1
DA:17,1
LF:8
LH:8
BRDA:13,0,0,1
BRDA:13,0,1,1
BRF:2
BRH:2
end_of_record
TN:
SF:routes/languages.ts
FN:10,getLanguageList
FN:11,(anonymous_1)
FN:16,(anonymous_2)
FN:21,(anonymous_3)
FN:25,(anonymous_4)
FN:27,(anonymous_5)
FN:34,(anonymous_6)
FN:49,(anonymous_7)
FN:57,calcPercentage
FN:60,(anonymous_9)
FNF:10
FNH:0
FNDA:0,getLanguageList
FNDA:0,(anonymous_1)
FNDA:0,(anonymous_2)
FNDA:0,(anonymous_3)
FNDA:0,(anonymous_4)
FNDA:0,(anonymous_5)
FNDA:0,(anonymous_6)
FNDA:0,(anonymous_7)
FNDA:0,calcPercentage
FNDA:0,(anonymous_9)
DA:10,0
DA:11,0
DA:12,0
DA:13,0
DA:16,0
DA:17,0
DA:18,0
DA:20,0
DA:21,0
DA:22,0
DA:23,0
DA:25,0
DA:27,0
DA:28,0
DA:29,0
DA:31,0
DA:32,0
DA:33,0
DA:34,0
DA:35,0
DA:43,0
DA:44,0
DA:46,0
DA:47,0
DA:48,0
DA:49,0
DA:50,0
DA:58,0
DA:59,0
DA:60,0
DA:61,0
DA:62,0
DA:63,0
DA:64,0
DA:67,0
DA:69,0
LF:36
LH:0
BRDA:17,0,0,0
BRDA:17,0,1,0
BRDA:22,1,0,0
BRDA:22,1,1,0
BRDA:28,2,0,0
BRDA:28,2,1,0
BRDA:41,3,0,0
BRDA:41,3,1,0
BRDA:41,4,0,0
BRDA:41,4,1,0
BRDA:41,5,0,0
BRDA:41,5,1,0
BRDA:41,6,0,0
BRDA:41,6,1,0
BRDA:43,7,0,0
BRDA:43,7,1,0
BRDA:43,8,0,0
BRDA:43,8,1,0
BRDA:47,9,0,0
BRDA:47,9,1,0
BRDA:63,10,0,0
BRDA:63,10,1,0
BRDA:63,11,0,0
BRDA:63,11,1,0
BRF:24
BRH:0
end_of_record
TN:
SF:routes/likeProductReviews.ts
FN:14,productReviews
FN:15,(anonymous_1)
FN:18,(anonymous_2)
FN:28,(anonymous_3)
FN:30,(anonymous_4)
FN:31,(anonymous_5)
FN:40,(anonymous_6)
FN:45,(anonymous_7)
FN:47,(anonymous_8)
FN:50,(anonymous_9)
FN:54,(anonymous_10)
FN:61,(anonymous_11)
FNF:12
FNH:0
FNDA:0,productReviews
FNDA:0,(anonymous_1)
FNDA:0,(anonymous_2)
FNDA:0,(anonymous_3)
FNDA:0,(anonymous_4)
FNDA:0,(anonymous_5)
FNDA:0,(anonymous_6)
FNDA:0,(anonymous_7)
FNDA:0,(anonymous_8)
FNDA:0,(anonymous_9)
FNDA:0,(anonymous_10)
FNDA:0,(anonymous_11)
DA:10,0
DA:11,0
DA:12,0
DA:14,0
DA:15,0
DA:16,0
DA:17,0
DA:18,0
DA:19,0
DA:20,0
DA:22,0
DA:23,0
DA:24,0
DA:30,0
DA:31,0
DA:32,0
DA:33,0
DA:34,0
DA:35,0
DA:36,0
DA:37,0
DA:40,0
DA:41,0
DA:46,0
DA:48,0
DA:51,0
DA:55,0
DA:58,0
DA:62,0
LF:29
LH:0
BRDA:19,0,0,0
BRDA:19,0,1,0
BRDA:23,1,0,0
BRDA:23,1,1,0
BRDA:36,2,0,0
BRDA:36,2,1,0
BRF:6
BRH:0
end_of_record
TN:
SF:routes/logfileServer.ts
FN:9,serveLogFiles
FN:10,(anonymous_1)
FNF:2
FNH:0
FNDA:0,serveLogFiles
FNDA:0,(anonymous_1)
DA:9,0
DA:10,0
DA:11,0
DA:13,0
DA:14,0
DA:16,0
DA:17,0
LF:7
LH:0
BRDA:13,0,0,0
BRDA:13,0,1,0
BRF:2
BRH:0
end_of_record
TN:
SF:routes/login.ts
FN:20,login
FN:21,afterLogin
FN:24,(anonymous_2)
FN:29,(anonymous_3)
FN:34,(anonymous_4)
FN:37,(anonymous_5)
FN:54,(anonymous_6)
FN:60,verifyPreLoginChallenges
FN:61,(anonymous_8)
FN:62,(anonymous_9)
FN:63,(anonymous_10)
FN:64,(anonymous_11)
FN:65,(anonymous_12)
FN:66,(anonymous_13)
FN:69,verifyPostLoginChallenges
FN:70,(anonymous_15)
FN:71,(anonymous_16)
FN:72,(anonymous_17)
FN:73,(anonymous_18)
FN:75,(anonymous_19)
FN:79,(anonymous_20)
FNF:21
FNH:0
FNDA:0,login
FNDA:0,afterLogin
FNDA:0,(anonymous_2)
FNDA:0,(anonymous_3)
FNDA:0,(anonymous_4)
FNDA:0,(anonymous_5)
FNDA:0,(anonymous_6)
FNDA:0,verifyPreLoginChallenges
FNDA:0,(anonymous_8)
FNDA:0,(anonymous_9)
FNDA:0,(anonymous_10)
FNDA:0,(anonymous_11)
FNDA:0,(anonymous_12)
FNDA:0,(anonymous_13)
FNDA:0,verifyPostLoginChallenges
FNDA:0,(anonymous_15)
FNDA:0,(anonymous_16)
FNDA:0,(anonymous_17)
FNDA:0,(anonymous_18)
FNDA:0,(anonymous_19)
FNDA:0,(anonymous_20)
DA:13,0
DA:14,0
DA:15,0
DA:16,0
DA:17,0
DA:20,0
DA:22,0
DA:23,0
DA:25,0
DA:26,0
DA:27,0
DA:28,0
DA:30,0
DA:34,0
DA:35,0
DA:36,0
DA:38,0
DA:39,0
DA:40,0
DA:49,0
DA:50,0
DA:52,0
DA:55,0
DA:61,0
DA:62,0
DA:63,0
DA:64,0
DA:65,0
DA:66,0
DA:70,0
DA:71,0
DA:72,0
DA:73,0
DA:74,0
DA:75,0
DA:76,0
DA:77,0
DA:80,0
LF:38
LH:0
BRDA:36,0,0,0
BRDA:36,0,1,0
BRDA:36,1,0,0
BRDA:36,1,1,0
BRDA:39,2,0,0
BRDA:39,2,1,0
BRDA:39,3,0,0
BRDA:39,3,1,0
BRDA:49,4,0,0
BRDA:49,4,1,0
BRDA:61,5,0,0
BRDA:61,5,1,0
BRDA:62,6,0,0
BRDA:62,6,1,0
BRDA:63,7,0,0
BRDA:63,7,1,0
BRDA:64,8,0,0
BRDA:64,8,1,0
BRDA:65,9,0,0
BRDA:65,9,1,0
BRDA:66,10,0,0
BRDA:66,10,1,0
BRDA:74,11,0,0
BRDA:74,11,1,0
BRDA:74,12,0,0
BRDA:74,12,1,0
BRDA:74,12,2,0
BRDA:76,13,0,0
BRDA:76,13,1,0
BRF:29
BRH:0
end_of_record
TN:
SF:routes/memory.ts
FN:10,addMemory
FN:11,(anonymous_1)
FN:22,getMemories
FN:23,(anonymous_3)
FNF:4
FNH:0
FNDA:0,addMemory
FNDA:0,(anonymous_1)
FNDA:0,getMemories
FNDA:0,(anonymous_3)
DA:10,0
DA:11,0
DA:12,0
DA:17,0
DA:18,0
DA:22,0
DA:23,0
DA:24,0
DA:25,0
LF:9
LH:0
BRF:0
BRH:0
end_of_record
TN:
SF:routes/metrics.ts
FN:41,observeRequestMetricsMiddleware
FN:48,(anonymous_1)
FN:49,(anonymous_2)
FN:57,observeFileUploadMetricsMiddleware
FN:58,(anonymous_4)
FN:59,(anonymous_5)
FN:68,serveMetrics
FN:69,(anonymous_7)
FN:70,(anonymous_8)
FN:79,observeMetrics
FN:146,(anonymous_10)
FN:170,(anonymous_11)
FN:171,(anonymous_12)
FN:173,(anonymous_13)
FN:177,(anonymous_14)
FN:179,(anonymous_15)
FN:183,(anonymous_16)
FN:185,(anonymous_17)
FN:194,(anonymous_18)
FN:198,(anonymous_19)
FN:202,(anonymous_20)
FN:206,(anonymous_21)
FN:210,(anonymous_22)
FN:214,(anonymous_23)
FN:218,(anonymous_24)
FN:222,(anonymous_25)
FNF:26
FNH:0
FNDA:0,observeRequestMetricsMiddleware
FNDA:0,(anonymous_1)
FNDA:0,(anonymous_2)
FNDA:0,observeFileUploadMetricsMiddleware
FNDA:0,(anonymous_4)
FNDA:0,(anonymous_5)
FNDA:0,serveMetrics
FNDA:0,(anonymous_7)
FNDA:0,(anonymous_8)
FNDA:0,observeMetrics
FNDA:0,(anonymous_10)
FNDA:0,(anonymous_11)
FNDA:0,(anonymous_12)
FNDA:0,(anonymous_13)
FNDA:0,(anonymous_14)
FNDA:0,(anonymous_15)
FNDA:0,(anonymous_16)
FNDA:0,(anonymous_17)
FNDA:0,(anonymous_18)
FNDA:0,(anonymous_19)
FNDA:0,(anonymous_20)
FNDA:0,(anonymous_21)
FNDA:0,(anonymous_22)
FNDA:0,(anonymous_23)
FNDA:0,(anonymous_24)
FNDA:0,(anonymous_25)
DA:16,0
DA:17,0
DA:18,0
DA:19,0
DA:20,0
DA:21,0
DA:22,0
DA:23,0
DA:24,0
DA:25,0
DA:27,0
DA:29,0
DA:35,0
DA:41,0
DA:42,0
DA:48,0
DA:49,0
DA:50,0
DA:51,0
DA:53,0
DA:57,0
DA:58,0
DA:59,0
DA:60,0
DA:61,0
DA:64,0
DA:68,0
DA:69,0
DA:70,0
DA:71,0
DA:72,0
DA:74,0
DA:75,0
DA:79,0
DA:80,0
DA:81,0
DA:82,0
DA:84,0
DA:90,0
DA:96,0
DA:102,0
DA:108,0
DA:113,0
DA:119,0
DA:124,0
DA:130,0
DA:135,0
DA:140,0
DA:146,0
DA:147,0
DA:148,0
DA:149,0
DA:150,0
DA:152,0
DA:153,0
DA:155,0
DA:156,0
DA:159,0
DA:160,0
DA:163,0
DA:164,0
DA:166,0
DA:167,0
DA:170,0
DA:171,0
DA:172,0
DA:174,0
DA:177,0
DA:178,0
DA:180,0
DA:183,0
DA:184,0
DA:186,0
DA:190,0
DA:191,0
DA:192,0
DA:194,0
DA:195,0
DA:198,0
DA:199,0
DA:202,0
DA:203,0
DA:206,0
DA:207,0
DA:210,0
DA:211,0
DA:214,0
DA:215,0
DA:218,0
DA:219,0
DA:222,0
DA:223,0
DA:226,0
DA:230,0
LF:94
LH:0
BRDA:60,0,0,0
BRDA:60,0,1,0
BRDA:61,1,0,0
BRDA:61,1,1,0
BRDA:71,2,0,0
BRDA:71,2,1,0
BRDA:159,3,0,0
BRDA:159,3,1,0
BRDA:159,4,0,0
BRDA:159,4,1,0
BRDA:160,5,0,0
BRDA:160,5,1,0
BRDA:195,6,0,0
BRDA:195,6,1,0
BRDA:199,7,0,0
BRDA:199,7,1,0
BRDA:203,8,0,0
BRDA:203,8,1,0
BRDA:207,9,0,0
BRDA:207,9,1,0
BRDA:211,10,0,0
BRDA:211,10,1,0
BRDA:215,11,0,0
BRDA:215,11,1,0
BRDA:219,12,0,0
BRDA:219,12,1,0
BRDA:223,13,0,0
BRDA:223,13,1,0
BRF:28
BRH:0
end_of_record
TN:
SF:routes/order.ts
FN:34,placeOrder
FN:35,(anonymous_1)
FN:38,(anonymous_2)
FN:48,(anonymous_3)
FN:69,(anonymous_4)
FN:71,(anonymous_5)
FN:72,(anonymous_6)
FN:74,(anonymous_7)
FN:77,(anonymous_8)
FN:137,(anonymous_9)
FN:143,(anonymous_10)
FN:150,(anonymous_11)
FN:167,(anonymous_12)
FN:173,(anonymous_13)
FN:179,calculateApplicableDiscount
FN:182,(anonymous_15)
FN:191,(anonymous_16)
FNF:17
FNH:0
FNDA:0,placeOrder
FNDA:0,(anonymous_1)
FNDA:0,(anonymous_2)
FNDA:0,(anonymous_3)
FNDA:0,(anonymous_4)
FNDA:0,(anonymous_5)
FNDA:0,(anonymous_6)
FNDA:0,(anonymous_7)
FNDA:0,(anonymous_8)
FNDA:0,(anonymous_9)
FNDA:0,(anonymous_10)
FNDA:0,(anonymous_11)
FNDA:0,(anonymous_12)
FNDA:0,(anonymous_13)
FNDA:0,calculateApplicableDiscount
FNDA:0,(anonymous_15)
FNDA:0,(anonymous_16)
DA:16,0
DA:17,0
DA:18,0
DA:19,0
DA:20,0
DA:21,0
DA:22,0
DA:23,0
DA:34,0
DA:35,0
DA:36,0
DA:37,0
DA:39,0
DA:40,0
DA:41,0
DA:42,0
DA:43,0
DA:44,0
DA:45,0
DA:46,0
DA:48,0
DA:49,0
DA:50,0
DA:51,0
DA:54,0
DA:55,0
DA:56,0
DA:57,0
DA:58,0
DA:59,0
DA:60,0
DA:61,0
DA:62,0
DA:63,0
DA:64,0
DA:65,0
DA:66,0
DA:67,0
DA:68,0
DA:69,0
DA:70,0
DA:71,0
DA:72,0
DA:73,0
DA:74,0
DA:75,0
DA:78,0
DA:81,0
DA:82,0
DA:84,0
DA:86,0
DA:87,0
DA:88,0
DA:96,0
DA:97,0
DA:98,0
DA:99,0
DA:100,0
DA:103,0
DA:104,0
DA:105,0
DA:106,0
DA:107,0
DA:108,0
DA:109,0
DA:110,0
DA:112,0
DA:117,0
DA:118,0
DA:119,0
DA:120,0
DA:121,0
DA:122,0
DA:125,0
DA:126,0
DA:127,0
DA:128,0
DA:129,0
DA:130,0
DA:131,0
DA:132,0
DA:133,0
DA:134,0
DA:135,0
DA:137,0
DA:139,0
DA:140,0
DA:141,0
DA:142,0
DA:143,0
DA:144,0
DA:147,0
DA:150,0
DA:151,0
DA:155,0
DA:168,0
DA:171,0
DA:174,0
DA:180,0
DA:181,0
DA:182,0
DA:183,0
DA:184,0
DA:185,0
DA:186,0
DA:187,0
DA:188,0
DA:190,0
DA:191,0
DA:192,0
DA:195,0
DA:198,0
LF:112
LH:0
BRDA:39,0,0,0
BRDA:39,0,1,0
BRDA:41,1,0,0
BRDA:41,1,1,0
BRDA:41,2,0,0
BRDA:41,2,1,0
BRDA:70,3,0,0
BRDA:70,3,1,0
BRDA:81,4,0,0
BRDA:81,4,1,0
BRDA:106,5,0,0
BRDA:106,5,1,0
BRDA:117,6,0,0
BRDA:117,6,1,0
BRDA:119,7,0,0
BRDA:119,7,1,0
BRDA:125,8,0,0
BRDA:125,8,1,0
BRDA:139,9,0,0
BRDA:139,9,1,0
BRDA:140,10,0,0
BRDA:140,10,1,0
BRDA:140,11,0,0
BRDA:140,11,1,0
BRDA:142,12,0,0
BRDA:142,12,1,0
BRDA:142,13,0,0
BRDA:142,13,1,0
BRDA:157,14,0,0
BRDA:157,14,1,0
BRDA:158,15,0,0
BRDA:158,15,1,0
BRDA:161,16,0,0
BRDA:161,16,1,0
BRDA:180,17,0,0
BRDA:180,17,1,0
BRDA:184,18,0,0
BRDA:184,18,1,0
BRDA:190,19,0,0
BRDA:190,19,1,0
BRDA:190,20,0,0
BRDA:190,20,1,0
BRF:42
BRH:0
end_of_record
TN:
SF:routes/orderHistory.ts
FN:12,orderHistory
FN:13,(anonymous_1)
FN:26,allOrders
FN:27,(anonymous_3)
FN:33,toggleDeliveryStatus
FN:34,(anonymous_5)
FNF:6
FNH:0
FNDA:0,orderHistory
FNDA:0,(anonymous_1)
FNDA:0,allOrders
FNDA:0,(anonymous_3)
FNDA:0,toggleDeliveryStatus
FNDA:0,(anonymous_5)
DA:8,0
DA:10,0
DA:12,0
DA:13,0
DA:14,0
DA:15,0
DA:16,0
DA:17,0
DA:18,0
DA:19,0
DA:21,0
DA:26,0
DA:27,0
DA:28,0
DA:29,0
DA:33,0
DA:34,0
DA:35,0
DA:36,0
DA:37,0
DA:38,0
LF:21
LH:0
BRDA:15,0,0,0
BRDA:15,0,1,0
BRDA:15,1,0,0
BRDA:15,1,1,0
BRDA:36,2,0,0
BRDA:36,2,1,0
BRF:6
BRH:0
end_of_record
TN:
SF:routes/payment.ts
FN:18,getPaymentMethods
FN:19,(anonymous_1)
FN:22,(anonymous_2)
FN:39,getPaymentMethodById
FN:40,(anonymous_4)
FN:68,delPaymentMethodById
FN:69,(anonymous_6)
FNF:7
FNH:0
FNDA:0,getPaymentMethods
FNDA:0,(anonymous_1)
FNDA:0,(anonymous_2)
FNDA:0,getPaymentMethodById
FNDA:0,(anonymous_4)
FNDA:0,delPaymentMethodById
FNDA:0,(anonymous_6)
DA:18,0
DA:19,0
DA:20,0
DA:21,0
DA:22,0
DA:23,0
DA:31,0
DA:32,0
DA:33,0
DA:35,0
DA:39,0
DA:40,0
DA:41,0
DA:42,0
DA:50,0
DA:51,0
DA:52,0
DA:53,0
DA:54,0
DA:55,0
DA:57,0
DA:58,0
DA:60,0
DA:61,0
DA:63,0
DA:68,0
DA:69,0
DA:70,0
DA:71,0
DA:72,0
DA:74,0
LF:31
LH:0
BRDA:50,0,0,0
BRDA:50,0,1,0
BRDA:60,1,0,0
BRDA:60,1,1,0
BRDA:60,2,0,0
BRDA:60,2,1,0
BRDA:71,3,0,0
BRDA:71,3,1,0
BRF:8
BRH:0
end_of_record
TN:
SF:routes/premiumReward.ts
FN:12,servePremiumContent
FN:13,(anonymous_1)
FN:14,(anonymous_2)
FNF:3
FNH:3
FNDA:2,servePremiumContent
FNDA:2,(anonymous_1)
FNDA:1,(anonymous_2)
DA:6,1
DA:9,1
DA:10,1
DA:12,1
DA:13,2
DA:14,2
DA:15,2
LF:7
LH:7
BRF:0
BRH:0
end_of_record
TN:
SF:routes/privacyPolicyProof.ts
FN:12,servePrivacyPolicyProof
FN:13,(anonymous_1)
FN:14,(anonymous_2)
FNF:3
FNH:0
FNDA:0,servePrivacyPolicyProof
FNDA:0,(anonymous_1)
FNDA:0,(anonymous_2)
DA:10,0
DA:12,0
DA:13,0
DA:14,0
DA:15,0
LF:5
LH:0
BRF:0
BRH:0
end_of_record
TN:
SF:routes/profileImageFileUpload.ts
FN:15,fileUpload
FN:16,(anonymous_1)
FN:28,(anonymous_2)
FN:31,(anonymous_3)
FN:33,(anonymous_4)
FN:36,(anonymous_5)
FN:40,(anonymous_6)
FNF:7
FNH:0
FNDA:0,fileUpload
FNDA:0,(anonymous_1)
FNDA:0,(anonymous_2)
FNDA:0,(anonymous_3)
FNDA:0,(anonymous_4)
FNDA:0,(anonymous_5)
FNDA:0,(anonymous_6)
DA:10,0
DA:11,0
DA:12,0
DA:13,0
DA:15,0
DA:16,0
DA:17,0
DA:18,0
DA:19,0
DA:21,0
DA:22,0
DA:23,0
DA:25,0
DA:26,0
DA:27,0
DA:28,0
DA:29,0
DA:31,0
DA:32,0
DA:33,0
DA:36,0
DA:37,0
DA:38,0
DA:41,0
DA:43,0
DA:44,0
DA:46,0
DA:49,0
DA:50,0
LF:29
LH:0
BRDA:21,0,0,0
BRDA:21,0,1,0
BRDA:25,1,0,0
BRDA:25,1,1,0
BRDA:25,2,0,0
BRDA:25,2,1,0
BRDA:27,3,0,0
BRDA:27,3,1,0
BRDA:29,4,0,0
BRDA:29,4,1,0
BRDA:32,5,0,0
BRDA:32,5,1,0
BRDA:37,6,0,0
BRDA:37,6,1,0
BRDA:50,7,0,0
BRDA:50,7,1,0
BRF:16
BRH:0
end_of_record
TN:
SF:routes/profileImageUrlUpload.ts
FN:15,profileImageUrlUpload
FN:16,(anonymous_1)
FN:24,(anonymous_2)
FN:25,(anonymous_3)
FN:25,(anonymous_4)
FN:28,(anonymous_5)
FN:32,(anonymous_6)
FN:32,(anonymous_7)
FN:33,(anonymous_8)
FN:33,(anonymous_9)
FNF:10
FNH:0
FNDA:0,profileImageUrlUpload
FNDA:0,(anonymous_1)
FNDA:0,(anonymous_2)
FNDA:0,(anonymous_3)
FNDA:0,(anonymous_4)
FNDA:0,(anonymous_5)
FNDA:0,(anonymous_6)
FNDA:0,(anonymous_7)
FNDA:0,(anonymous_8)
FNDA:0,(anonymous_9)
DA:10,0
DA:11,0
DA:12,0
DA:13,0
DA:15,0
DA:16,0
DA:17,0
DA:18,0
DA:19,0
DA:20,0
DA:21,0
DA:22,0
DA:25,0
DA:26,0
DA:29,0
DA:30,0
DA:31,0
DA:32,0
DA:33,0
DA:36,0
DA:39,0
DA:40,0
LF:22
LH:0
BRDA:17,0,0,0
BRDA:17,0,1,0
BRDA:19,1,0,0
BRDA:19,1,1,0
BRDA:21,2,0,0
BRDA:21,2,1,0
BRDA:29,3,0,0
BRDA:29,3,1,0
BRDA:30,4,0,0
BRDA:30,4,1,0
BRF:10
BRH:0
end_of_record
TN:
SF:routes/quarantineServer.ts
FN:9,serveQuarantineFiles
FN:10,(anonymous_1)
FNF:2
FNH:0
FNDA:0,serveQuarantineFiles
FNDA:0,(anonymous_1)
DA:9,0
DA:10,0
DA:11,0
DA:13,0
DA:14,0
DA:16,0
DA:17,0
LF:7
LH:0
BRDA:13,0,0,0
BRDA:13,0,1,0
BRF:2
BRH:0
end_of_record
TN:
SF:routes/recycles.ts
FN:11,(anonymous_0)
FN:11,(anonymous_1)
FN:16,(anonymous_2)
FN:18,(anonymous_3)
FN:23,(anonymous_4)
FN:23,(anonymous_5)
FNF:6
FNH:0
FNDA:0,(anonymous_0)
FNDA:0,(anonymous_1)
FNDA:0,(anonymous_2)
FNDA:0,(anonymous_3)
FNDA:0,(anonymous_4)
FNDA:0,(anonymous_5)
DA:9,0
DA:11,0
DA:12,0
DA:17,0
DA:19,0
DA:23,0
DA:24,0
DA:25,0
LF:8
LH:0
BRF:0
BRH:0
end_of_record
TN:
SF:routes/redirect.ts
FN:13,performRedirect
FN:14,(anonymous_1)
FN:17,(anonymous_2)
FN:18,(anonymous_3)
FN:27,isUnintendedRedirect
FNF:5
FNH:5
FNDA:13,performRedirect
FNDA:13,(anonymous_1)
FNDA:3,(anonymous_2)
FNDA:1,(anonymous_3)
FNDA:1,isUnintendedRedirect
DA:6,1
DA:7,1
DA:10,1
DA:11,1
DA:13,1
DA:14,13
DA:15,13
DA:16,13
DA:17,12
DA:18,12
DA:19,12
DA:21,1
DA:22,1
DA:28,1
DA:29,1
DA:30,8
DA:32,1
LF:17
LH:17
BRDA:16,0,0,12
BRDA:16,0,1,1
BRDA:17,1,0,3
BRDA:17,1,1,2
BRDA:17,1,2,1
BRDA:30,2,0,8
BRDA:30,2,1,8
BRF:7
BRH:7
end_of_record
TN:
SF:routes/repeatNotification.ts
FN:9,repeatNotification
FN:10,(anonymous_1)
FNF:2
FNH:0
FNDA:0,repeatNotification
FNDA:0,(anonymous_1)
DA:9,0
DA:10,0
DA:11,0
DA:12,0
DA:14,0
DA:15,0
DA:18,0
LF:7
LH:0
BRDA:14,0,0,0
BRDA:14,0,1,0
BRF:2
BRH:0
end_of_record
TN:
SF:routes/resetPassword.ts
FN:17,resetPassword
FN:18,(anonymous_1)
FN:35,(anonymous_2)
FN:37,(anonymous_3)
FN:38,(anonymous_4)
FN:41,(anonymous_5)
FN:44,(anonymous_6)
FN:50,(anonymous_7)
FN:57,verifySecurityAnswerChallenges
FN:58,(anonymous_9)
FN:59,(anonymous_10)
FN:60,(anonymous_11)
FN:61,(anonymous_12)
FN:62,(anonymous_13)
FN:63,(anonymous_14)
FN:64,(anonymous_15)
FN:65,(anonymous_16)
FN:75,(anonymous_17)
FN:76,(anonymous_18)
FNF:19
FNH:0
FNDA:0,resetPassword
FNDA:0,(anonymous_1)
FNDA:0,(anonymous_2)
FNDA:0,(anonymous_3)
FNDA:0,(anonymous_4)
FNDA:0,(anonymous_5)
FNDA:0,(anonymous_6)
FNDA:0,(anonymous_7)
FNDA:0,verifySecurityAnswerChallenges
FNDA:0,(anonymous_9)
FNDA:0,(anonymous_10)
FNDA:0,(anonymous_11)
FNDA:0,(anonymous_12)
FNDA:0,(anonymous_13)
FNDA:0,(anonymous_14)
FNDA:0,(anonymous_15)
FNDA:0,(anonymous_16)
FNDA:0,(anonymous_17)
FNDA:0,(anonymous_18)
DA:13,0
DA:14,0
DA:15,0
DA:17,0
DA:18,0
DA:19,0
DA:20,0
DA:21,0
DA:22,0
DA:23,0
DA:24,0
DA:25,0
DA:26,0
DA:27,0
DA:28,0
DA:30,0
DA:36,0
DA:37,0
DA:38,0
DA:39,0
DA:40,0
DA:42,0
DA:45,0
DA:48,0
DA:51,0
DA:58,0
DA:59,0
DA:60,0
DA:61,0
DA:62,0
DA:63,0
DA:64,0
DA:65,0
DA:66,0
DA:67,0
DA:68,0
DA:69,0
DA:73,0
DA:75,0
DA:76,0
DA:77,0
DA:78,0
DA:79,0
DA:80,0
DA:84,0
LF:45
LH:0
BRDA:23,0,0,0
BRDA:23,0,1,0
BRDA:23,1,0,0
BRDA:23,1,1,0
BRDA:25,2,0,0
BRDA:25,2,1,0
BRDA:25,3,0,0
BRDA:25,3,1,0
BRDA:27,4,0,0
BRDA:27,4,1,0
BRDA:36,5,0,0
BRDA:36,5,1,0
BRDA:36,6,0,0
BRDA:36,6,1,0
BRDA:58,7,0,0
BRDA:58,7,1,0
BRDA:59,8,0,0
BRDA:59,8,1,0
BRDA:60,9,0,0
BRDA:60,9,1,0
BRDA:61,10,0,0
BRDA:61,10,1,0
BRDA:62,11,0,0
BRDA:62,11,1,0
BRDA:63,12,0,0
BRDA:63,12,1,0
BRDA:68,13,0,0
BRDA:68,13,1,0
BRDA:73,14,0,0
BRDA:73,14,1,0
BRDA:79,15,0,0
BRDA:79,15,1,0
BRDA:84,16,0,0
BRDA:84,16,1,0
BRF:34
BRH:0
end_of_record
TN:
SF:routes/restoreProgress.ts
FN:12,restoreProgress
FN:13,(anonymous_1)
FN:35,restoreProgressFindIt
FN:36,(anonymous_3)
FN:55,restoreProgressFixIt
FN:57,(anonymous_5)
FNF:6
FNH:0
FNDA:0,restoreProgress
FNDA:0,(anonymous_1)
FNDA:0,restoreProgressFindIt
FNDA:0,(anonymous_3)
FNDA:0,restoreProgressFixIt
FNDA:0,(anonymous_5)
DA:9,0
DA:10,0
DA:12,0
DA:13,0
DA:14,0
DA:15,0
DA:16,0
DA:17,0
DA:18,0
DA:19,0
DA:20,0
DA:21,0
DA:22,0
DA:23,0
DA:24,0
DA:28,0
DA:30,0
DA:35,0
DA:36,0
DA:37,0
DA:38,0
DA:39,0
DA:40,0
DA:41,0
DA:42,0
DA:43,0
DA:44,0
DA:48,0
DA:50,0
DA:55,0
DA:56,0
DA:57,0
DA:58,0
DA:59,0
DA:60,0
DA:61,0
DA:62,0
DA:63,0
DA:64,0
DA:68,0
DA:70,0
LF:41
LH:0
BRDA:17,0,0,0
BRDA:17,0,1,0
BRDA:17,1,0,0
BRDA:17,1,1,0
BRDA:20,2,0,0
BRDA:20,2,1,0
BRDA:22,3,0,0
BRDA:22,3,1,0
BRDA:23,4,0,0
BRDA:23,4,1,0
BRDA:40,5,0,0
BRDA:40,5,1,0
BRDA:42,6,0,0
BRDA:42,6,1,0
BRDA:43,7,0,0
BRDA:43,7,1,0
BRDA:60,8,0,0
BRDA:60,8,1,0
BRDA:62,9,0,0
BRDA:62,9,1,0
BRDA:63,10,0,0
BRDA:63,10,1,0
BRF:22
BRH:0
end_of_record
TN:
SF:routes/saveLoginIp.ts
FN:15,saveLoginIp
FN:16,(anonymous_1)
FN:21,(anonymous_2)
FN:28,(anonymous_3)
FN:29,(anonymous_4)
FN:31,(anonymous_5)
FN:34,(anonymous_6)
FNF:7
FNH:0
FNDA:0,saveLoginIp
FNDA:0,(anonymous_1)
FNDA:0,(anonymous_2)
FNDA:0,(anonymous_3)
FNDA:0,(anonymous_4)
FNDA:0,(anonymous_5)
FNDA:0,(anonymous_6)
DA:10,0
DA:11,0
DA:12,0
DA:13,0
DA:15,0
DA:16,0
DA:17,0
DA:18,0
DA:19,0
DA:20,0
DA:21,0
DA:23,0
DA:25,0
DA:26,0
DA:28,0
DA:29,0
DA:30,0
DA:32,0
DA:35,0
DA:38,0
LF:20
LH:0
BRDA:18,0,0,0
BRDA:18,0,1,0
BRDA:20,1,0,0
BRDA:20,1,1,0
BRDA:25,2,0,0
BRDA:25,2,1,0
BRF:6
BRH:0
end_of_record
TN:
SF:routes/search.ts
FN:19,searchProducts
FN:20,(anonymous_1)
FN:24,(anonymous_2)
FN:28,(anonymous_3)
FN:41,(anonymous_4)
FN:47,(anonymous_5)
FN:67,(anonymous_6)
FNF:7
FNH:0
FNDA:0,searchProducts
FNDA:0,(anonymous_1)
FNDA:0,(anonymous_2)
FNDA:0,(anonymous_3)
FNDA:0,(anonymous_4)
FNDA:0,(anonymous_5)
FNDA:0,(anonymous_6)
DA:10,0
DA:11,0
DA:12,0
DA:19,0
DA:20,0
DA:21,0
DA:22,0
DA:23,0
DA:25,0
DA:26,0
DA:27,0
DA:28,0
DA:29,0
DA:30,0
DA:31,0
DA:32,0
DA:33,0
DA:34,0
DA:37,0
DA:38,0
DA:42,0
DA:45,0
DA:46,0
DA:47,0
DA:48,0
DA:49,0
DA:50,0
DA:51,0
DA:52,0
DA:53,0
DA:56,0
DA:57,0
DA:62,0
DA:63,0
DA:64,0
DA:66,0
DA:68,0
LF:37
LH:0
BRDA:21,0,0,0
BRDA:21,0,1,0
BRDA:21,1,0,0
BRDA:21,1,1,0
BRDA:22,2,0,0
BRDA:22,2,1,0
BRDA:26,3,0,0
BRDA:26,3,1,0
BRDA:30,4,0,0
BRDA:30,4,1,0
BRDA:32,5,0,0
BRDA:32,5,1,0
BRDA:32,5,2,0
BRDA:33,6,0,0
BRDA:33,6,1,0
BRDA:37,7,0,0
BRDA:37,7,1,0
BRDA:45,8,0,0
BRDA:45,8,1,0
BRDA:49,9,0,0
BRDA:49,9,1,0
BRDA:51,10,0,0
BRDA:51,10,1,0
BRDA:52,11,0,0
BRDA:52,11,1,0
BRDA:56,12,0,0
BRDA:56,12,1,0
BRF:27
BRH:0
end_of_record
TN:
SF:routes/securityQuestion.ts
FN:11,securityQuestion
FN:12,(anonymous_1)
FN:19,(anonymous_2)
FN:21,(anonymous_3)
FN:23,(anonymous_4)
FN:29,(anonymous_5)
FNF:6
FNH:0
FNDA:0,securityQuestion
FNDA:0,(anonymous_1)
FNDA:0,(anonymous_2)
FNDA:0,(anonymous_3)
FNDA:0,(anonymous_4)
FNDA:0,(anonymous_5)
DA:11,0
DA:12,0
DA:13,0
DA:14,0
DA:20,0
DA:21,0
DA:22,0
DA:24,0
DA:27,0
DA:30,0
LF:10
LH:0
BRDA:20,0,0,0
BRDA:20,0,1,0
BRF:2
BRH:0
end_of_record
TN:
SF:routes/showProductReviews.ts
FN:17,(anonymous_0)
FN:28,productReviews
FN:29,(anonymous_2)
FN:34,(anonymous_3)
FN:36,(anonymous_4)
FN:44,(anonymous_5)
FNF:6
FNH:0
FNDA:0,(anonymous_0)
FNDA:0,productReviews
FNDA:0,(anonymous_2)
FNDA:0,(anonymous_3)
FNDA:0,(anonymous_4)
FNDA:0,(anonymous_5)
DA:11,0
DA:12,0
DA:13,0
DA:17,0
DA:19,0
DA:20,0
DA:22,0
DA:23,0
DA:28,0
DA:29,0
DA:30,0
DA:33,0
DA:34,0
DA:35,0
DA:36,0
DA:37,0
DA:38,0
DA:39,0
DA:40,0
DA:43,0
DA:45,0
LF:21
LH:0
BRDA:19,0,0,0
BRDA:19,0,1,0
BRDA:30,1,0,0
BRDA:30,1,1,0
BRDA:39,2,0,0
BRDA:39,2,1,0
BRDA:39,3,0,0
BRDA:39,3,1,0
BRF:8
BRH:0
end_of_record
TN:
SF:routes/trackOrder.ts
FN:13,trackOrder
FN:14,(anonymous_1)
FN:17,(anonymous_2)
FN:18,(anonymous_3)
FN:20,(anonymous_4)
FN:25,(anonymous_5)
FNF:6
FNH:0
FNDA:0,trackOrder
FNDA:0,(anonymous_1)
FNDA:0,(anonymous_2)
FNDA:0,(anonymous_3)
FNDA:0,(anonymous_4)
FNDA:0,(anonymous_5)
DA:10,0
DA:11,0
DA:13,0
DA:14,0
DA:15,0
DA:17,0
DA:18,0
DA:19,0
DA:20,0
DA:21,0
DA:22,0
DA:24,0
DA:26,0
LF:13
LH:0
BRDA:15,0,0,0
BRDA:15,0,1,0
BRDA:21,1,0,0
BRDA:21,1,1,0
BRF:4
BRH:0
end_of_record
TN:
SF:routes/updateProductReviews.ts
FN:14,productReviews
FN:15,(anonymous_1)
FN:22,(anonymous_2)
FN:23,(anonymous_3)
FN:24,(anonymous_4)
FN:26,(anonymous_5)
FNF:6
FNH:0
FNDA:0,productReviews
FNDA:0,(anonymous_1)
FNDA:0,(anonymous_2)
FNDA:0,(anonymous_3)
FNDA:0,(anonymous_4)
FNDA:0,(anonymous_5)
DA:9,0
DA:10,0
DA:11,0
DA:14,0
DA:15,0
DA:16,0
DA:17,0
DA:23,0
DA:24,0
DA:25,0
DA:27,0
LF:11
LH:0
BRDA:24,0,0,0
BRDA:24,0,1,0
BRDA:24,0,2,0
BRDA:24,0,3,0
BRF:4
BRH:0
end_of_record
TN:
SF:routes/updateUserProfile.ts
FN:15,updateUserProfile
FN:16,(anonymous_1)
FN:20,(anonymous_2)
FN:22,(anonymous_3)
FN:27,(anonymous_4)
FN:36,(anonymous_5)
FNF:6
FNH:0
FNDA:0,updateUserProfile
FNDA:0,(anonymous_1)
FNDA:0,(anonymous_2)
FNDA:0,(anonymous_3)
FNDA:0,(anonymous_4)
FNDA:0,(anonymous_5)
DA:10,0
DA:11,0
DA:12,0
DA:13,0
DA:15,0
DA:16,0
DA:17,0
DA:19,0
DA:20,0
DA:21,0
DA:22,0
DA:23,0
DA:27,0
DA:28,0
DA:29,0
DA:30,0
DA:31,0
DA:32,0
DA:33,0
DA:37,0
DA:40,0
LF:21
LH:0
BRDA:19,0,0,0
BRDA:19,0,1,0
BRDA:21,1,0,0
BRDA:21,1,1,0
BRDA:23,2,0,0
BRDA:23,2,1,0
BRDA:23,2,2,0
BRF:7
BRH:0
end_of_record
TN:
SF:routes/userProfile.ts
FN:20,getUserProfile
FN:21,(anonymous_1)
FN:22,(anonymous_2)
FN:26,(anonymous_3)
FN:58,(anonymous_4)
FN:65,(anonymous_5)
FN:74,favicon
FNF:7
FNH:0
FNDA:0,getUserProfile
FNDA:0,(anonymous_1)
FNDA:0,(anonymous_2)
FNDA:0,(anonymous_3)
FNDA:0,(anonymous_4)
FNDA:0,(anonymous_5)
FNDA:0,favicon
DA:11,0
DA:12,0
DA:13,0
DA:14,0
DA:15,0
DA:16,0
DA:17,0
DA:18,0
DA:20,0
DA:21,0
DA:22,0
DA:23,0
DA:24,0
DA:25,0
DA:26,0
DA:27,0
DA:28,0
DA:29,0
DA:30,0
DA:31,0
DA:32,0
DA:33,0
DA:34,0
DA:36,0
DA:38,0
DA:41,0
DA:43,0
DA:44,0
DA:45,0
DA:47,0
DA:48,0
DA:49,0
DA:50,0
DA:51,0
DA:52,0
DA:53,0
DA:54,0
DA:55,0
DA:56,0
DA:57,0
DA:58,0
DA:60,0
DA:64,0
DA:66,0
DA:69,0
DA:75,0
LF:46
LH:0
BRDA:23,0,0,0
BRDA:23,0,1,0
BRDA:25,1,0,0
BRDA:25,1,1,0
BRDA:29,2,0,0
BRDA:29,2,1,0
BRDA:29,3,0,0
BRDA:29,3,1,0
BRDA:33,4,0,0
BRDA:33,4,1,0
BRDA:44,5,0,0
BRDA:44,5,1,0
BRDA:58,6,0,0
BRDA:58,6,1,0
BRF:14
BRH:0
end_of_record
TN:
SF:routes/verify.ts
FN:23,(anonymous_0)
FN:23,(anonymous_1)
FN:24,(anonymous_2)
FN:32,(anonymous_3)
FN:32,(anonymous_4)
FN:45,(anonymous_5)
FN:45,(anonymous_6)
FN:46,(anonymous_7)
FN:50,(anonymous_8)
FN:50,(anonymous_9)
FN:51,(anonymous_10)
FN:55,(anonymous_11)
FN:55,(anonymous_12)
FN:56,(anonymous_13)
FN:57,(anonymous_14)
FN:58,(anonymous_15)
FN:59,(anonymous_16)
FN:60,(anonymous_17)
FN:61,(anonymous_18)
FN:62,(anonymous_19)
FN:63,(anonymous_20)
FN:64,(anonymous_21)
FN:68,(anonymous_22)
FN:68,(anonymous_23)
FN:69,(anonymous_24)
FN:73,(anonymous_25)
FN:73,(anonymous_26)
FN:83,(anonymous_27)
FN:83,(anonymous_28)
FN:100,jwtChallenge
FN:104,(anonymous_30)
FN:106,(anonymous_31)
FN:112,hasAlgorithm
FN:117,hasEmail
FN:121,(anonymous_34)
FN:121,(anonymous_35)
FN:152,changeProductChallenge
FN:154,(anonymous_37)
FN:171,feedbackChallenge
FN:172,(anonymous_39)
FN:176,(anonymous_40)
FN:181,knownVulnerableComponentChallenge
FN:188,(anonymous_42)
FN:192,(anonymous_43)
FN:201,(anonymous_44)
FN:205,(anonymous_45)
FN:210,knownVulnerableComponents
FN:227,weirdCryptoChallenge
FN:234,(anonymous_48)
FN:238,(anonymous_49)
FN:247,(anonymous_50)
FN:251,(anonymous_51)
FN:256,weirdCryptos
FN:266,typosquattingNpmChallenge
FN:268,(anonymous_54)
FN:272,(anonymous_55)
FN:276,(anonymous_56)
FN:280,(anonymous_57)
FN:285,typosquattingAngularChallenge
FN:287,(anonymous_59)
FN:291,(anonymous_60)
FN:295,(anonymous_61)
FN:299,(anonymous_62)
FN:304,hiddenImageChallenge
FN:306,(anonymous_64)
FN:310,(anonymous_65)
FN:314,(anonymous_66)
FN:318,(anonymous_67)
FN:323,supplyChainAttackChallenge
FN:325,(anonymous_69)
FN:329,(anonymous_70)
FN:333,(anonymous_71)
FN:337,(anonymous_72)
FN:342,eslintScopeVulnIds
FN:349,dlpPastebinDataLeakChallenge
FN:354,(anonymous_75)
FN:358,(anonymous_76)
FN:365,(anonymous_77)
FN:369,(anonymous_78)
FN:374,dangerousIngredients
FN:376,(anonymous_80)
FN:377,(anonymous_81)
FNF:82
FNH:26
FNDA:4,(anonymous_0)
FNDA:4,(anonymous_1)
FNDA:4,(anonymous_2)
FNDA:0,(anonymous_3)
FNDA:0,(anonymous_4)
FNDA:0,(anonymous_5)
FNDA:0,(anonymous_6)
FNDA:0,(anonymous_7)
FNDA:0,(anonymous_8)
FNDA:0,(anonymous_9)
FNDA:0,(anonymous_10)
FNDA:7,(anonymous_11)
FNDA:7,(anonymous_12)
FNDA:1,(anonymous_13)
FNDA:1,(anonymous_14)
FNDA:1,(anonymous_15)
FNDA:0,(anonymous_16)
FNDA:1,(anonymous_17)
FNDA:1,(anonymous_18)
FNDA:0,(anonymous_19)
FNDA:1,(anonymous_20)
FNDA:1,(anonymous_21)
FNDA:11,(anonymous_22)
FNDA:11,(anonymous_23)
FNDA:11,(anonymous_24)
FNDA:6,(anonymous_25)
FNDA:6,(anonymous_26)
FNDA:0,(anonymous_27)
FNDA:0,(anonymous_28)
FNDA:12,jwtChallenge
FNDA:12,(anonymous_30)
FNDA:8,(anonymous_31)
FNDA:8,hasAlgorithm
FNDA:2,hasEmail
FNDA:3,(anonymous_34)
FNDA:3,(anonymous_35)
FNDA:3,changeProductChallenge
FNDA:3,(anonymous_37)
FNDA:0,feedbackChallenge
FNDA:0,(anonymous_39)
FNDA:0,(anonymous_40)
FNDA:0,knownVulnerableComponentChallenge
FNDA:0,(anonymous_42)
FNDA:0,(anonymous_43)
FNDA:0,(anonymous_44)
FNDA:0,(anonymous_45)
FNDA:0,knownVulnerableComponents
FNDA:0,weirdCryptoChallenge
FNDA:0,(anonymous_48)
FNDA:0,(anonymous_49)
FNDA:0,(anonymous_50)
FNDA:0,(anonymous_51)
FNDA:0,weirdCryptos
FNDA:0,typosquattingNpmChallenge
FNDA:0,(anonymous_54)
FNDA:0,(anonymous_55)
FNDA:0,(anonymous_56)
FNDA:0,(anonymous_57)
FNDA:0,typosquattingAngularChallenge
FNDA:0,(anonymous_59)
FNDA:0,(anonymous_60)
FNDA:0,(anonymous_61)
FNDA:0,(anonymous_62)
FNDA:0,hiddenImageChallenge
FNDA:0,(anonymous_64)
FNDA:0,(anonymous_65)
FNDA:0,(anonymous_66)
FNDA:0,(anonymous_67)
FNDA:0,supplyChainAttackChallenge
FNDA:0,(anonymous_69)
FNDA:0,(anonymous_70)
FNDA:0,(anonymous_71)
FNDA:0,(anonymous_72)
FNDA:0,eslintScopeVulnIds
FNDA:0,dlpPastebinDataLeakChallenge
FNDA:0,(anonymous_75)
FNDA:0,(anonymous_76)
FNDA:0,(anonymous_77)
FNDA:0,(anonymous_78)
FNDA:0,dangerousIngredients
FNDA:0,(anonymous_80)
FNDA:0,(anonymous_81)
DA:9,1
DA:10,1
DA:11,1
DA:12,1
DA:14,1
DA:15,1
DA:16,1
DA:17,1
DA:18,1
DA:19,1
DA:20,1
DA:21,1
DA:23,4
DA:24,4
DA:25,4
DA:26,4
DA:27,4
DA:29,4
DA:32,1
DA:33,0
DA:34,0
DA:35,0
DA:36,0
DA:39,0
DA:40,0
DA:42,0
DA:45,1
DA:46,0
DA:47,0
DA:50,1
DA:51,0
DA:52,0
DA:55,7
DA:56,7
DA:57,7
DA:58,7
DA:59,7
DA:60,7
DA:61,7
DA:62,7
DA:63,7
DA:64,7
DA:65,7
DA:68,11
DA:69,11
DA:70,11
DA:73,6
DA:74,6
DA:75,6
DA:77,6
DA:78,6
DA:80,6
DA:83,1
DA:84,0
DA:85,0
DA:86,0
DA:87,0
DA:88,0
DA:91,0
DA:92,0
DA:93,0
DA:94,0
DA:97,0
DA:101,12
DA:102,12
DA:103,12
DA:104,12
DA:105,12
DA:106,8
DA:113,8
DA:114,8
DA:118,2
DA:121,3
DA:122,3
DA:123,3
DA:125,3
DA:126,0
DA:128,3
DA:129,0
DA:131,3
DA:132,0
DA:134,3
DA:135,0
DA:137,3
DA:138,0
DA:140,3
DA:141,0
DA:143,3
DA:144,0
DA:146,3
DA:147,0
DA:149,3
DA:153,3
DA:154,3
DA:155,3
DA:156,27
DA:157,3
DA:158,3
DA:161,3
DA:162,3
DA:163,2
DA:164,1
DA:172,0
DA:173,0
DA:174,0
DA:177,0
DA:182,0
DA:189,0
DA:190,0
DA:193,0
DA:195,0
DA:202,0
DA:203,0
DA:206,0
DA:211,0
DA:228,0
DA:235,0
DA:236,0
DA:239,0
DA:241,0
DA:248,0
DA:249,0
DA:252,0
DA:257,0
DA:267,0
DA:269,0
DA:270,0
DA:273,0
DA:275,0
DA:277,0
DA:278,0
DA:281,0
DA:286,0
DA:288,0
DA:289,0
DA:292,0
DA:294,0
DA:296,0
DA:297,0
DA:300,0
DA:305,0
DA:307,0
DA:308,0
DA:311,0
DA:313,0
DA:315,0
DA:316,0
DA:319,0
DA:324,0
DA:326,0
DA:327,0
DA:330,0
DA:332,0
DA:334,0
DA:335,0
DA:338,0
DA:343,0
DA:350,0
DA:355,0
DA:356,0
DA:359,0
DA:361,0
DA:366,0
DA:367,0
DA:370,0
DA:375,0
DA:376,0
DA:377,0
DA:378,0
DA:380,0
LF:170
LH:73
BRDA:26,0,0,3
BRDA:26,0,1,1
BRDA:26,1,0,1
BRDA:26,1,1,3
BRDA:26,2,0,4
BRDA:26,2,1,4
BRDA:27,3,0,4
BRDA:27,3,1,3
BRDA:27,4,0,0
BRDA:27,4,1,4
BRDA:27,5,0,4
BRDA:27,5,1,4
BRDA:33,6,0,0
BRDA:33,6,1,0
BRDA:34,7,0,0
BRDA:34,7,1,0
BRDA:35,8,0,0
BRDA:35,8,1,0
BRDA:46,9,0,0
BRDA:46,9,1,0
BRDA:51,10,0,0
BRDA:51,10,1,0
BRDA:69,11,0,11
BRDA:69,11,1,6
BRDA:69,11,2,5
BRDA:74,12,0,6
BRDA:74,12,1,0
BRDA:77,13,0,6
BRDA:77,13,1,0
BRDA:77,14,0,6
BRDA:77,14,1,6
BRDA:84,15,0,0
BRDA:84,15,1,0
BRDA:85,16,0,0
BRDA:85,16,1,0
BRDA:85,17,0,0
BRDA:85,17,1,0
BRDA:91,18,0,0
BRDA:91,18,1,0
BRDA:91,19,0,0
BRDA:91,19,1,0
BRDA:102,20,0,12
BRDA:102,20,1,0
BRDA:103,21,0,12
BRDA:103,21,1,0
BRDA:105,22,0,8
BRDA:105,22,1,4
BRDA:106,23,0,8
BRDA:106,23,1,2
BRDA:114,24,0,8
BRDA:114,24,1,8
BRDA:114,24,2,8
BRDA:118,25,0,0
BRDA:118,25,1,2
BRDA:118,26,0,2
BRDA:118,26,1,2
BRDA:118,27,0,0
BRDA:118,27,1,2
BRDA:118,28,0,2
BRDA:118,28,1,2
BRDA:118,29,0,0
BRDA:118,29,1,2
BRDA:118,30,0,2
BRDA:118,30,1,2
BRDA:122,31,0,3
BRDA:122,31,1,0
BRDA:122,32,0,3
BRDA:122,32,1,3
BRDA:125,33,0,0
BRDA:125,33,1,3
BRDA:128,34,0,0
BRDA:128,34,1,3
BRDA:131,35,0,0
BRDA:131,35,1,3
BRDA:134,36,0,0
BRDA:134,36,1,3
BRDA:137,37,0,0
BRDA:137,37,1,3
BRDA:140,38,0,0
BRDA:140,38,1,3
BRDA:143,39,0,0
BRDA:143,39,1,3
BRDA:146,40,0,0
BRDA:146,40,1,3
BRDA:156,41,0,3
BRDA:156,41,1,24
BRDA:161,42,0,3
BRDA:161,42,1,0
BRDA:162,43,0,2
BRDA:162,43,1,1
BRDA:163,44,0,1
BRDA:163,44,1,1
BRDA:173,45,0,0
BRDA:173,45,1,0
BRDA:189,46,0,0
BRDA:189,46,1,0
BRDA:202,47,0,0
BRDA:202,47,1,0
BRDA:235,48,0,0
BRDA:235,48,1,0
BRDA:248,49,0,0
BRDA:248,49,1,0
BRDA:269,50,0,0
BRDA:269,50,1,0
BRDA:277,51,0,0
BRDA:277,51,1,0
BRDA:288,52,0,0
BRDA:288,52,1,0
BRDA:296,53,0,0
BRDA:296,53,1,0
BRDA:307,54,0,0
BRDA:307,54,1,0
BRDA:315,55,0,0
BRDA:315,55,1,0
BRDA:326,56,0,0
BRDA:326,56,1,0
BRDA:334,57,0,0
BRDA:334,57,1,0
BRDA:355,58,0,0
BRDA:355,58,1,0
BRDA:366,59,0,0
BRDA:366,59,1,0
BRF:122
BRH:54
end_of_record
TN:
SF:routes/videoHandler.ts
FN:18,(anonymous_0)
FN:19,(anonymous_1)
FN:50,(anonymous_2)
FN:51,(anonymous_3)
FN:52,(anonymous_4)
FN:57,(anonymous_5)
FN:73,favicon
FN:78,getSubsFromFile
FN:87,videoPath
FNF:9
FNH:0
FNDA:0,(anonymous_0)
FNDA:0,(anonymous_1)
FNDA:0,(anonymous_2)
FNDA:0,(anonymous_3)
FNDA:0,(anonymous_4)
FNDA:0,(anonymous_5)
FNDA:0,favicon
FNDA:0,getSubsFromFile
FNDA:0,videoPath
DA:10,0
DA:11,0
DA:12,0
DA:13,0
DA:14,0
DA:15,0
DA:16,0
DA:18,0
DA:19,0
DA:20,0
DA:21,0
DA:22,0
DA:23,0
DA:24,0
DA:25,0
DA:26,0
DA:27,0
DA:28,0
DA:29,0
DA:30,0
DA:37,0
DA:38,0
DA:40,0
DA:44,0
DA:45,0
DA:50,0
DA:51,0
DA:52,0
DA:53,0
DA:54,0
DA:55,0
DA:57,0
DA:59,0
DA:60,0
DA:61,0
DA:62,0
DA:63,0
DA:64,0
DA:65,0
DA:66,0
DA:67,0
DA:68,0
DA:69,0
DA:70,0
DA:74,0
DA:79,0
DA:80,0
DA:81,0
DA:83,0
DA:84,0
DA:88,0
DA:89,0
DA:90,0
DA:92,0
LF:54
LH:0
BRDA:24,0,0,0
BRDA:24,0,1,0
BRDA:27,1,0,0
BRDA:27,1,1,0
BRDA:53,2,0,0
BRDA:53,2,1,0
BRDA:80,3,0,0
BRDA:80,3,1,0
BRDA:88,4,0,0
BRDA:88,4,1,0
BRF:10
BRH:0
end_of_record
TN:
SF:routes/vulnCodeFixes.ts
FN:21,(anonymous_0)
FN:57,(anonymous_1)
FN:57,(anonymous_2)
FN:71,(anonymous_3)
FN:71,(anonymous_4)
FN:83,(anonymous_5)
FNF:6
FNH:0
FNDA:0,(anonymous_0)
FNDA:0,(anonymous_1)
FNDA:0,(anonymous_2)
FNDA:0,(anonymous_3)
FNDA:0,(anonymous_4)
FNDA:0,(anonymous_5)
DA:3,1
DA:4,1
DA:5,1
DA:6,1
DA:8,1
DA:19,1
DA:21,1
DA:22,0
DA:23,0
DA:25,0
DA:26,0
DA:27,0
DA:28,0
DA:29,0
DA:30,0
DA:31,0
DA:32,0
DA:33,0
DA:34,0
DA:35,0
DA:36,0
DA:41,0
DA:45,0
DA:57,1
DA:58,0
DA:59,0
DA:60,0
DA:61,0
DA:64,0
DA:66,0
DA:71,1
DA:72,0
DA:73,0
DA:74,0
DA:75,0
DA:76,0
DA:81,0
DA:82,0
DA:83,0
DA:84,0
DA:86,0
DA:87,0
DA:88,0
DA:93,0
DA:94,0
LF:45
LH:9
BRDA:22,0,0,0
BRDA:22,0,1,0
BRDA:29,1,0,0
BRDA:29,1,1,0
BRDA:34,2,0,0
BRDA:34,2,1,0
BRDA:60,3,0,0
BRDA:60,3,1,0
BRDA:75,4,0,0
BRDA:75,4,1,0
BRDA:81,5,0,0
BRDA:81,5,1,0
BRDA:83,6,0,0
BRDA:83,6,1,0
BRDA:83,7,0,0
BRDA:83,7,1,0
BRDA:84,8,0,0
BRDA:84,8,1,0
BRDA:84,9,0,0
BRDA:84,9,1,0
BRDA:84,10,0,0
BRDA:84,10,1,0
BRDA:86,11,0,0
BRDA:86,11,1,0
BRF:24
BRH:0
end_of_record
TN:
SF:routes/vulnCodeSnippet.ts
FN:28,(anonymous_1)
FN:33,(anonymous_2)
FN:54,(anonymous_3)
FN:62,(anonymous_4)
FN:70,(anonymous_5)
FN:86,(anonymous_6)
FN:99,(anonymous_7)
FN:145,(anonymous_8)
FN:145,(anonymous_9)
FN:156,(anonymous_10)
FN:160,(anonymous_11)
FN:160,(anonymous_12)
FN:165,(anonymous_13)
FN:165,(anonymous_14)
FN:170,(anonymous_15)
FN:173,(anonymous_16)
FN:175,(anonymous_17)
FN:179,(anonymous_18)
FN:179,(anonymous_19)
FNF:19
FNH:8
FNDA:66,(anonymous_1)
FNDA:614,(anonymous_2)
FNDA:0,(anonymous_3)
FNDA:0,(anonymous_4)
FNDA:0,(anonymous_5)
FNDA:0,(anonymous_6)
FNDA:0,(anonymous_7)
FNDA:0,(anonymous_8)
FNDA:0,(anonymous_9)
FNDA:1,(anonymous_10)
FNDA:15,(anonymous_11)
FNDA:29,(anonymous_12)
FNDA:0,(anonymous_13)
FNDA:0,(anonymous_14)
FNDA:16,(anonymous_15)
FNDA:22,(anonymous_16)
FNDA:25,(anonymous_17)
FNDA:0,(anonymous_18)
FNDA:0,(anonymous_19)
DA:7,1
DA:8,1
DA:9,1
DA:11,1
DA:12,1
DA:13,1
DA:14,1
DA:15,1
DA:17,1
DA:19,1
DA:21,1
DA:28,1
DA:29,66
DA:30,66
DA:31,619
DA:32,65
DA:33,614
DA:34,65
DA:36,554
DA:37,554
DA:38,554
DA:39,554
DA:40,54919
DA:41,15
DA:50,66
DA:55,0
DA:56,0
DA:57,0
DA:63,0
DA:64,0
DA:65,0
DA:71,0
DA:72,0
DA:73,0
DA:86,1
DA:87,0
DA:89,0
DA:91,0
DA:93,0
DA:95,0
DA:99,1
DA:100,0
DA:101,0
DA:102,0
DA:103,0
DA:104,0
DA:105,0
DA:106,0
DA:107,0
DA:108,0
DA:109,0
DA:110,0
DA:111,0
DA:112,0
DA:113,0
DA:114,0
DA:115,0
DA:117,0
DA:118,0
DA:119,0
DA:120,0
DA:121,0
DA:122,0
DA:123,0
DA:124,0
DA:125,0
DA:126,0
DA:129,0
DA:130,0
DA:131,0
DA:133,0
DA:136,0
DA:139,0
DA:141,0
DA:145,1
DA:147,0
DA:148,0
DA:149,0
DA:151,0
DA:152,0
DA:156,1
DA:157,1
DA:158,1
DA:159,1
DA:160,29
DA:162,1
DA:165,1
DA:166,0
DA:167,0
DA:170,1
DA:171,16
DA:172,16
DA:173,22
DA:174,10
DA:175,25
DA:176,10
DA:179,1
DA:180,0
DA:182,0
DA:183,0
DA:185,0
DA:186,0
DA:187,0
DA:189,0
DA:190,0
DA:191,0
DA:192,0
DA:194,0
DA:195,0
DA:196,0
DA:197,0
DA:198,0
DA:199,0
DA:201,0
DA:204,0
DA:205,0
DA:209,0
DA:210,0
DA:211,0
DA:215,0
DA:216,0
LF:121
LH:43
BRDA:31,0,0,65
BRDA:31,0,1,554
BRDA:40,1,0,15
BRDA:40,1,1,54904
BRDA:87,2,0,0
BRDA:87,2,1,0
BRDA:87,2,2,0
BRDA:87,2,3,0
BRDA:99,3,0,0
BRDA:101,4,0,0
BRDA:101,4,1,0
BRDA:102,5,0,0
BRDA:102,5,1,0
BRDA:103,6,0,0
BRDA:103,6,1,0
BRDA:106,7,0,0
BRDA:106,7,1,0
BRDA:109,8,0,0
BRDA:109,8,1,0
BRDA:118,9,0,0
BRDA:118,9,1,0
BRDA:119,10,0,0
BRDA:119,10,1,0
BRDA:123,11,0,0
BRDA:123,11,1,0
BRDA:125,12,0,0
BRDA:125,12,1,0
BRDA:157,13,0,1
BRDA:157,13,1,0
BRDA:171,14,0,0
BRDA:171,14,1,16
BRDA:172,15,0,3
BRDA:172,15,1,13
BRDA:173,16,0,3
BRDA:173,16,1,10
BRDA:194,17,0,0
BRDA:194,17,1,0
BRDA:196,18,0,0
BRDA:196,18,1,0
BRDA:196,19,0,0
BRDA:196,19,1,0
BRDA:196,20,0,0
BRDA:196,20,1,0
BRDA:197,21,0,0
BRDA:197,21,1,0
BRDA:198,22,0,0
BRDA:198,22,1,0
BRDA:205,23,0,0
BRDA:205,23,1,0
BRDA:209,24,0,0
BRDA:209,24,1,0
BRF:51
BRH:10
end_of_record
TN:
SF:routes/wallet.ts
FN:10,getWalletBalance
FN:11,(anonymous_1)
FN:21,addWalletBalance
FN:22,(anonymous_3)
FNF:4
FNH:0
FNDA:0,getWalletBalance
FNDA:0,(anonymous_1)
FNDA:0,addWalletBalance
FNDA:0,(anonymous_3)
DA:10,0
DA:11,0
DA:12,0
DA:13,0
DA:14,0
DA:16,0
DA:21,0
DA:22,0
DA:23,0
DA:24,0
DA:25,0
DA:26,0
DA:27,0
DA:28,0
DA:30,0
DA:33,0
LF:16
LH:0
BRDA:13,0,0,0
BRDA:13,0,1,0
BRDA:24,1,0,0
BRDA:24,1,1,0
BRDA:25,2,0,0
BRDA:25,2,1,0
BRDA:27,3,0,0
BRDA:27,3,1,0
BRF:8
BRH:0
end_of_record
